2023-11-10 09:59:10,536 [INFO] Activator:176 - 


2023-11-10 09:59:10,540 [INFO] Activator:177 - !SESSION log4j initialized
2023-11-10 09:59:17,694 [INFO] LogOutputStream:77 - [STDOUT_REDIRECT] 
2023-11-10 09:59:41,726 [ERROR] LogOutputStream:75 - [STDERR_REDIRECT] SLF4J: Failed to load class "org.slf4j.impl.StaticLoggerBinder".
2023-11-10 09:59:41,727 [ERROR] LogOutputStream:75 - [STDERR_REDIRECT] SLF4J: Defaulting to no-operation (NOP) logger implementation
2023-11-10 09:59:41,734 [ERROR] LogOutputStream:75 - [STDERR_REDIRECT] SLF4J: See http://www.slf4j.org/codes.html#StaticLoggerBinder for further details.
2023-11-10 10:04:10,263 [INFO] ApplicationProperties:184 - Using Application install path: C:\ST\STM32CubeIDE_1.12.1\STM32CubeIDE\plugins\com.st.stm32cube.common.mx_6.8.1.202304191431
2023-11-10 10:04:10,308 [INFO] DbMcusXml:78 - Set database path to: C:\ST\STM32CubeIDE_1.12.1\STM32CubeIDE\plugins\com.st.stm32cube.common.mx_6.8.1.202304191431\\db\/mcu/
2023-11-10 10:04:10,309 [INFO] ApiDb:274 - Set plugin database path to: C:\ST\STM32CubeIDE_1.12.1\STM32CubeIDE\plugins\com.st.stm32cube.common.mx_6.8.1.202304191431\\db\/plugins/boardmanager/
2023-11-10 10:04:10,313 [WARN] ApiDb:259 - Overriding images path with different value:  => C:\ST\STM32CubeIDE_1.12.1\STM32CubeIDE\plugins\com.st.stm32cube.common.mx_6.8.1.202304191431\\db\/plugins/mcufinder/images/
2023-11-10 10:04:10,357 [INFO] ApiDb:250 - Set database path to: C:\Users\Admin\.stmcufinder\plugins\mcufinder//mcu/
2023-11-10 10:04:10,360 [INFO] DbMcusAds:125 - Set database path to: C:\Users\Admin\.stmcufinder\plugins\mcufinder//mcu/
2023-11-10 10:04:10,533 [INFO] CrossReferenceDbSqlite:203 - Set database path to: C:\Users\Admin\.stmcufinder\plugins\mcufinder//mcu/cs/
2023-11-10 10:04:10,776 [INFO] RulesReader:64 - Compatibility file has been processed (293 Rules)
2023-11-10 10:04:10,925 [INFO] DbMcusXml:78 - Set database path to: C:\ST\STM32CubeIDE_1.12.1\STM32CubeIDE\plugins\com.st.stm32cube.common.mx_6.8.1.202304191431\\db\/mcu/
2023-11-10 10:04:10,926 [INFO] ApiDb:274 - Set plugin database path to: C:\ST\STM32CubeIDE_1.12.1\STM32CubeIDE\plugins\com.st.stm32cube.common.mx_6.8.1.202304191431\\db\/plugins/boardmanager/
2023-11-10 10:04:10,926 [INFO] ApiDb:261 - Set plugin images path to: C:\ST\STM32CubeIDE_1.12.1\STM32CubeIDE\plugins\com.st.stm32cube.common.mx_6.8.1.202304191431\\db\/plugins/mcufinder/images/
2023-11-10 10:04:10,926 [WARN] DbFile:41 - Overriding database path with different value: C:\Users\Admin\.stmcufinder\plugins\mcufinder/ => C:\Users\Admin\.stmcufinder\plugins\mcufinder
2023-11-10 10:04:10,927 [INFO] ApiDb:250 - Set database path to: C:\Users\Admin\.stmcufinder\plugins\mcufinder//mcu/
2023-11-10 10:04:10,927 [WARN] DbFile:41 - Overriding database path with different value: C:\Users\Admin\.stmcufinder\plugins\mcufinder/ => C:\Users\Admin\.stmcufinder\plugins\mcufinder
2023-11-10 10:04:10,927 [INFO] DbMcusAds:125 - Set database path to: C:\Users\Admin\.stmcufinder\plugins\mcufinder//mcu/
2023-11-10 10:04:10,927 [WARN] DbFile:41 - Overriding database path with different value: C:\Users\Admin\.stmcufinder\plugins\mcufinder/ => C:\Users\Admin\.stmcufinder\plugins\mcufinder
2023-11-10 10:04:10,927 [WARN] DbFile:41 - Overriding database path with different value: C:\Users\Admin\.stmcufinder\plugins\mcufinder/ => C:\Users\Admin\.stmcufinder\plugins\mcufinder
2023-11-10 10:04:10,927 [INFO] CrossReferenceDbSqlite:203 - Set database path to: C:\Users\Admin\.stmcufinder\plugins\mcufinder//mcu/cs/
2023-11-10 10:04:11,068 [INFO] MainPanel:253 - HeapMemory: 481296384
2023-11-10 10:04:11,225 [INFO] DbMcusXml:78 - Set database path to: C:\ST\STM32CubeIDE_1.12.1\STM32CubeIDE\plugins\com.st.stm32cube.common.mx_6.8.1.202304191431\\db\/mcu/
2023-11-10 10:04:11,225 [INFO] ApiDb:274 - Set plugin database path to: C:\ST\STM32CubeIDE_1.12.1\STM32CubeIDE\plugins\com.st.stm32cube.common.mx_6.8.1.202304191431\\db\/plugins/boardmanager/
2023-11-10 10:04:11,225 [INFO] ApiDb:261 - Set plugin images path to: C:\ST\STM32CubeIDE_1.12.1\STM32CubeIDE\plugins\com.st.stm32cube.common.mx_6.8.1.202304191431\\db\/plugins/mcufinder/images/
2023-11-10 10:04:11,227 [WARN] DbFile:41 - Overriding database path with different value: C:\Users\Admin\.stmcufinder\plugins\mcufinder/ => C:\Users\Admin\.stmcufinder\plugins\mcufinder
2023-11-10 10:04:11,227 [INFO] ApiDb:250 - Set database path to: C:\Users\Admin\.stmcufinder\plugins\mcufinder//mcu/
2023-11-10 10:04:11,227 [WARN] DbFile:41 - Overriding database path with different value: C:\Users\Admin\.stmcufinder\plugins\mcufinder/ => C:\Users\Admin\.stmcufinder\plugins\mcufinder
2023-11-10 10:04:11,228 [INFO] DbMcusAds:125 - Set database path to: C:\Users\Admin\.stmcufinder\plugins\mcufinder//mcu/
2023-11-10 10:04:11,228 [WARN] DbFile:41 - Overriding database path with different value: C:\Users\Admin\.stmcufinder\plugins\mcufinder/ => C:\Users\Admin\.stmcufinder\plugins\mcufinder
2023-11-10 10:04:11,228 [WARN] DbFile:41 - Overriding database path with different value: C:\Users\Admin\.stmcufinder\plugins\mcufinder/ => C:\Users\Admin\.stmcufinder\plugins\mcufinder
2023-11-10 10:04:11,228 [INFO] CrossReferenceDbSqlite:203 - Set database path to: C:\Users\Admin\.stmcufinder\plugins\mcufinder//mcu/cs/
2023-11-10 10:04:11,262 [INFO] ApplicationProperties:184 - Using Application install path: C:\ST\STM32CubeIDE_1.12.1\STM32CubeIDE\plugins\com.st.stm32cube.common.mx_6.8.1.202304191431
2023-11-10 10:04:11,266 [INFO] PluginManage:196 - Search for loadable plugins [exclusion list=, ]
2023-11-10 10:04:11,269 [INFO] PluginManage:310 - Check plugin analytics
2023-11-10 10:04:11,765 [INFO] AnalyticsPlugin:253 - Accepted Software Licenses: STM32CubeMX.6.8.1
2023-11-10 10:04:11,765 [INFO] AnalyticsPlugin:255 - Accepted CMSIS Pack Licenses: 
2023-11-10 10:04:11,766 [INFO] AnalyticsPlugin:257 - Accepted Firmware Licenses: FW.F4.1.27.0
2023-11-10 10:04:11,815 [INFO] PluginManage:359 - Loaded plugin analytics (category:tool,tabindex:-1)
2023-11-10 10:04:11,815 [INFO] PluginManage:310 - Check plugin cadmodel
2023-11-10 10:04:11,828 [INFO] CADModel:105 - Init CAD model plugin
2023-11-10 10:04:11,828 [INFO] PluginManage:359 - Loaded plugin cadmodel (category:power,tabindex:5)
2023-11-10 10:04:11,828 [INFO] PluginManage:310 - Check plugin clock
2023-11-10 10:04:11,843 [INFO] PluginManage:359 - Loaded plugin clock (category:base,tabindex:2)
2023-11-10 10:04:11,844 [INFO] PluginManage:310 - Check plugin ddr
2023-11-10 10:04:11,848 [INFO] PluginManage:359 - Loaded plugin ddr (category:tool,tabindex:6)
2023-11-10 10:04:11,848 [INFO] PluginManage:310 - Check plugin filemanager
2023-11-10 10:04:12,032 [INFO] PluginManage:359 - Loaded plugin filemanager (category:base,tabindex:10)
2023-11-10 10:04:12,032 [INFO] PluginManage:310 - Check plugin ipmanager
2023-11-10 10:04:12,043 [INFO] PluginManage:359 - Loaded plugin ipmanager (category:base,tabindex:5)
2023-11-10 10:04:12,043 [INFO] PluginManage:310 - Check plugin lpbam
2023-11-10 10:04:12,061 [INFO] PluginManage:359 - Loaded plugin lpbam (category:base,tabindex:0)
2023-11-10 10:04:12,061 [INFO] PluginManage:310 - Check plugin pinoutandconfiguration
2023-11-10 10:04:12,078 [INFO] PluginManage:359 - Loaded plugin pinoutandconfiguration (category:base,tabindex:1)
2023-11-10 10:04:12,078 [INFO] PluginManage:310 - Check plugin pinoutconfig
2023-11-10 10:04:12,195 [WARN] SupportedApi:132 - Cannot load RTOS API schema: s4s-elt-must-match.1: The content of 'definitions' must match (annotation?, (simpleType | complexType)?, (unique | key | keyref)*)). A problem was found starting at: attribute.
2023-11-10 10:04:12,422 [INFO] PluginManage:359 - Loaded plugin pinoutconfig (category:base,tabindex:0)
2023-11-10 10:04:12,423 [INFO] PluginManage:310 - Check plugin power
2023-11-10 10:04:12,439 [INFO] PluginManage:359 - Loaded plugin power (category:power,tabindex:4)
2023-11-10 10:04:12,439 [INFO] PluginManage:310 - Check plugin projectmanager
2023-11-10 10:04:12,462 [INFO] PluginManage:359 - Loaded plugin projectmanager (category:projectmanager,tabindex:3)
2023-11-10 10:04:12,462 [INFO] PluginManage:310 - Check plugin thirdparty
2023-11-10 10:04:12,666 [INFO] PluginManage:359 - Loaded plugin thirdparty (category:base,tabindex:-1)
2023-11-10 10:04:12,667 [INFO] PluginManage:310 - Check plugin tools
2023-11-10 10:04:12,667 [WARN] IntegrityCheckThread:84 - waiting for thirdparty lock release [integrity check]
2023-11-10 10:04:12,668 [INFO] IntegrityCheckThread:86 - entering critical section [integrity check]
2023-11-10 10:04:12,673 [INFO] ThirdPartyUpdaterWithRetryManager:70 - Updater plugin not ready yet. [1/15]
2023-11-10 10:04:12,675 [INFO] PluginManage:359 - Loaded plugin tools (category:base,tabindex:7)
2023-11-10 10:04:12,675 [INFO] PluginManage:310 - Check plugin tutovideos
2023-11-10 10:04:12,972 [INFO] PluginManage:359 - Loaded plugin tutovideos (category:base,tabindex:-1)
2023-11-10 10:04:12,972 [INFO] PluginManage:310 - Check plugin updater
2023-11-10 10:04:12,995 [INFO] PluginManage:359 - Loaded plugin updater (category:base,tabindex:12)
2023-11-10 10:04:12,996 [INFO] PluginManage:283 - PluginManage : Loaded plugins [15]
2023-11-10 10:04:13,512 [INFO] PinOutPanel:1499 - setPackage(No Configuration,No Configuration)
2023-11-10 10:04:13,710 [INFO] CADModel:165 - CPN selected for project level
2023-11-10 10:04:13,710 [INFO] CADModel:114 - Register for checkConnection events
2023-11-10 10:04:13,767 [INFO] IPUIPlugin:80 - create IPUIPlugin
2023-11-10 10:04:13,767 [INFO] PluginManager:220 - loadIPPluginJar : add adc
2023-11-10 10:04:13,773 [INFO] IPUIPlugin:80 - create IPUIPlugin
2023-11-10 10:04:13,773 [INFO] PluginManager:220 - loadIPPluginJar : add aes
2023-11-10 10:04:13,779 [INFO] IPUIPlugin:80 - create IPUIPlugin
2023-11-10 10:04:13,779 [INFO] PluginManager:220 - loadIPPluginJar : add can
2023-11-10 10:04:13,783 [INFO] IPUIPlugin:80 - create IPUIPlugin
2023-11-10 10:04:13,783 [INFO] PluginManager:220 - loadIPPluginJar : add comp
2023-11-10 10:04:13,788 [INFO] IPUIPlugin:80 - create IPUIPlugin
2023-11-10 10:04:13,789 [INFO] PluginManager:220 - loadIPPluginJar : add cryp
2023-11-10 10:04:13,794 [INFO] IPUIPlugin:80 - create IPUIPlugin
2023-11-10 10:04:13,794 [INFO] PluginManager:220 - loadIPPluginJar : add dfsdm
2023-11-10 10:04:13,806 [INFO] IPUIPlugin:80 - create IPUIPlugin
2023-11-10 10:04:13,807 [INFO] PluginManager:220 - loadIPPluginJar : add dma
2023-11-10 10:04:13,812 [INFO] IPUIPlugin:80 - create IPUIPlugin
2023-11-10 10:04:13,813 [INFO] PluginManager:220 - loadIPPluginJar : add dma3
2023-11-10 10:04:13,816 [INFO] IPUIPlugin:80 - create IPUIPlugin
2023-11-10 10:04:13,817 [INFO] PluginManager:220 - loadIPPluginJar : add fatfs
2023-11-10 10:04:13,826 [INFO] IPUIPlugin:80 - create IPUIPlugin
2023-11-10 10:04:13,826 [INFO] PluginManager:220 - loadIPPluginJar : add fmc
2023-11-10 10:04:13,837 [INFO] IPUIPlugin:80 - create IPUIPlugin
2023-11-10 10:04:13,838 [INFO] PluginManager:220 - loadIPPluginJar : add freertos
2023-11-10 10:04:13,841 [INFO] IPUIPlugin:80 - create IPUIPlugin
2023-11-10 10:04:13,841 [INFO] PluginManager:220 - loadIPPluginJar : add genericplugin
2023-11-10 10:04:13,846 [INFO] IPUIPlugin:80 - create IPUIPlugin
2023-11-10 10:04:13,846 [INFO] PluginManager:220 - loadIPPluginJar : add gfxmmu
2023-11-10 10:04:13,856 [INFO] IPUIPlugin:80 - create IPUIPlugin
2023-11-10 10:04:13,856 [INFO] PluginManager:220 - loadIPPluginJar : add gic
2023-11-10 10:04:13,864 [INFO] IPUIPlugin:80 - create IPUIPlugin
2023-11-10 10:04:13,868 [INFO] PluginManager:220 - loadIPPluginJar : add gpio
2023-11-10 10:04:13,874 [INFO] IPUIPlugin:80 - create IPUIPlugin
2023-11-10 10:04:13,874 [INFO] PluginManager:220 - loadIPPluginJar : add gtzc
2023-11-10 10:04:13,905 [INFO] IPUIPlugin:80 - create IPUIPlugin
2023-11-10 10:04:13,905 [INFO] PluginManager:220 - loadIPPluginJar : add hash
2023-11-10 10:04:13,958 [INFO] IPUIPlugin:80 - create IPUIPlugin
2023-11-10 10:04:13,958 [INFO] PluginManager:220 - loadIPPluginJar : add i2c
2023-11-10 10:04:13,964 [INFO] IPUIPlugin:80 - create IPUIPlugin
2023-11-10 10:04:13,965 [INFO] PluginManager:220 - loadIPPluginJar : add i2s
2023-11-10 10:04:13,971 [INFO] IPUIPlugin:80 - create IPUIPlugin
2023-11-10 10:04:13,972 [INFO] PluginManager:220 - loadIPPluginJar : add i3c
2023-11-10 10:04:13,979 [INFO] IPUIPlugin:80 - create IPUIPlugin
2023-11-10 10:04:13,979 [INFO] PluginManager:220 - loadIPPluginJar : add ipddr
2023-11-10 10:04:13,994 [INFO] IPUIPlugin:80 - create IPUIPlugin
2023-11-10 10:04:13,994 [INFO] PluginManager:220 - loadIPPluginJar : add linkedlist
2023-11-10 10:04:14,000 [INFO] IPUIPlugin:80 - create IPUIPlugin
2023-11-10 10:04:14,000 [INFO] PluginManager:220 - loadIPPluginJar : add lorawan
2023-11-10 10:04:14,005 [INFO] IPUIPlugin:80 - create IPUIPlugin
2023-11-10 10:04:14,006 [INFO] PluginManager:220 - loadIPPluginJar : add ltdc
2023-11-10 10:04:14,018 [INFO] IPUIPlugin:80 - create IPUIPlugin
2023-11-10 10:04:14,019 [INFO] PluginManager:220 - loadIPPluginJar : add mdma
2023-11-10 10:04:14,030 [INFO] IPUIPlugin:80 - create IPUIPlugin
2023-11-10 10:04:14,032 [INFO] PluginManager:220 - loadIPPluginJar : add nvic
2023-11-10 10:04:14,040 [INFO] IPUIPlugin:80 - create IPUIPlugin
2023-11-10 10:04:14,040 [INFO] PluginManager:220 - loadIPPluginJar : add opamp
2023-11-10 10:04:14,046 [INFO] IPUIPlugin:80 - create IPUIPlugin
2023-11-10 10:04:14,047 [INFO] PluginManager:220 - loadIPPluginJar : add openamp
2023-11-10 10:04:14,053 [INFO] IPUIPlugin:80 - create IPUIPlugin
2023-11-10 10:04:14,053 [INFO] PluginManager:220 - loadIPPluginJar : add pdm2pcm
2023-11-10 10:04:14,083 [INFO] IPUIPlugin:80 - create IPUIPlugin
2023-11-10 10:04:14,089 [INFO] PluginManager:220 - loadIPPluginJar : add plateformsettings
2023-11-10 10:04:14,093 [INFO] IPUIPlugin:80 - create IPUIPlugin
2023-11-10 10:04:14,093 [INFO] PluginManager:220 - loadIPPluginJar : add quadspi
2023-11-10 10:04:14,102 [INFO] IPUIPlugin:80 - create IPUIPlugin
2023-11-10 10:04:14,102 [INFO] PluginManager:220 - loadIPPluginJar : add resmgrutility
2023-11-10 10:04:14,109 [INFO] IPUIPlugin:80 - create IPUIPlugin
2023-11-10 10:04:14,109 [INFO] PluginManager:220 - loadIPPluginJar : add sai
2023-11-10 10:04:14,115 [INFO] IPUIPlugin:80 - create IPUIPlugin
2023-11-10 10:04:14,115 [INFO] PluginManager:220 - loadIPPluginJar : add spi
2023-11-10 10:04:14,125 [INFO] IPUIPlugin:80 - create IPUIPlugin
2023-11-10 10:04:14,126 [INFO] PluginManager:220 - loadIPPluginJar : add stm32_wpan
2023-11-10 10:04:14,131 [INFO] IPUIPlugin:80 - create IPUIPlugin
2023-11-10 10:04:14,131 [INFO] PluginManager:220 - loadIPPluginJar : add tim
2023-11-10 10:04:14,138 [INFO] IPUIPlugin:80 - create IPUIPlugin
2023-11-10 10:04:14,138 [INFO] PluginManager:220 - loadIPPluginJar : add touchsensing
2023-11-10 10:04:14,142 [INFO] IPUIPlugin:80 - create IPUIPlugin
2023-11-10 10:04:14,142 [INFO] PluginManager:220 - loadIPPluginJar : add tracer_emb
2023-11-10 10:04:14,146 [INFO] IPUIPlugin:80 - create IPUIPlugin
2023-11-10 10:04:14,146 [INFO] PluginManager:220 - loadIPPluginJar : add ts
2023-11-10 10:04:14,150 [INFO] IPUIPlugin:80 - create IPUIPlugin
2023-11-10 10:04:14,150 [INFO] PluginManager:220 - loadIPPluginJar : add tsc
2023-11-10 10:04:14,154 [INFO] IPUIPlugin:80 - create IPUIPlugin
2023-11-10 10:04:14,154 [INFO] PluginManager:220 - loadIPPluginJar : add ucpd
2023-11-10 10:04:14,159 [INFO] IPUIPlugin:80 - create IPUIPlugin
2023-11-10 10:04:14,159 [INFO] PluginManager:220 - loadIPPluginJar : add usart
2023-11-10 10:04:14,165 [INFO] IPUIPlugin:80 - create IPUIPlugin
2023-11-10 10:04:14,166 [INFO] PluginManager:220 - loadIPPluginJar : add usbx
2023-11-10 10:04:14,484 [INFO] CADModel:165 - CPN selected for project level
2023-11-10 10:04:14,485 [INFO] CADModel:114 - Register for checkConnection events
2023-11-10 10:04:14,487 [FATAL] Updater:308 - Updater called before beeing initialized
2023-11-10 10:04:14,487 [ERROR] CADModel:125 - Updater not yet initialized, retry later 
2023-11-10 10:04:14,848 [INFO] CADModel:165 - CPN selected for project level
2023-11-10 10:04:14,848 [INFO] CADModel:114 - Register for checkConnection events
2023-11-10 10:04:14,848 [FATAL] Updater:308 - Updater called before beeing initialized
2023-11-10 10:04:14,849 [ERROR] CADModel:125 - Updater not yet initialized, retry later 
2023-11-10 10:04:14,887 [FATAL] Updater:308 - Updater called before beeing initialized
2023-11-10 10:04:15,295 [FATAL] Updater:308 - Updater called before beeing initialized
2023-11-10 10:04:15,318 [INFO] DbMcusAds:53 - JSON generation date=Tue Mar 07 15:50:55 ICT 2023 (1678179055335)
2023-11-10 10:04:15,319 [FATAL] Updater:308 - Updater called before beeing initialized
2023-11-10 10:04:15,479 [WARN] DetailPanel:346 - Failed to get advertising image, set to default
2023-11-10 10:04:15,693 [INFO] ThirdPartyUpdaterWithRetryManager:70 - Updater plugin not ready yet. [2/15]
2023-11-10 10:04:15,776 [FATAL] Updater:308 - Updater called before beeing initialized
2023-11-10 10:04:15,783 [FATAL] Updater:308 - Updater called before beeing initialized
2023-11-10 10:04:15,783 [FATAL] Updater:308 - Updater called before beeing initialized
2023-11-10 10:04:15,783 [WARN] DetailPanel:346 - Failed to get advertising image, set to default
2023-11-10 10:04:15,785 [FATAL] Updater:308 - Updater called before beeing initialized
2023-11-10 10:04:15,940 [ERROR] Updater:1120 - MainUpdater not yet initialized. External WinMGr cannot be set.
2023-11-10 10:04:15,947 [INFO] Updater:1056 - Updater Version found : 6.8.1
2023-11-10 10:04:16,063 [INFO] ApplicationProperties:184 - Using Application install path: C:\ST\STM32CubeIDE_1.12.1\STM32CubeIDE\plugins\com.st.stm32cube.common.mx_6.8.1.202304191431
2023-11-10 10:04:18,694 [FATAL] Updater:308 - Updater called before beeing initialized
2023-11-10 10:04:18,695 [ERROR] IntegrityCheckThread:130 - Cannot retrieve database content from updater: error 21
2023-11-10 10:04:18,695 [INFO] ThirdParty:978 - Integrity check success = false
2023-11-10 10:04:18,695 [INFO] IntegrityCheckThread:100 - exiting critical section [integrity check]
2023-11-10 10:04:18,695 [INFO] IntegrityCheckThread:103 - End integrity checks thread
2023-11-10 10:04:19,349 [WARN] ServerAccessManage:1168 - Warning during Server Connection :  timeout connect timed out
2023-11-10 10:04:19,686 [INFO] MainUpdater:2854 - connection check result : 10
2023-11-10 10:04:19,687 [INFO] MainUpdater:283 - Updater Check For Update Now.
2023-11-10 10:04:19,688 [INFO] MicroXplorer:498 - Change Database Version : DB.6.0.81
2023-11-10 10:04:20,421 [INFO] CheckServerUpdateThread:120 - End of CheckServer Thread
2023-11-10 10:04:20,424 [INFO] MainUpdater:2854 - connection check result : 10
2023-11-10 10:04:20,468 [INFO] McuFinderGlobals:66 - Set McuFinderConnectedMode to true
2023-11-10 10:04:21,694 [INFO] ServerAccessManage:473 - Download File mcusAds.json._tmp_
2023-11-10 10:04:21,827 [INFO] LoadUrlFilesThread:156 - End of LoadUrlFiles Thread
2023-11-10 10:04:22,246 [INFO] ServerAccessManage:473 - Download File cube-finder-db.zip
2023-11-10 10:04:57,084 [INFO] FileExtend:240 - Unzip File : cube-finder-db.zip
2023-11-10 10:04:57,085 [INFO] FileExtend:255 - Standard Zip Deflate
2023-11-10 10:04:57,994 [INFO] LoadUrlFilesThread:156 - End of LoadUrlFiles Thread
2023-11-10 10:05:01,345 [INFO] ServerAccessManage:473 - Download File crdb.zip
2023-11-10 10:05:26,464 [INFO] FileExtend:240 - Unzip File : crdb.zip
2023-11-10 10:05:26,464 [INFO] FileExtend:255 - Standard Zip Deflate
2023-11-10 10:05:26,634 [INFO] LoadUrlFilesThread:156 - End of LoadUrlFiles Thread
2023-11-10 10:05:27,214 [INFO] ServerAccessManage:473 - Download File tutoVideoDB.zip
2023-11-10 10:05:27,315 [INFO] FileExtend:240 - Unzip File : tutoVideoDB.zip
2023-11-10 10:05:27,315 [INFO] FileExtend:255 - Standard Zip Deflate
2023-11-10 10:05:27,444 [INFO] LoadUrlFilesThread:156 - End of LoadUrlFiles Thread
2023-11-10 10:05:27,457 [WARN] DbFile:41 - Overriding database path with different value: C:\Users\Admin\.stmcufinder\plugins\mcufinder/ => C:\Users\Admin\.stmcufinder\plugins\mcufinder
2023-11-10 10:05:27,631 [INFO] ServerAccessManage:473 - Download File api_config.json
2023-11-10 10:05:27,763 [INFO] LoadUrlFilesThread:156 - End of LoadUrlFiles Thread
2023-11-10 10:05:27,765 [INFO] DbMcusAds:53 - JSON generation date=Tue Mar 07 15:50:55 ICT 2023 (1678179055335)
2023-11-10 10:05:27,826 [INFO] LoadUrlFilesThread:185 - End of LoadServerUrlFiles without Thread
2023-11-10 10:05:27,826 [INFO] TargetSelectorAdapter:259 - Refresh data is successful
2023-11-10 10:05:28,149 [INFO] ApiDb:581 - Connected to CubeFinder SQLite database (C:\Users\Admin\.stmcufinder\plugins\mcufinder\mcu\cube-finder-db.db)
2023-11-10 10:05:28,233 [INFO] ApiDb:668 - CubeFinder database Data Model version=2.1
2023-11-10 10:05:28,233 [INFO] ApiDb:669 - CubeFinder database Configuration version=3.0.37
2023-11-10 10:05:28,233 [INFO] ApiDb:670 - CubeFinder database generation date=2023-10-13 (1697197505)
2023-11-10 10:05:28,233 [INFO] ApiDb:671 - CubeFinder database FW Pack versions=[FP-ATR-ASTRA1_V2.0.0, FP-SNS-FLIGHT1_V5.0.1, FP-SNS-FLIGHT1_V5.0.2, FP-SNS-MOTENV1_V4.3.1, FP-SNS-MOTENV1_V4.3.2, FP-SNS-SMARTAG2_V1.2.0, I-CUBE-ITTIADB_V8.6.3-1, STM32Cube_FW_C0_V1.1.0, STM32Cube_FW_F4_V1.27.1, STM32Cube_FW_F7_V1.17.0, STM32Cube_FW_G0_V1.6.1, STM32Cube_FW_G4_V1.5.1, STM32Cube_FW_H5_V0.5.1, STM32Cube_FW_H5_V1.1.1, STM32Cube_FW_H7_V1.11.0, STM32Cube_FW_L0_V1.12.2, STM32Cube_FW_L5_V1.5.0, STM32Cube_FW_U5_V1.3.0, STM32Cube_FW_U5_V1.3.0RC4, STM32Cube_FW_WBA_V1.0.0RC1, STM32Cube_FW_WBA_V1.1.0RC1, STM32Cube_FW_WBA_V1.1.1, STM32Cube_FW_WB_V1.15.0RC1, STM32Cube_FW_WB_V1.16.0, STM32Cube_FW_WB_V1.16.0RC2, STM32Cube_FW_WB_V1.17.3, STM32Cube_FW_WL_V1.3.0, X-CUBE-ALGOBUILD_V1.3.0, X-CUBE-ALS_V1.0.1, X-CUBE-AZRTOS-F4_V1.1.0, X-CUBE-AZRTOS-F7_V1.1.0, X-CUBE-AZRTOS-G0_V1.1.0, X-CUBE-AZRTOS-G4_V2.0.0, X-CUBE-AZRTOS-H7_V3.1.0, X-CUBE-AZRTOS-L4_V1.0.0, X-CUBE-AZRTOS-L4_V2.0.0, X-CUBE-AZRTOS-L5_V1.1.0, X-CUBE-AZRTOS-WB_V2.0.0, X-CUBE-AZRTOS-WL_V2.0.0, X-CUBE-BLE1_V7.0.0, X-CUBE-BLE2_V3.3.0, X-CUBE-BLEMGR_V2.0.0, X-CUBE-EEPRMA1_V4.1.0, X-CUBE-FREERTOS_V1.1.0, X-CUBE-GNSS1_V6.0.0, X-CUBE-MEMS1_V10.0.0, X-CUBE-MEMS1_V9.1.0, X-CUBE-MEMS1_V9.4.0, X-CUBE-MEMS1_V9.6.0, X-CUBE-NFC4_V3.0.0, X-CUBE-NFC7_V1.0.1, X-CUBE-SFXS2LP1_V4.0.0, X-CUBE-SUBG2_V5.0.0, X-CUBE-TOF1_V3.3.1]
2023-11-10 10:05:30,651 [INFO] ApiDb:240 - Found 297 in-development CPN: [B-G473E-ZEST1S, B-WB1M-WPAN1, B-WL5M-SUBG1, NUCLEO-C031C6, NUCLEO-H503RB, NUCLEO-H563ZI, NUCLEO-U545RE-Q, NUCLEO-U5A5ZJ-Q, NUCLEO-WBA52CG, STEVAL-PROTEUS1, STEVAL-STWINBX1, STM320518-EVAL, STM32C0116-DK, STM32C011D6Y3TR, STM32C011D6Y6TR, STM32C011F4P3, STM32C011F4P6, STM32C011F4U3, STM32C011F4U6TR, STM32C011F6P3, STM32C011F6P6, STM32C011F6U3, STM32C011F6U6TR, STM32C011J4M3, STM32C011J4M6, STM32C011J6M3, STM32C011J6M6, STM32C0316-DK, STM32C031C4T3, STM32C031C4T6, STM32C031C4U3, STM32C031C4U6, STM32C031C6T3, STM32C031C6T6, STM32C031C6U3, STM32C031C6U6, STM32C031F4P3, STM32C031F4P6, STM32C031F6P3, STM32C031F6P6, STM32C031G4U3, STM32C031G4U6, STM32C031G6U3, STM32C031G6U6, STM32C031K4T3, STM32C031K4T6, STM32C031K4U3, STM32C031K4U6, STM32C031K6T3, STM32C031K6T6, STM32C031K6U3, STM32C031K6U6, STM32G071K8TXN, STM32G071K8UXN, STM32G081GBU6N, STM32G081KBT6N, STM32G081KBUXN, STM32G0B1CCT6N, STM32G0B1KCT6, STM32G0B1NEY6TR, STM32G0B1RCT6N, STM32G0C1CCT6, STM32G0C1CCT6N, STM32G0C1CCU6N, STM32G0C1CET6N, STM32G0C1CEU6N, STM32G0C1KCT6, STM32G0C1NEY6TR, STM32G0C1RCI6N, STM32G0C1RCT6N, STM32G0C1REI6N, STM32G0C1RET6N, STM32G0C1VCI6, STM32G0C1VEI6, STM32G471CCT6, STM32G471CCU6, STM32G471CET3, STM32G471CET6, STM32G471CEU3, STM32G471CEU6, STM32G471MCT6, STM32G471MET3, STM32G471MET6, STM32G471MEY6TR, STM32G471QCT6, STM32G471QET3, STM32G471RCT6, STM32G471RET3, STM32G471RET6, STM32G471VCH6, STM32G471VCI6, STM32G471VCT6, STM32G471VEH3, STM32G471VEH6, STM32G471VEI3, STM32G471VEI6, STM32G471VET3, STM32G471VET6, STM32G474CCT6, STM32H503CBT6, STM32H503CBU6, STM32H503EBY6TR, STM32H503KBU6, STM32H503RBT6, STM32H562AGI6, STM32H562AII6, STM32H562IGK6, STM32H562IGT6, STM32H562IIK6, STM32H562IIT6, STM32H562RGT6, STM32H562RGV6, STM32H562RIT6, STM32H562RIV6, STM32H562VGT6, STM32H562VIT6, STM32H562ZGT6, STM32H562ZIT6, STM32H563AGI6, STM32H563AII3Q, STM32H563AII6, STM32H563IGK6, STM32H563IGT6, STM32H563IIK3Q, STM32H563IIK6, STM32H563IIT3Q, STM32H563IIT6, STM32H563MIY3QTR, STM32H563RGT6, STM32H563RGV6, STM32H563RIT6, STM32H563RIV6, STM32H563VGT6, STM32H563VIT3Q, STM32H563VIT6, STM32H563ZGT6, STM32H563ZIT3Q, STM32H563ZIT6, STM32H573AII3Q, STM32H573AII6, STM32H573I-DK, STM32H573IIK3Q, STM32H573IIK6, STM32H573IIT3Q, STM32H573IIT6, STM32H573MIY3QTR, STM32H573RIT6, STM32H573RIV6, STM32H573VIT3Q, STM32H573VIT6, STM32H573ZIT3Q, STM32H573ZIT6, STM32L4R5QGI6STR, STM32MP131AAE3, STM32MP131AAF3, STM32MP131AAG3, STM32MP131CAE3, STM32MP131CAF3, STM32MP131CAG3, STM32MP131DAE7, STM32MP131DAF7, STM32MP131DAG7, STM32MP131FAE7, STM32MP131FAF7, STM32MP131FAG7, STM32MP133AAE3, STM32MP133AAF3, STM32MP133AAG3, STM32MP133CAE3, STM32MP133CAF3, STM32MP133CAG3, STM32MP133DAE7, STM32MP133DAF7, STM32MP133DAG7, STM32MP133FAE7, STM32MP133FAF7, STM32MP133FAG7, STM32MP135AAE3, STM32MP135AAF3, STM32MP135AAG3, STM32MP135CAE3, STM32MP135CAF3, STM32MP135CAG3, STM32MP135DAE7, STM32MP135DAF7, STM32MP135DAG7, STM32MP135F-DK, STM32MP135FAE7, STM32MP135FAF7, STM32MP135FAF7T, STM32MP135FAF7U, STM32MP135FAG7, STM32U535CBT6, STM32U535CBT6Q, STM32U535CBU6, STM32U535CBU6Q, STM32U535CCT6, STM32U535CCT6Q, STM32U535CCU6, STM32U535CCU6Q, STM32U535CET6, STM32U535CET6Q, STM32U535CEU6, STM32U535CEU6Q, STM32U535JEY6QTR, STM32U535NCY6QTR, STM32U535NEY6QTR, STM32U535RBI6, STM32U535RBI6Q, STM32U535RBT6, STM32U535RBT6Q, STM32U535RCI6, STM32U535RCI6Q, STM32U535RCT6, STM32U535RCT6Q, STM32U535REI6, STM32U535REI6Q, STM32U535RET6, STM32U535RET6Q, STM32U535VCI6, STM32U535VCI6Q, STM32U535VCT6, STM32U535VCT6Q, STM32U535VEI6, STM32U535VEI6Q, STM32U535VET6, STM32U535VET6Q, STM32U545CET6, STM32U545CET6Q, STM32U545CEU6, STM32U545CEU6Q, STM32U545JEY6QTR, STM32U545NEY6QTR, STM32U545REI6, STM32U545REI6Q, STM32U545RET6, STM32U545RET6Q, STM32U545VEI6, STM32U545VEI6Q, STM32U545VET6, STM32U545VET6Q, STM32U595AIH6, STM32U595AIH6Q, STM32U595AJH6, STM32U595AJH6Q, STM32U595QII6, STM32U595QII6Q, STM32U595QJI6, STM32U595QJI6Q, STM32U595RIT6, STM32U595RIT6Q, STM32U595RJT6, STM32U595RJT6Q, STM32U595VIT6, STM32U595VIT6Q, STM32U595VJT6, STM32U595VJT6Q, STM32U595ZIT6, STM32U595ZIT6Q, STM32U595ZIY6QTR, STM32U595ZJT6, STM32U595ZJT6Q, STM32U595ZJY6QTR, STM32U599BJY6QTR, STM32U599NIH6Q, STM32U599NJH6Q, STM32U599VIT6Q, STM32U599VJT6, STM32U599VJT6Q, STM32U599ZIT6Q, STM32U599ZIY6QTR, STM32U599ZJT6Q, STM32U599ZJY6QTR, STM32U5A5AJH6, STM32U5A5AJH6Q, STM32U5A5QJI6, STM32U5A5QJI6Q, STM32U5A5RJT6, STM32U5A5RJT6Q, STM32U5A5VJT6, STM32U5A5VJT6Q, STM32U5A5ZJT6, STM32U5A5ZJT6Q, STM32U5A5ZJY6QTR, STM32U5A9BJY6QTR, STM32U5A9J-DK, STM32U5A9NJH6Q, STM32U5A9VJT6Q, STM32U5A9ZJT6Q, STM32U5A9ZJY6QTR, STM32WB1MMCH6, STM32WBA52CEU6, STM32WBA52CEU6T, STM32WBA52CGU6, STM32WBA52CGU6T, STM32WL5MOCH6, STM32WL5MOCH6TR]
2023-11-10 10:05:30,657 [INFO] DbMcus:216 - Found 3825 MCUs, 3825 are supported
2023-11-10 10:05:30,665 [INFO] ApiDb:423 - Load user favorites file C:\Users\Admin/.stm32cubeide/favorites.mcus.txt: 0 item(s)
2023-11-10 10:05:30,665 [INFO] ApiDb:427 - User favorites MCUs=[]
2023-11-10 10:05:30,666 [INFO] DbMcus:222 - Set 0 / 0 favorites MCUs
2023-11-10 10:05:30,967 [INFO] ApiDb:668 - CubeFinder database Data Model version=2.1
2023-11-10 10:05:30,967 [INFO] ApiDb:669 - CubeFinder database Configuration version=3.0.37
2023-11-10 10:05:30,968 [INFO] ApiDb:670 - CubeFinder database generation date=2023-10-13 (1697197505)
2023-11-10 10:05:30,968 [INFO] ApiDb:671 - CubeFinder database FW Pack versions=[FP-ATR-ASTRA1_V2.0.0, FP-SNS-FLIGHT1_V5.0.1, FP-SNS-FLIGHT1_V5.0.2, FP-SNS-MOTENV1_V4.3.1, FP-SNS-MOTENV1_V4.3.2, FP-SNS-SMARTAG2_V1.2.0, I-CUBE-ITTIADB_V8.6.3-1, STM32Cube_FW_C0_V1.1.0, STM32Cube_FW_F4_V1.27.1, STM32Cube_FW_F7_V1.17.0, STM32Cube_FW_G0_V1.6.1, STM32Cube_FW_G4_V1.5.1, STM32Cube_FW_H5_V0.5.1, STM32Cube_FW_H5_V1.1.1, STM32Cube_FW_H7_V1.11.0, STM32Cube_FW_L0_V1.12.2, STM32Cube_FW_L5_V1.5.0, STM32Cube_FW_U5_V1.3.0, STM32Cube_FW_U5_V1.3.0RC4, STM32Cube_FW_WBA_V1.0.0RC1, STM32Cube_FW_WBA_V1.1.0RC1, STM32Cube_FW_WBA_V1.1.1, STM32Cube_FW_WB_V1.15.0RC1, STM32Cube_FW_WB_V1.16.0, STM32Cube_FW_WB_V1.16.0RC2, STM32Cube_FW_WB_V1.17.3, STM32Cube_FW_WL_V1.3.0, X-CUBE-ALGOBUILD_V1.3.0, X-CUBE-ALS_V1.0.1, X-CUBE-AZRTOS-F4_V1.1.0, X-CUBE-AZRTOS-F7_V1.1.0, X-CUBE-AZRTOS-G0_V1.1.0, X-CUBE-AZRTOS-G4_V2.0.0, X-CUBE-AZRTOS-H7_V3.1.0, X-CUBE-AZRTOS-L4_V1.0.0, X-CUBE-AZRTOS-L4_V2.0.0, X-CUBE-AZRTOS-L5_V1.1.0, X-CUBE-AZRTOS-WB_V2.0.0, X-CUBE-AZRTOS-WL_V2.0.0, X-CUBE-BLE1_V7.0.0, X-CUBE-BLE2_V3.3.0, X-CUBE-BLEMGR_V2.0.0, X-CUBE-EEPRMA1_V4.1.0, X-CUBE-FREERTOS_V1.1.0, X-CUBE-GNSS1_V6.0.0, X-CUBE-MEMS1_V10.0.0, X-CUBE-MEMS1_V9.1.0, X-CUBE-MEMS1_V9.4.0, X-CUBE-MEMS1_V9.6.0, X-CUBE-NFC4_V3.0.0, X-CUBE-NFC7_V1.0.1, X-CUBE-SFXS2LP1_V4.0.0, X-CUBE-SUBG2_V5.0.0, X-CUBE-TOF1_V3.3.1]
2023-11-10 10:05:31,069 [INFO] DbBoardsSqlite:226 - include board P-NUCLEO-WB55-NUCLEO as a kit item of type 'Nucleo-64'
2023-11-10 10:05:31,070 [INFO] DbBoardsSqlite:226 - include board P-NUCLEO-WB55-USBDONGLE as a kit item of type 'Nucleo USB Dongle'
2023-11-10 10:05:31,070 [INFO] DbBoardsSqlite:226 - include board STEVAL-IDP005V1 as a kit item of type 'Evaluation Board'
2023-11-10 10:05:31,071 [INFO] DbBoardsSqlite:226 - include board STEVAL-IDP005V2 as a kit item of type 'Evaluation Board'
2023-11-10 10:05:31,151 [INFO] ApiDb:240 - Found 297 in-development CPN: [B-G473E-ZEST1S, B-WB1M-WPAN1, B-WL5M-SUBG1, NUCLEO-C031C6, NUCLEO-H503RB, NUCLEO-H563ZI, NUCLEO-U545RE-Q, NUCLEO-U5A5ZJ-Q, NUCLEO-WBA52CG, STEVAL-PROTEUS1, STEVAL-STWINBX1, STM320518-EVAL, STM32C0116-DK, STM32C011D6Y3TR, STM32C011D6Y6TR, STM32C011F4P3, STM32C011F4P6, STM32C011F4U3, STM32C011F4U6TR, STM32C011F6P3, STM32C011F6P6, STM32C011F6U3, STM32C011F6U6TR, STM32C011J4M3, STM32C011J4M6, STM32C011J6M3, STM32C011J6M6, STM32C0316-DK, STM32C031C4T3, STM32C031C4T6, STM32C031C4U3, STM32C031C4U6, STM32C031C6T3, STM32C031C6T6, STM32C031C6U3, STM32C031C6U6, STM32C031F4P3, STM32C031F4P6, STM32C031F6P3, STM32C031F6P6, STM32C031G4U3, STM32C031G4U6, STM32C031G6U3, STM32C031G6U6, STM32C031K4T3, STM32C031K4T6, STM32C031K4U3, STM32C031K4U6, STM32C031K6T3, STM32C031K6T6, STM32C031K6U3, STM32C031K6U6, STM32G071K8TXN, STM32G071K8UXN, STM32G081GBU6N, STM32G081KBT6N, STM32G081KBUXN, STM32G0B1CCT6N, STM32G0B1KCT6, STM32G0B1NEY6TR, STM32G0B1RCT6N, STM32G0C1CCT6, STM32G0C1CCT6N, STM32G0C1CCU6N, STM32G0C1CET6N, STM32G0C1CEU6N, STM32G0C1KCT6, STM32G0C1NEY6TR, STM32G0C1RCI6N, STM32G0C1RCT6N, STM32G0C1REI6N, STM32G0C1RET6N, STM32G0C1VCI6, STM32G0C1VEI6, STM32G471CCT6, STM32G471CCU6, STM32G471CET3, STM32G471CET6, STM32G471CEU3, STM32G471CEU6, STM32G471MCT6, STM32G471MET3, STM32G471MET6, STM32G471MEY6TR, STM32G471QCT6, STM32G471QET3, STM32G471RCT6, STM32G471RET3, STM32G471RET6, STM32G471VCH6, STM32G471VCI6, STM32G471VCT6, STM32G471VEH3, STM32G471VEH6, STM32G471VEI3, STM32G471VEI6, STM32G471VET3, STM32G471VET6, STM32G474CCT6, STM32H503CBT6, STM32H503CBU6, STM32H503EBY6TR, STM32H503KBU6, STM32H503RBT6, STM32H562AGI6, STM32H562AII6, STM32H562IGK6, STM32H562IGT6, STM32H562IIK6, STM32H562IIT6, STM32H562RGT6, STM32H562RGV6, STM32H562RIT6, STM32H562RIV6, STM32H562VGT6, STM32H562VIT6, STM32H562ZGT6, STM32H562ZIT6, STM32H563AGI6, STM32H563AII3Q, STM32H563AII6, STM32H563IGK6, STM32H563IGT6, STM32H563IIK3Q, STM32H563IIK6, STM32H563IIT3Q, STM32H563IIT6, STM32H563MIY3QTR, STM32H563RGT6, STM32H563RGV6, STM32H563RIT6, STM32H563RIV6, STM32H563VGT6, STM32H563VIT3Q, STM32H563VIT6, STM32H563ZGT6, STM32H563ZIT3Q, STM32H563ZIT6, STM32H573AII3Q, STM32H573AII6, STM32H573I-DK, STM32H573IIK3Q, STM32H573IIK6, STM32H573IIT3Q, STM32H573IIT6, STM32H573MIY3QTR, STM32H573RIT6, STM32H573RIV6, STM32H573VIT3Q, STM32H573VIT6, STM32H573ZIT3Q, STM32H573ZIT6, STM32L4R5QGI6STR, STM32MP131AAE3, STM32MP131AAF3, STM32MP131AAG3, STM32MP131CAE3, STM32MP131CAF3, STM32MP131CAG3, STM32MP131DAE7, STM32MP131DAF7, STM32MP131DAG7, STM32MP131FAE7, STM32MP131FAF7, STM32MP131FAG7, STM32MP133AAE3, STM32MP133AAF3, STM32MP133AAG3, STM32MP133CAE3, STM32MP133CAF3, STM32MP133CAG3, STM32MP133DAE7, STM32MP133DAF7, STM32MP133DAG7, STM32MP133FAE7, STM32MP133FAF7, STM32MP133FAG7, STM32MP135AAE3, STM32MP135AAF3, STM32MP135AAG3, STM32MP135CAE3, STM32MP135CAF3, STM32MP135CAG3, STM32MP135DAE7, STM32MP135DAF7, STM32MP135DAG7, STM32MP135F-DK, STM32MP135FAE7, STM32MP135FAF7, STM32MP135FAF7T, STM32MP135FAF7U, STM32MP135FAG7, STM32U535CBT6, STM32U535CBT6Q, STM32U535CBU6, STM32U535CBU6Q, STM32U535CCT6, STM32U535CCT6Q, STM32U535CCU6, STM32U535CCU6Q, STM32U535CET6, STM32U535CET6Q, STM32U535CEU6, STM32U535CEU6Q, STM32U535JEY6QTR, STM32U535NCY6QTR, STM32U535NEY6QTR, STM32U535RBI6, STM32U535RBI6Q, STM32U535RBT6, STM32U535RBT6Q, STM32U535RCI6, STM32U535RCI6Q, STM32U535RCT6, STM32U535RCT6Q, STM32U535REI6, STM32U535REI6Q, STM32U535RET6, STM32U535RET6Q, STM32U535VCI6, STM32U535VCI6Q, STM32U535VCT6, STM32U535VCT6Q, STM32U535VEI6, STM32U535VEI6Q, STM32U535VET6, STM32U535VET6Q, STM32U545CET6, STM32U545CET6Q, STM32U545CEU6, STM32U545CEU6Q, STM32U545JEY6QTR, STM32U545NEY6QTR, STM32U545REI6, STM32U545REI6Q, STM32U545RET6, STM32U545RET6Q, STM32U545VEI6, STM32U545VEI6Q, STM32U545VET6, STM32U545VET6Q, STM32U595AIH6, STM32U595AIH6Q, STM32U595AJH6, STM32U595AJH6Q, STM32U595QII6, STM32U595QII6Q, STM32U595QJI6, STM32U595QJI6Q, STM32U595RIT6, STM32U595RIT6Q, STM32U595RJT6, STM32U595RJT6Q, STM32U595VIT6, STM32U595VIT6Q, STM32U595VJT6, STM32U595VJT6Q, STM32U595ZIT6, STM32U595ZIT6Q, STM32U595ZIY6QTR, STM32U595ZJT6, STM32U595ZJT6Q, STM32U595ZJY6QTR, STM32U599BJY6QTR, STM32U599NIH6Q, STM32U599NJH6Q, STM32U599VIT6Q, STM32U599VJT6, STM32U599VJT6Q, STM32U599ZIT6Q, STM32U599ZIY6QTR, STM32U599ZJT6Q, STM32U599ZJY6QTR, STM32U5A5AJH6, STM32U5A5AJH6Q, STM32U5A5QJI6, STM32U5A5QJI6Q, STM32U5A5RJT6, STM32U5A5RJT6Q, STM32U5A5VJT6, STM32U5A5VJT6Q, STM32U5A5ZJT6, STM32U5A5ZJT6Q, STM32U5A5ZJY6QTR, STM32U5A9BJY6QTR, STM32U5A9J-DK, STM32U5A9NJH6Q, STM32U5A9VJT6Q, STM32U5A9ZJT6Q, STM32U5A9ZJY6QTR, STM32WB1MMCH6, STM32WBA52CEU6, STM32WBA52CEU6T, STM32WBA52CGU6, STM32WBA52CGU6T, STM32WL5MOCH6, STM32WL5MOCH6TR]
2023-11-10 10:05:31,410 [INFO] BoardInfo:880 - No configuration file found for board P-NUCLEO-WB55
2023-11-10 10:05:31,410 [INFO] DbBoards:157 - Kit is not supported: P-NUCLEO-WB55
2023-11-10 10:05:31,420 [INFO] BoardInfo:880 - No configuration file found for board STEVAL-BFA001V1B
2023-11-10 10:05:31,420 [INFO] DbBoards:157 - Kit is not supported: STEVAL-BFA001V1B
2023-11-10 10:05:31,423 [INFO] BoardInfo:880 - No configuration file found for board STEVAL-BFA001V2B
2023-11-10 10:05:31,423 [INFO] DbBoards:157 - Kit is not supported: STEVAL-BFA001V2B
2023-11-10 10:05:31,433 [INFO] BoardInfo:880 - No configuration file found for board STEVAL-SMARTAG2
2023-11-10 10:05:31,433 [INFO] DbBoards:157 - Board is not supported: STEVAL-SMARTAG2
2023-11-10 10:05:31,594 [INFO] DbBoards:161 - Found 188 boards, 184 are supported
2023-11-10 10:05:31,601 [INFO] ApiDb:423 - Load user favorites file C:\Users\Admin/.stm32cubeide/favorites.boards.txt: 0 item(s)
2023-11-10 10:05:31,601 [INFO] ApiDb:427 - User favorites Boards=[]
2023-11-10 10:05:31,601 [INFO] DbBoards:190 - Set 0 / 0 favorites Boards
2023-11-10 10:05:31,607 [INFO] ApiDb:668 - CubeFinder database Data Model version=2.1
2023-11-10 10:05:31,607 [INFO] ApiDb:669 - CubeFinder database Configuration version=3.0.37
2023-11-10 10:05:31,607 [INFO] ApiDb:670 - CubeFinder database generation date=2023-10-13 (1697197505)
2023-11-10 10:05:31,607 [INFO] ApiDb:671 - CubeFinder database FW Pack versions=[FP-ATR-ASTRA1_V2.0.0, FP-SNS-FLIGHT1_V5.0.1, FP-SNS-FLIGHT1_V5.0.2, FP-SNS-MOTENV1_V4.3.1, FP-SNS-MOTENV1_V4.3.2, FP-SNS-SMARTAG2_V1.2.0, I-CUBE-ITTIADB_V8.6.3-1, STM32Cube_FW_C0_V1.1.0, STM32Cube_FW_F4_V1.27.1, STM32Cube_FW_F7_V1.17.0, STM32Cube_FW_G0_V1.6.1, STM32Cube_FW_G4_V1.5.1, STM32Cube_FW_H5_V0.5.1, STM32Cube_FW_H5_V1.1.1, STM32Cube_FW_H7_V1.11.0, STM32Cube_FW_L0_V1.12.2, STM32Cube_FW_L5_V1.5.0, STM32Cube_FW_U5_V1.3.0, STM32Cube_FW_U5_V1.3.0RC4, STM32Cube_FW_WBA_V1.0.0RC1, STM32Cube_FW_WBA_V1.1.0RC1, STM32Cube_FW_WBA_V1.1.1, STM32Cube_FW_WB_V1.15.0RC1, STM32Cube_FW_WB_V1.16.0, STM32Cube_FW_WB_V1.16.0RC2, STM32Cube_FW_WB_V1.17.3, STM32Cube_FW_WL_V1.3.0, X-CUBE-ALGOBUILD_V1.3.0, X-CUBE-ALS_V1.0.1, X-CUBE-AZRTOS-F4_V1.1.0, X-CUBE-AZRTOS-F7_V1.1.0, X-CUBE-AZRTOS-G0_V1.1.0, X-CUBE-AZRTOS-G4_V2.0.0, X-CUBE-AZRTOS-H7_V3.1.0, X-CUBE-AZRTOS-L4_V1.0.0, X-CUBE-AZRTOS-L4_V2.0.0, X-CUBE-AZRTOS-L5_V1.1.0, X-CUBE-AZRTOS-WB_V2.0.0, X-CUBE-AZRTOS-WL_V2.0.0, X-CUBE-BLE1_V7.0.0, X-CUBE-BLE2_V3.3.0, X-CUBE-BLEMGR_V2.0.0, X-CUBE-EEPRMA1_V4.1.0, X-CUBE-FREERTOS_V1.1.0, X-CUBE-GNSS1_V6.0.0, X-CUBE-MEMS1_V10.0.0, X-CUBE-MEMS1_V9.1.0, X-CUBE-MEMS1_V9.4.0, X-CUBE-MEMS1_V9.6.0, X-CUBE-NFC4_V3.0.0, X-CUBE-NFC7_V1.0.1, X-CUBE-SFXS2LP1_V4.0.0, X-CUBE-SUBG2_V5.0.0, X-CUBE-TOF1_V3.3.1]
2023-11-10 10:05:32,943 [ERROR] DbExamplesSqlite:418 - Missing JSON key: board_cpn
2023-11-10 10:05:32,943 [ERROR] DbExamplesSqlite:418 - Missing JSON key: board_cpn
2023-11-10 10:05:32,943 [ERROR] DbExamplesSqlite:418 - Missing JSON key: board_cpn
2023-11-10 10:05:32,944 [ERROR] DbExamplesSqlite:418 - Missing JSON key: board_cpn
2023-11-10 10:05:32,979 [INFO] DbExamplesSqlite:376 - Ignored 27 examples not supported by CubeIDE
2023-11-10 10:05:32,980 [INFO] DbExamplesSqlite:377 - Found 7221 examples active
2023-11-10 10:05:32,980 [INFO] DbExamplesSqlite:378 - Found 777 examples obsolete
2023-11-10 10:05:32,980 [INFO] DbExamplesSqlite:379 - Found 0 examples under development
2023-11-10 10:05:32,981 [INFO] DbExamplesSqlite:380 - Found 74 examples not building
2023-11-10 10:05:32,983 [INFO] DbExamples:125 - Found 7268 examples
2023-11-10 10:05:33,013 [ERROR] DbExamples:208 - Found 22 examples with invalid data (board or MCU)
2023-11-10 10:05:33,014 [INFO] DbExamples:222 - Found 92 boards with related examples
2023-11-10 10:05:33,015 [INFO] DbExamples:235 - Found 78 MCUs with related examples
2023-11-10 10:05:33,039 [INFO] ApiDb:414 - User favorites file not found: C:\Users\Admin/.stm32cubeide/favorites.examples.txt
2023-11-10 10:05:33,039 [INFO] DbExamples:250 - Set 0 / 0 favorites Examples
2023-11-10 10:05:33,500 [INFO] McuFinderGlobals:66 - Set McuFinderConnectedMode to true
2023-11-10 10:05:33,515 [INFO] MultiScanPanel:200 - Auto-refresh data requested => check proxy status ongoing
2023-11-10 10:05:33,523 [INFO] FinderPluginLoader:95 - Searching for filters in installed packs
2023-11-10 10:05:35,928 [INFO] LoadUrlFilesThread:185 - End of LoadServerUrlFiles without Thread
2023-11-10 10:05:35,955 [INFO] DetailPanel:341 - Set advertising image to C:/Users/Admin/STM32Cube/Repository/\en.prom-stm32h5-mcu-finder.jpg
2023-11-10 10:07:10,162 [INFO] MainUpdater:2854 - connection check result : 10
2023-11-10 10:07:10,163 [INFO] MainUpdater:2854 - connection check result : 10
2023-11-10 10:07:10,191 [INFO] MicroXplorer:468 - Change Database Path : 
2023-11-10 10:07:10,191 [INFO] MicroXplorer:498 - Change Database Version : DB.6.0.81
2023-11-10 10:07:10,191 [WARN] ThirdParty:871 - waiting for thirdparty lock release [close project]
2023-11-10 10:07:10,192 [INFO] ThirdParty:873 - entering critical section [close project]
2023-11-10 10:07:10,195 [INFO] ThirdParty:883 - exiting critical section [close project]
2023-11-10 10:07:10,205 [INFO] PinOutPanel:1499 - setPackage(No Configuration,No Configuration)
2023-11-10 10:07:10,229 [INFO] UtilMem:75 - Begin LoadConfig() Used Memory: 509528000 Bytes (705691648)
2023-11-10 10:07:10,254 [INFO] MicroXplorer:468 - Change Database Path : 
2023-11-10 10:07:10,254 [INFO] MicroXplorer:498 - Change Database Version : DB.6.0.81
2023-11-10 10:07:10,254 [INFO] OpenFileManager:308 - Change cursor
2023-11-10 10:07:10,294 [WARN] IntegrityCheckThread:84 - waiting for thirdparty lock release [integrity check]
2023-11-10 10:07:10,294 [INFO] IntegrityCheckThread:86 - entering critical section [integrity check]
2023-11-10 10:07:10,752 [WARN] PackLoader:240 - Cannot read IP mode file for STMicroelectronics.X-CUBE-SMBUS.2.1.0
2023-11-10 10:07:10,803 [WARN] PackLoader:240 - Cannot read IP mode file for STMicroelectronics.X-CUBE-AZRTOS-F7.1.1.0
2023-11-10 10:07:10,822 [WARN] PackLoader:240 - Cannot read IP mode file for STMicroelectronics.FP-SNS-MOTENV1.4.3.2
2023-11-10 10:07:10,832 [ERROR] RealEvaluatedCondition:428 - Found unsupported composite condition: GROUP='STM32_MetaDataManager' CLASS='Data Exchange'
2023-11-10 10:07:10,833 [ERROR] RealEvaluatedCondition:428 - Found unsupported composite condition: CLASS='Data Exchange' GROUP='STM32_MetaDataManager'
2023-11-10 10:07:10,835 [WARN] PackLoader:240 - Cannot read IP mode file for STMicroelectronics.FP-SNS-MOTENV1.4.3.1
2023-11-10 10:07:10,846 [WARN] PackLoader:240 - Cannot read IP mode file for STMicroelectronics.FP-SNS-FLIGHT1.5.0.1
2023-11-10 10:07:10,857 [WARN] PackLoader:240 - Cannot read IP mode file for STMicroelectronics.X-CUBE-BLE1.6.2.4
2023-11-10 10:07:10,871 [WARN] PackLoader:240 - Cannot read IP mode file for STMicroelectronics.X-CUBE-DISPLAY.3.0.0
2023-11-10 10:07:10,896 [WARN] PackLoader:240 - Cannot read IP mode file for STMicroelectronics.X-CUBE-TOUCHGFX.4.22.0
2023-11-10 10:07:10,900 [WARN] PackLoader:240 - Cannot read IP mode file for STMicroelectronics.X-CUBE-TOUCHGFX.4.22.1
2023-11-10 10:07:10,908 [WARN] PackLoader:240 - Cannot read IP mode file for STMicroelectronics.FP-SNS-SMARTAG2.1.2.0
2023-11-10 10:07:10,925 [INFO] LogOutputStream:77 - [STDOUT_REDIRECT] 1 : Invalid condition id : UX_CORESTACK_Condition cause : null
2023-11-10 10:07:10,926 [INFO] LogOutputStream:77 - [STDOUT_REDIRECT] 1 : Invalid condition id : UX_CORESTACK_Condition cause : null
2023-11-10 10:07:10,928 [INFO] LogOutputStream:77 - [STDOUT_REDIRECT] 1 : Invalid condition id : UX_CORESTACK_Condition cause : null
2023-11-10 10:07:10,931 [INFO] LogOutputStream:77 - [STDOUT_REDIRECT] 1 : Invalid condition id : UX_CORESTACK_Condition cause : null
2023-11-10 10:07:10,934 [INFO] LogOutputStream:77 - [STDOUT_REDIRECT] 1 : Invalid condition id : UX_CORESTACK_Condition cause : null
2023-11-10 10:07:10,941 [WARN] PackLoader:240 - Cannot read IP mode file for STMicroelectronics.X-CUBE-AZRTOS-WL.2.0.0
2023-11-10 10:07:10,958 [WARN] PackLoader:240 - Cannot read IP mode file for WES.I-CUBE-Cesium.1.3.0
2023-11-10 10:07:10,969 [WARN] PackLoader:240 - Cannot read IP mode file for STMicroelectronics.X-CUBE-BLE2.3.3.0
2023-11-10 10:07:10,976 [WARN] PackLoader:240 - Cannot read IP mode file for STMicroelectronics.X-CUBE-TOUCHGFX.4.21.4
2023-11-10 10:07:10,987 [WARN] PackLoader:240 - Cannot read IP mode file for STMicroelectronics.X-CUBE-ALGOBUILD.1.3.0
2023-11-10 10:07:11,019 [WARN] PackLoader:240 - Cannot read IP mode file for STMicroelectronics.X-CUBE-AZRTOS-G0.1.1.0
2023-11-10 10:07:11,033 [WARN] PackLoader:240 - Cannot read IP mode file for STMicroelectronics.X-CUBE-NFC4.3.0.0
2023-11-10 10:07:11,051 [WARN] PackLoader:240 - Cannot read IP mode file for STMicroelectronics.X-CUBE-BLEMGR.3.0.0
2023-11-10 10:07:11,084 [WARN] PackLoader:240 - Cannot read IP mode file for STMicroelectronics.FP-ATR-SIGFOX1.3.2.0
2023-11-10 10:07:11,141 [WARN] PackLoader:240 - Cannot read IP mode file for SEGGER.I-CUBE-embOS.1.3.1
2023-11-10 10:07:11,240 [WARN] PackLoader:240 - Cannot read IP mode file for STMicroelectronics.X-CUBE-GNSS1.6.0.0
2023-11-10 10:07:11,274 [WARN] PackLoader:240 - Cannot read IP mode file for STMicroelectronics.X-CUBE-AZRTOS-F4.1.1.0
2023-11-10 10:07:11,284 [WARN] PackLoader:240 - Cannot read IP mode file for wolfSSL.I-CUBE-wolfSSL.5.6.0
2023-11-10 10:07:11,310 [WARN] PackLoader:240 - Cannot read IP mode file for STMicroelectronics.X-CUBE-AZRTOS-L5.2.0.0
2023-11-10 10:07:11,382 [WARN] PackLoader:240 - Cannot read IP mode file for STMicroelectronics.X-CUBE-MEMS1.9.6.0
2023-11-10 10:07:11,762 [WARN] PackLoader:240 - Cannot read IP mode file for STMicroelectronics.X-CUBE-EEPRMA1.4.2.0
2023-11-10 10:07:11,772 [WARN] PackLoader:240 - Cannot read IP mode file for ITTIA_DB.I-CUBE-ITTIADB.8.8.0
2023-11-10 10:07:11,793 [WARN] PackLoader:240 - Cannot read IP mode file for emotas.I-CUBE-CANOPEN.1.1.3
2023-11-10 10:07:11,829 [WARN] PackLoader:240 - Cannot read IP mode file for STMicroelectronics.X-CUBE-BLEMGR.2.0.0
2023-11-10 10:07:11,887 [WARN] ConditionMgr:438 - getConditionDescription Invalid condition id : UX DEVICE CLASS RTOS Condition cause : null
2023-11-10 10:07:11,887 [WARN] ConditionMgr:438 - getConditionDescription Invalid condition id : UX DEVICE CLASS RTOS Condition cause : null
2023-11-10 10:07:11,895 [WARN] PackLoader:240 - Cannot read IP mode file for STMicroelectronics.X-CUBE-AZRTOS-H7.3.1.0
2023-11-10 10:07:11,897 [WARN] ConditionMgr:1039 - genDependencies : Invalid condition id : UX DEVICE CLASS RTOS Condition cause : null
2023-11-10 10:07:11,897 [WARN] ConditionMgr:1039 - genDependencies : Invalid condition id : UX DEVICE CLASS RTOS Condition cause : null
2023-11-10 10:07:11,898 [WARN] ConditionMgr:1039 - genDependencies : Invalid condition id : UX DEVICE CLASS RTOS Condition cause : null
2023-11-10 10:07:11,899 [WARN] ConditionMgr:1039 - genDependencies : Invalid condition id : UX DEVICE CLASS RTOS Condition cause : null
2023-11-10 10:07:11,899 [WARN] ConditionMgr:1039 - genDependencies : Invalid condition id : UX DEVICE CLASS RTOS Condition cause : null
2023-11-10 10:07:11,925 [WARN] PackLoader:240 - Cannot read IP mode file for STMicroelectronics.X-CUBE-NFC7.1.0.1
2023-11-10 10:07:11,949 [WARN] PackLoader:240 - Cannot read IP mode file for STMicroelectronics.X-CUBE-NFC6.3.0.0
2023-11-10 10:07:11,961 [WARN] PackLoader:240 - Cannot read IP mode file for STMicroelectronics.X-CUBE-EEPRMA1.4.1.0
2023-11-10 10:07:11,997 [WARN] ConditionMgr:438 - getConditionDescription Invalid condition id : LAN8742 Phy interface Condition cause : null
2023-11-10 10:07:11,999 [WARN] PackLoader:240 - Cannot read IP mode file for STMicroelectronics.X-CUBE-AZRTOS-L4.2.0.0
2023-11-10 10:07:12,001 [WARN] ConditionMgr:1039 - genDependencies : Invalid condition id : LAN8742 Phy interface Condition cause : null
2023-11-10 10:07:12,001 [WARN] ConditionMgr:1039 - genDependencies : Invalid condition id : LAN8742 Phy interface Condition cause : null
2023-11-10 10:07:12,003 [WARN] ConditionMgr:1039 - genDependencies : Invalid condition id : LAN8742 Phy interface Condition cause : null
2023-11-10 10:07:12,025 [WARN] PackLoader:240 - Cannot read IP mode file for STMicroelectronics.X-CUBE-SFXS2LP1.4.0.0
2023-11-10 10:07:12,036 [WARN] PackLoader:240 - Cannot read IP mode file for STMicroelectronics.X-CUBE-ISPU.1.1.0
2023-11-10 10:07:12,089 [WARN] ConditionMgr:438 - getConditionDescription Invalid condition id : UX DEVICE CLASS RTOS Condition cause : null
2023-11-10 10:07:12,089 [WARN] ConditionMgr:438 - getConditionDescription Invalid condition id : UX DEVICE CLASS RTOS Condition cause : null
2023-11-10 10:07:12,093 [WARN] PackLoader:240 - Cannot read IP mode file for STMicroelectronics.X-CUBE-AZRTOS-WB.2.0.0
2023-11-10 10:07:12,094 [WARN] ConditionMgr:1039 - genDependencies : Invalid condition id : UX DEVICE CLASS RTOS Condition cause : null
2023-11-10 10:07:12,094 [WARN] ConditionMgr:1039 - genDependencies : Invalid condition id : UX DEVICE CLASS RTOS Condition cause : null
2023-11-10 10:07:12,095 [WARN] ConditionMgr:1039 - genDependencies : Invalid condition id : UX DEVICE CLASS RTOS Condition cause : null
2023-11-10 10:07:12,095 [WARN] ConditionMgr:1039 - genDependencies : Invalid condition id : UX DEVICE CLASS RTOS Condition cause : null
2023-11-10 10:07:12,095 [WARN] ConditionMgr:1039 - genDependencies : Invalid condition id : UX DEVICE CLASS RTOS Condition cause : null
2023-11-10 10:07:12,106 [WARN] PackLoader:240 - Cannot read IP mode file for STMicroelectronics.X-CUBE-FREERTOS.1.0.1
2023-11-10 10:07:12,139 [WARN] PackLoader:240 - Cannot read IP mode file for STMicroelectronics.X-CUBE-AZRTOS-L5.1.1.0
2023-11-10 10:07:12,151 [WARN] PackLoader:240 - Cannot read IP mode file for STMicroelectronics.X-CUBE-AI.8.0.1
2023-11-10 10:07:12,170 [WARN] PackLoader:240 - Cannot read IP mode file for STMicroelectronics.X-CUBE-SUBG2.5.0.0
2023-11-10 10:07:12,244 [WARN] PackLoader:240 - Cannot read IP mode file for STMicroelectronics.X-CUBE-TOF1.3.3.1
2023-11-10 10:07:12,319 [WARN] PackLoader:240 - Cannot read IP mode file for STMicroelectronics.X-CUBE-AZRTOS-G4.2.0.0
2023-11-10 10:07:12,340 [WARN] PackLoader:240 - Cannot read IP mode file for STMicroelectronics.X-CUBE-TOF1.3.3.0
2023-11-10 10:07:12,384 [WARN] PackLoader:240 - Cannot read IP mode file for Infineon.AIROC-Wi-Fi-Bluetooth-STM32.1.5.1
2023-11-10 10:07:12,508 [WARN] PackLoader:240 - Cannot read IP mode file for STMicroelectronics.X-CUBE-MEMS1.10.0.0
2023-11-10 10:07:13,111 [WARN] PackLoader:240 - Cannot read IP mode file for STMicroelectronics.X-CUBE-FREERTOS.1.1.0
2023-11-10 10:07:13,129 [WARN] PackLoader:240 - Cannot read IP mode file for portGmbH.I-Cube-SoM-uGOAL.1.1.0
2023-11-10 10:07:13,142 [WARN] PackLoader:240 - Cannot read IP mode file for STMicroelectronics.X-CUBE-ALS.1.0.1
2023-11-10 10:07:13,207 [WARN] PackLoader:240 - Cannot read IP mode file for STMicroelectronics.X-CUBE-AZRTOS-WB.1.1.0
2023-11-10 10:07:13,231 [WARN] PackLoader:240 - Cannot read IP mode file for STMicroelectronics.FP-ATR-ASTRA1.2.0.0
2023-11-10 10:07:13,232 [INFO] ThirdParty:978 - Integrity check success = true
2023-11-10 10:07:13,232 [INFO] IntegrityCheckThread:100 - exiting critical section [integrity check]
2023-11-10 10:07:13,232 [INFO] IntegrityCheckThread:103 - End integrity checks thread
2023-11-10 10:07:13,584 [INFO] Mcu:1937 - Initializing MCU STM32F103C6Ux STM32F103C6Ux 
2023-11-10 10:07:13,587 [INFO] Mcu:1950 - No CPN specified => set CPN to STM32F103C6U6A
2023-11-10 10:07:17,362 [INFO] Context:659 - Trying to add GPIOservice into a context  which must be forbidden
2023-11-10 10:07:18,007 [INFO] ImportTextPane:194 - (OptionalMessage_ERROR) Unable to find key (Mcu.ThirdPartyNb) in loaded IOC file
2023-11-10 10:07:18,007 [INFO] ImportTextPane:194 - (OptionalMessage_ERROR) Unable to find key (Mcu.PinsNb) in loaded IOC file
2023-11-10 10:07:18,007 [INFO] ImportTextPane:194 - (OptionalMessage_ERROR) Unable to find key (Mcu.IPNb) in loaded IOC file
2023-11-10 10:07:19,231 [INFO] RtosManager:555 - Registered RTOS mode: class=CMSIS, group=RTOS, mode=CMSIS_V1, owner=FREERTOS
2023-11-10 10:07:19,235 [INFO] RtosManager:555 - Registered RTOS mode: class=CMSIS, group=RTOS2, mode=CMSIS_V2, owner=FREERTOS
2023-11-10 10:07:19,236 [INFO] RtosManager:555 - Registered RTOS mode: class=RTOS, group=Core, mode=CMSIS_V1, owner=FREERTOS
2023-11-10 10:07:19,236 [INFO] RtosManager:555 - Registered RTOS mode: class=RTOS, group=Core, mode=CMSIS_V2, owner=FREERTOS
2023-11-10 10:07:19,239 [WARN] ModelIntegratedComponent:184 - Missing modes for component STMicroelectronics:FreeRTOS:0.0.1:STMicroelectronics:RTOS:FreeRTOS:Core:::10.2.0:
2023-11-10 10:07:19,446 [WARN] ModelIntegratedComponent:63 - No mode defined for component null
2023-11-10 10:07:19,446 [WARN] ModelIntegratedComponent:63 - No mode defined for component null
2023-11-10 10:07:19,446 [WARN] ModelIntegratedComponent:63 - No mode defined for component null
2023-11-10 10:07:19,446 [WARN] ModelIntegratedComponent:63 - No mode defined for component null
2023-11-10 10:07:19,447 [WARN] ModelIntegratedComponent:63 - No mode defined for component null
2023-11-10 10:07:19,451 [WARN] ModelIntegratedComponent:63 - No mode defined for component null
2023-11-10 10:07:19,451 [WARN] ModelIntegratedComponent:63 - No mode defined for component null
2023-11-10 10:07:19,452 [WARN] ModelIntegratedComponent:63 - No mode defined for component null
2023-11-10 10:07:19,452 [WARN] ModelIntegratedComponent:63 - No mode defined for component null
2023-11-10 10:07:19,452 [WARN] ModelIntegratedComponent:63 - No mode defined for component null
2023-11-10 10:07:19,452 [WARN] ModelIntegratedComponent:63 - No mode defined for component null
2023-11-10 10:07:19,452 [WARN] ModelIntegratedComponent:63 - No mode defined for component null
2023-11-10 10:07:19,453 [WARN] ModelIntegratedComponent:63 - No mode defined for component null
2023-11-10 10:07:19,453 [WARN] ModelIntegratedComponent:63 - No mode defined for component null
2023-11-10 10:07:19,453 [WARN] ModelIntegratedComponent:63 - No mode defined for component null
2023-11-10 10:07:19,456 [WARN] ModelIntegratedComponent:63 - No mode defined for component null
2023-11-10 10:07:19,456 [WARN] ModelIntegratedComponent:63 - No mode defined for component null
2023-11-10 10:07:19,457 [WARN] ModelIntegratedComponent:63 - No mode defined for component null
2023-11-10 10:07:19,457 [WARN] ModelIntegratedComponent:63 - No mode defined for component null
2023-11-10 10:07:19,460 [WARN] ModelIntegratedComponent:63 - No mode defined for component null
2023-11-10 10:07:19,460 [WARN] ModelIntegratedComponent:63 - No mode defined for component null
2023-11-10 10:07:19,460 [WARN] ModelIntegratedComponent:63 - No mode defined for component null
2023-11-10 10:07:19,460 [WARN] ModelIntegratedComponent:63 - No mode defined for component null
2023-11-10 10:07:19,460 [WARN] ModelIntegratedComponent:63 - No mode defined for component null
2023-11-10 10:07:19,460 [WARN] ModelIntegratedComponent:63 - No mode defined for component null
2023-11-10 10:07:19,461 [WARN] ModelIntegratedComponent:63 - No mode defined for component null
2023-11-10 10:07:19,461 [WARN] ModelIntegratedComponent:63 - No mode defined for component null
2023-11-10 10:07:19,461 [WARN] ModelIntegratedComponent:63 - No mode defined for component null
2023-11-10 10:07:19,461 [WARN] ModelIntegratedComponent:63 - No mode defined for component null
2023-11-10 10:07:19,463 [WARN] ModelIntegratedComponent:63 - No mode defined for component null
2023-11-10 10:07:19,463 [WARN] ModelIntegratedComponent:63 - No mode defined for component null
2023-11-10 10:07:19,463 [WARN] ModelIntegratedComponent:63 - No mode defined for component null
2023-11-10 10:07:19,463 [WARN] ModelIntegratedComponent:63 - No mode defined for component null
2023-11-10 10:07:19,731 [INFO] ThirdPartyModel:298 - Start build external matchings
2023-11-10 10:07:21,516 [INFO] ThirdPartyModel:316 - End build external matchings
2023-11-10 10:07:21,891 [INFO] UtilMem:75 - End LoadConfig() Used Memory: 582307256 Bytes (705691648)
2023-11-10 10:07:21,940 [WARN] ThirdParty:833 - waiting for thirdparty lock release [change project]
2023-11-10 10:07:21,941 [INFO] ThirdParty:835 - entering critical section [change project]
2023-11-10 10:07:21,941 [INFO] ThirdParty:1030 - CMSIS Pack Vendor :STMicroelectronics X-CUBE-ISPU 1.1.0
2023-11-10 10:07:21,941 [INFO] ThirdParty:1030 - CMSIS Pack Vendor :STMicroelectronics X-CUBE-GNSS1 6.0.0
2023-11-10 10:07:21,941 [INFO] ThirdParty:1030 - CMSIS Pack Vendor :STMicroelectronics USB_HOST 2.0.0
2023-11-10 10:07:21,941 [INFO] ThirdParty:1030 - CMSIS Pack Vendor :STMicroelectronics X-CUBE-AZRTOS-F4 1.1.0
2023-11-10 10:07:21,942 [INFO] ThirdParty:1030 - CMSIS Pack Vendor :STMicroelectronics LIBJPEG 8.0.0
2023-11-10 10:07:21,942 [INFO] ThirdParty:1030 - CMSIS Pack Vendor :STMicroelectronics X-CUBE-SMBUS 2.1.0
2023-11-10 10:07:21,942 [INFO] ThirdParty:1030 - CMSIS Pack Vendor :wolfSSL I-CUBE-wolfSSL 5.6.0
2023-11-10 10:07:21,942 [INFO] ThirdParty:1030 - CMSIS Pack Vendor :STMicroelectronics USB_DEVICE 3.0.0
2023-11-10 10:07:21,942 [INFO] ThirdParty:1030 - CMSIS Pack Vendor :STMicroelectronics X-CUBE-AZRTOS-WB 2.0.0
2023-11-10 10:07:21,942 [INFO] ThirdParty:1030 - CMSIS Pack Vendor :STMicroelectronics X-CUBE-FREERTOS 1.0.1
2023-11-10 10:07:21,942 [INFO] ThirdParty:1030 - CMSIS Pack Vendor :STMicroelectronics X-CUBE-AZRTOS-F7 1.1.0
2023-11-10 10:07:21,942 [INFO] ThirdParty:1030 - CMSIS Pack Vendor :STMicroelectronics X-CUBE-TOUCHGFX 4.21.4
2023-11-10 10:07:21,942 [INFO] ThirdParty:1030 - CMSIS Pack Vendor :STMicroelectronics X-CUBE-AZRTOS-L5 2.0.0
2023-11-10 10:07:21,943 [INFO] ThirdParty:1030 - CMSIS Pack Vendor :STMicroelectronics USB_DEVICE 2.0.0
2023-11-10 10:07:21,943 [INFO] ThirdParty:1030 - CMSIS Pack Vendor :STMicroelectronics X-CUBE-MEMS1 9.6.0
2023-11-10 10:07:21,943 [INFO] ThirdParty:1030 - CMSIS Pack Vendor :STMicroelectronics X-CUBE-EEPRMA1 4.2.0
2023-11-10 10:07:21,943 [INFO] ThirdParty:1030 - CMSIS Pack Vendor :ITTIA_DB I-CUBE-ITTIADB 8.8.0
2023-11-10 10:07:21,943 [INFO] ThirdParty:1030 - CMSIS Pack Vendor :STMicroelectronics FP-SNS-MOTENV1 4.3.2
2023-11-10 10:07:21,943 [INFO] ThirdParty:1030 - CMSIS Pack Vendor :STMicroelectronics FP-SNS-MOTENV1 4.3.1
2023-11-10 10:07:21,943 [INFO] ThirdParty:1030 - CMSIS Pack Vendor :STMicroelectronics FP-SNS-FLIGHT1 5.0.1
2023-11-10 10:07:21,943 [INFO] ThirdParty:1030 - CMSIS Pack Vendor :STMicroelectronics X-CUBE-ALGOBUILD 1.3.0
2023-11-10 10:07:21,943 [INFO] ThirdParty:1030 - CMSIS Pack Vendor :STMicroelectronics X-CUBE-BLE1 6.2.4
2023-11-10 10:07:21,944 [INFO] ThirdParty:1030 - CMSIS Pack Vendor :STMicroelectronics X-CUBE-AZRTOS-L5 1.1.0
2023-11-10 10:07:21,944 [INFO] ThirdParty:1030 - CMSIS Pack Vendor :STMicroelectronics FreeRTOS 0.0.1
2023-11-10 10:07:21,944 [INFO] ThirdParty:1030 - CMSIS Pack Vendor :STMicroelectronics X-CUBE-AZRTOS-G0 1.1.0
2023-11-10 10:07:21,944 [INFO] ThirdParty:1030 - CMSIS Pack Vendor :emotas I-CUBE-CANOPEN 1.1.3
2023-11-10 10:07:21,944 [INFO] ThirdParty:1030 - CMSIS Pack Vendor :STMicroelectronics X-CUBE-BLEMGR 2.0.0
2023-11-10 10:07:21,944 [INFO] ThirdParty:1030 - CMSIS Pack Vendor :STMicroelectronics X-CUBE-AI 8.0.1
2023-11-10 10:07:21,944 [INFO] ThirdParty:1030 - CMSIS Pack Vendor :STMicroelectronics X-CUBE-NFC4 3.0.0
2023-11-10 10:07:21,945 [INFO] ThirdParty:1030 - CMSIS Pack Vendor :STMicroelectronics X-CUBE-SUBG2 5.0.0
2023-11-10 10:07:21,945 [INFO] ThirdParty:1030 - CMSIS Pack Vendor :STMicroelectronics STM32_WPAN 1.0.0
2023-11-10 10:07:21,945 [INFO] ThirdParty:1030 - CMSIS Pack Vendor :STMicroelectronics lwIP 2.0.3
2023-11-10 10:07:21,945 [INFO] ThirdParty:1030 - CMSIS Pack Vendor :STMicroelectronics USB_HOST 1.0.0
2023-11-10 10:07:21,945 [INFO] ThirdParty:1030 - CMSIS Pack Vendor :STMicroelectronics X-CUBE-TOF1 3.3.1
2023-11-10 10:07:21,945 [INFO] ThirdParty:1030 - CMSIS Pack Vendor :STMicroelectronics X-CUBE-AZRTOS-G4 2.0.0
2023-11-10 10:07:21,945 [INFO] ThirdParty:1030 - CMSIS Pack Vendor :STMicroelectronics PDM2PCM 3.1.0
2023-11-10 10:07:21,945 [INFO] ThirdParty:1030 - CMSIS Pack Vendor :STMicroelectronics X-CUBE-AZRTOS-H7 3.1.0
2023-11-10 10:07:21,945 [INFO] ThirdParty:1030 - CMSIS Pack Vendor :STMicroelectronics X-CUBE-TOF1 3.3.0
2023-11-10 10:07:21,945 [INFO] ThirdParty:1030 - CMSIS Pack Vendor :Infineon AIROC-Wi-Fi-Bluetooth-STM32 1.5.1
2023-11-10 10:07:21,947 [INFO] ThirdParty:1030 - CMSIS Pack Vendor :STMicroelectronics X-CUBE-BLEMGR 3.0.0
2023-11-10 10:07:21,947 [INFO] ThirdParty:1030 - CMSIS Pack Vendor :STMicroelectronics PDM2PCM 3.3.0
2023-11-10 10:07:21,947 [INFO] ThirdParty:1030 - CMSIS Pack Vendor :STMicroelectronics X-CUBE-DISPLAY 3.0.0
2023-11-10 10:07:21,947 [INFO] ThirdParty:1030 - CMSIS Pack Vendor :STMicroelectronics FP-ATR-SIGFOX1 3.2.0
2023-11-10 10:07:21,947 [INFO] ThirdParty:1030 - CMSIS Pack Vendor :STMicroelectronics HAL Drivers 0.0.0
2023-11-10 10:07:21,947 [INFO] ThirdParty:1030 - CMSIS Pack Vendor :STMicroelectronics MBEDTLS 2.16.2
2023-11-10 10:07:21,947 [INFO] ThirdParty:1030 - CMSIS Pack Vendor :STMicroelectronics X-CUBE-MEMS1 10.0.0
2023-11-10 10:07:21,947 [INFO] ThirdParty:1030 - CMSIS Pack Vendor :STMicroelectronics X-CUBE-FREERTOS 1.1.0
2023-11-10 10:07:21,947 [INFO] ThirdParty:1030 - CMSIS Pack Vendor :STMicroelectronics X-CUBE-TOUCHGFX 4.22.0
2023-11-10 10:07:21,948 [INFO] ThirdParty:1030 - CMSIS Pack Vendor :STMicroelectronics X-CUBE-NFC7 1.0.1
2023-11-10 10:07:21,949 [INFO] ThirdParty:1030 - CMSIS Pack Vendor :STMicroelectronics MBEDTLS 2.14.1
2023-11-10 10:07:21,949 [INFO] ThirdParty:1030 - CMSIS Pack Vendor :STMicroelectronics X-CUBE-TOUCHGFX 4.22.1
2023-11-10 10:07:21,949 [INFO] ThirdParty:1030 - CMSIS Pack Vendor :STMicroelectronics X-CUBE-NFC6 3.0.0
2023-11-10 10:07:21,949 [INFO] ThirdParty:1030 - CMSIS Pack Vendor :STMicroelectronics X-CUBE-EEPRMA1 4.1.0
2023-11-10 10:07:21,949 [INFO] ThirdParty:1030 - CMSIS Pack Vendor :portGmbH I-Cube-SoM-uGOAL 1.1.0
2023-11-10 10:07:21,949 [INFO] ThirdParty:1030 - CMSIS Pack Vendor :STMicroelectronics X-CUBE-ALS 1.0.1
2023-11-10 10:07:21,949 [INFO] ThirdParty:1030 - CMSIS Pack Vendor :STMicroelectronics ThreadX 1.0.0
2023-11-10 10:07:21,950 [INFO] ThirdParty:1030 - CMSIS Pack Vendor :STMicroelectronics FP-SNS-SMARTAG2 1.2.0
2023-11-10 10:07:21,950 [INFO] ThirdParty:1030 - CMSIS Pack Vendor :STMicroelectronics X-CUBE-AZRTOS-WB 1.1.0
2023-11-10 10:07:21,951 [INFO] ThirdParty:1030 - CMSIS Pack Vendor :STMicroelectronics X-CUBE-AZRTOS-WL 2.0.0
2023-11-10 10:07:21,951 [INFO] ThirdParty:1030 - CMSIS Pack Vendor :SEGGER I-CUBE-embOS 1.3.1
2023-11-10 10:07:21,951 [INFO] ThirdParty:1030 - CMSIS Pack Vendor :STMicroelectronics USB_DEVICE 1.0.0
2023-11-10 10:07:21,951 [INFO] ThirdParty:1030 - CMSIS Pack Vendor :STMicroelectronics X-CUBE-AZRTOS-L4 2.0.0
2023-11-10 10:07:21,951 [INFO] ThirdParty:1030 - CMSIS Pack Vendor :STMicroelectronics ThreadX 0.0.2
2023-11-10 10:07:21,951 [INFO] ThirdParty:1030 - CMSIS Pack Vendor :WES I-CUBE-Cesium 1.3.0
2023-11-10 10:07:21,951 [INFO] ThirdParty:1030 - CMSIS Pack Vendor :STMicroelectronics FP-ATR-ASTRA1 2.0.0
2023-11-10 10:07:21,951 [INFO] ThirdParty:1030 - CMSIS Pack Vendor :STMicroelectronics lwIP 2.1.2
2023-11-10 10:07:21,951 [INFO] ThirdParty:1030 - CMSIS Pack Vendor :STMicroelectronics X-CUBE-SFXS2LP1 4.0.0
2023-11-10 10:07:21,952 [INFO] ThirdParty:1030 - CMSIS Pack Vendor :STMicroelectronics X-CUBE-BLE2 3.3.0
2023-11-10 10:07:21,952 [INFO] ThirdParty:1030 - CMSIS Pack Vendor :STMicroelectronics PDM2PCM 3.2.0
2023-11-10 10:07:21,952 [INFO] ThirdParty:841 - exiting critical section [change project]
2023-11-10 10:07:23,230 [INFO] PinOutPanel:1499 - setPackage(No Configuration,No Configuration)
2023-11-10 10:07:23,233 [INFO] PinOutPanel:1499 - setPackage(STM32F103C6Ux,UFQFPN48)
2023-11-10 10:07:25,376 [INFO] UtilMem:75 - Before build in PCC Used Memory: 538799800 Bytes (705691648)
2023-11-10 10:07:28,171 [INFO] UtilMem:75 - After build in PCC Used Memory: 586828280 Bytes (705691648)
2023-11-10 10:07:28,212 [INFO] IPUIPlugin:80 - create IPUIPlugin
2023-11-10 10:07:28,213 [INFO] IPUIPlugin:80 - create IPUIPlugin
2023-11-10 10:07:28,213 [INFO] IPUIPlugin:80 - create IPUIPlugin
2023-11-10 10:07:28,213 [INFO] IPUIPlugin:80 - create IPUIPlugin
2023-11-10 10:07:28,214 [INFO] IPUIPlugin:80 - create IPUIPlugin
2023-11-10 10:07:28,214 [INFO] IPUIPlugin:80 - create IPUIPlugin
2023-11-10 10:07:28,215 [INFO] IPUIPlugin:80 - create IPUIPlugin
2023-11-10 10:07:28,215 [INFO] IPUIPlugin:80 - create IPUIPlugin
2023-11-10 10:07:28,215 [INFO] IPUIPlugin:80 - create IPUIPlugin
2023-11-10 10:07:28,216 [INFO] IPUIPlugin:80 - create IPUIPlugin
2023-11-10 10:07:28,216 [INFO] IPUIPlugin:80 - create IPUIPlugin
2023-11-10 10:07:28,216 [INFO] IPUIPlugin:80 - create IPUIPlugin
2023-11-10 10:07:28,217 [INFO] IPUIPlugin:80 - create IPUIPlugin
2023-11-10 10:07:28,217 [INFO] IPUIPlugin:80 - create IPUIPlugin
2023-11-10 10:07:28,217 [INFO] IPUIPlugin:80 - create IPUIPlugin
2023-11-10 10:07:28,222 [INFO] IPUIPlugin:80 - create IPUIPlugin
2023-11-10 10:07:28,222 [INFO] IPUIPlugin:80 - create IPUIPlugin
2023-11-10 10:07:28,223 [INFO] IPUIPlugin:80 - create IPUIPlugin
2023-11-10 10:07:28,223 [INFO] IPUIPlugin:80 - create IPUIPlugin
2023-11-10 10:07:28,224 [INFO] IPUIPlugin:80 - create IPUIPlugin
2023-11-10 10:07:28,224 [INFO] IPUIPlugin:80 - create IPUIPlugin
2023-11-10 10:07:28,225 [INFO] IPUIPlugin:80 - create IPUIPlugin
2023-11-10 10:07:28,225 [INFO] IPUIPlugin:80 - create IPUIPlugin
2023-11-10 10:07:28,615 [INFO] CADModel:165 - CPN selected for project levelSTM32F103C6U6A
2023-11-10 10:07:28,615 [INFO] CADModel:114 - Register for checkConnection events
2023-11-10 10:07:28,703 [INFO] OpenFileManager:328 - Restore cursor
2023-11-10 10:07:30,656 [INFO] UtilMem:75 - End SaveConfig() Used Memory: 575067576 Bytes (705691648)
2023-11-10 10:07:30,803 [INFO] UtilMem:75 - End SaveConfig() Used Memory: 585031096 Bytes (705691648)
2023-11-10 10:07:32,456 [INFO] BlockDiagram:2759 - set Specific Code input for plugin: NVIC
2023-11-10 10:07:32,457 [INFO] BlockDiagram:2759 - set Specific Code input for plugin: RCC
2023-11-10 10:07:32,459 [INFO] CodeGenerator:793 - code generatio: config db path: C:\ST\STM32CubeIDE_1.12.1\STM32CubeIDE\plugins\com.st.stm32cube.common.mx_6.8.1.202304191431\\db\
2023-11-10 10:07:34,403 [INFO] CodeEngine:255 - oldGeneratedFile, D:\231_semester\Microprocessor\lab_4_demo\uart\MXTmpFiles\license.tmp_save
2023-11-10 10:07:35,988 [INFO] CodeEngine:279 - Generated code: D:\231_semester\Microprocessor\lab_4_demo\uart\MXTmpFiles\license.tmp
2023-11-10 10:07:36,035 [INFO] CodeEngine:255 - oldGeneratedFile, D:\231_semester\Microprocessor\lab_4_demo\uart\Core\Src\stm32f1xx_it.c_save
2023-11-10 10:07:36,485 [INFO] CodeEngine:279 - Generated code: D:\231_semester\Microprocessor\lab_4_demo\uart\Core\Src\stm32f1xx_it.c
2023-11-10 10:07:36,517 [INFO] CodeEngine:255 - oldGeneratedFile, D:\231_semester\Microprocessor\lab_4_demo\uart\Core\Inc\stm32f1xx_it.h_save
2023-11-10 10:07:36,722 [INFO] CodeEngine:279 - Generated code: D:\231_semester\Microprocessor\lab_4_demo\uart\Core\Inc\stm32f1xx_it.h
2023-11-10 10:07:36,986 [INFO] CodeEngine:255 - oldGeneratedFile, D:\231_semester\Microprocessor\lab_4_demo\uart\Core\Src\stm32f1xx_hal_msp.c_save
2023-11-10 10:07:37,537 [INFO] CodeEngine:279 - Generated code: D:\231_semester\Microprocessor\lab_4_demo\uart\Core\Src\stm32f1xx_hal_msp.c
2023-11-10 10:07:37,569 [INFO] CodeEngine:255 - oldGeneratedFile, D:\231_semester\Microprocessor\lab_4_demo\uart\MXTmpFiles\system.tmp_save
2023-11-10 10:07:37,779 [INFO] CodeEngine:279 - Generated code: D:\231_semester\Microprocessor\lab_4_demo\uart\MXTmpFiles\system.tmp
2023-11-10 10:07:37,819 [INFO] CodeEngine:311 - oldGeneratedFile, D:\231_semester\Microprocessor\lab_4_demo\uart\Core\Inc\stm32f1xx_hal_conf.h_save
2023-11-10 10:07:38,117 [INFO] CodeEngine:335 - Generated code: D:\231_semester\Microprocessor\lab_4_demo\uart\Core\Inc\stm32f1xx_hal_conf.h
2023-11-10 10:07:38,237 [INFO] CodeEngine:255 - oldGeneratedFile, D:\231_semester\Microprocessor\lab_4_demo\uart\Core\Inc\main.h_save
2023-11-10 10:07:38,651 [INFO] CodeEngine:279 - Generated code: D:\231_semester\Microprocessor\lab_4_demo\uart\Core\Inc\main.h
2023-11-10 10:07:38,690 [INFO] CodeEngine:255 - oldGeneratedFile, D:\231_semester\Microprocessor\lab_4_demo\uart\Core\Src\main.c_save
2023-11-10 10:07:39,223 [INFO] CodeEngine:279 - Generated code: D:\231_semester\Microprocessor\lab_4_demo\uart\Core\Src\main.c
2023-11-10 10:07:41,209 [INFO] ProjectBuilder:2996 - Time for Copy HAL[1] : 246mS.
2023-11-10 10:07:41,240 [INFO] ProjectBuilder:4304 - Project Generator version: 3.19.2
2023-11-10 10:07:42,262 [INFO] ConfigFileManager:1483 - The Die is : DIE412
2023-11-10 10:07:42,439 [INFO] ApiDbMcu:507 - Load IP Config File for FATFS
2023-11-10 10:07:42,476 [INFO] ApiDbMcu:507 - Load IP Config File for FREERTOS
2023-11-10 10:07:42,510 [INFO] ApiDbMcu:507 - Load IP Config File for USB_DEVICE
2023-11-10 10:07:45,233 [INFO] LogOutputStream:77 - [STDOUT_REDIRECT] 
2023-11-10 10:07:55,136 [INFO] ProjectBuilder:4505 - Time for Generating toolchain IDE Files: 13896mS.
2023-11-10 10:07:55,138 [INFO] ProjectBuilder:2867 - Time for Copy CMSIS : 0mS.
2023-11-10 10:07:55,140 [INFO] ProjectBuilder:2867 - Time for Copy CMSIS : 0mS.
2023-11-10 10:07:59,243 [INFO] McuFinderGlobals:66 - Set McuFinderConnectedMode to true
2023-11-10 10:07:59,246 [INFO] ApiDb:448 - Save user favorites file C:\Users\Admin/.stm32cubeide/favorites.mcus.txt: 0 item(s)
2023-11-10 10:07:59,247 [INFO] ApiDb:452 - User favorites MCUs=[]
2023-11-10 10:15:06,272 [INFO] NvicIntPanel:101 - NVIC parent = com.st.microxplorer.plugins.ip.nvic.MultiNvicIntPanel[,0,0,0x0,invalid,layout=javax.swing.BoxLayout,alignmentX=0.0,alignmentY=0.0,border=,flags=9,maximumSize=,minimumSize=,preferredSize=]
2023-11-10 10:15:13,225 [INFO] NvicIntPanel:101 - NVIC parent = com.st.microxplorer.plugins.ip.nvic.MultiNvicIntPanel[,0,0,0x0,invalid,layout=javax.swing.BoxLayout,alignmentX=0.0,alignmentY=0.0,border=,flags=9,maximumSize=,minimumSize=,preferredSize=]
2023-11-10 10:15:13,709 [INFO] NvicIntPanel:101 - NVIC parent = com.st.microxplorer.plugins.ip.nvic.MultiNvicIntPanel[,0,0,0x0,invalid,layout=javax.swing.BoxLayout,alignmentX=0.0,alignmentY=0.0,border=,flags=9,maximumSize=,minimumSize=,preferredSize=]
2023-11-10 10:15:14,785 [INFO] NvicIntPanel:101 - NVIC parent = com.st.microxplorer.plugins.ip.nvic.MultiNvicIntPanel[,0,0,0x0,invalid,layout=javax.swing.BoxLayout,alignmentX=0.0,alignmentY=0.0,border=,flags=9,maximumSize=,minimumSize=,preferredSize=]
2023-11-10 10:15:29,570 [INFO] NvicIntPanel:101 - NVIC parent = com.st.microxplorer.plugins.ip.nvic.MultiNvicIntPanel[,0,0,0x0,invalid,layout=javax.swing.BoxLayout,alignmentX=0.0,alignmentY=0.0,border=,flags=9,maximumSize=,minimumSize=,preferredSize=]
2023-11-10 10:23:38,621 [INFO] UtilMem:75 - End SaveConfig() Used Memory: 524374088 Bytes (956301312)
2023-11-10 10:23:40,412 [INFO] UtilMem:75 - End SaveConfig() Used Memory: 539053920 Bytes (956301312)
2023-11-10 10:23:40,624 [INFO] UtilMem:75 - End SaveConfig() Used Memory: 552418904 Bytes (956301312)
2023-11-10 10:23:41,210 [INFO] BlockDiagram:2759 - set Specific Code input for plugin: NVIC
2023-11-10 10:23:41,210 [INFO] BlockDiagram:2759 - set Specific Code input for plugin: GPIO
2023-11-10 10:23:41,210 [INFO] BlockDiagram:2759 - set Specific Code input for plugin: USART
2023-11-10 10:23:41,210 [INFO] BlockDiagram:2759 - set Specific Code input for plugin: RCC
2023-11-10 10:23:41,222 [INFO] CodeGenerator:793 - code generatio: config db path: C:\ST\STM32CubeIDE_1.12.1\STM32CubeIDE\plugins\com.st.stm32cube.common.mx_6.8.1.202304191431\\db\
2023-11-10 10:23:41,654 [INFO] CodeEngine:255 - oldGeneratedFile, D:\231_semester\Microprocessor\lab_4_demo\uart\MXTmpFiles\license.tmp_save
2023-11-10 10:23:42,101 [INFO] CodeEngine:279 - Generated code: D:\231_semester\Microprocessor\lab_4_demo\uart\MXTmpFiles\license.tmp
2023-11-10 10:23:42,203 [INFO] CodeEngine:255 - oldGeneratedFile, D:\231_semester\Microprocessor\lab_4_demo\uart\MXTmpFiles\gpio.tmp_save
2023-11-10 10:23:42,565 [INFO] CodeEngine:279 - Generated code: D:\231_semester\Microprocessor\lab_4_demo\uart\MXTmpFiles\gpio.tmp
2023-11-10 10:23:42,673 [INFO] CodeEngine:255 - oldGeneratedFile, D:\231_semester\Microprocessor\lab_4_demo\uart\Core\Src\stm32f1xx_it.c_save
2023-11-10 10:23:43,485 [INFO] CodeEngine:279 - Generated code: D:\231_semester\Microprocessor\lab_4_demo\uart\Core\Src\stm32f1xx_it.c
2023-11-10 10:23:43,492 [INFO] CodeEngine:255 - oldGeneratedFile, D:\231_semester\Microprocessor\lab_4_demo\uart\Core\Inc\stm32f1xx_it.h_save
2023-11-10 10:23:43,642 [INFO] CodeEngine:279 - Generated code: D:\231_semester\Microprocessor\lab_4_demo\uart\Core\Inc\stm32f1xx_it.h
2023-11-10 10:23:43,675 [INFO] CodeEngine:255 - oldGeneratedFile, D:\231_semester\Microprocessor\lab_4_demo\uart\Core\Src\stm32f1xx_hal_msp.c_save
2023-11-10 10:23:43,954 [INFO] CodeEngine:279 - Generated code: D:\231_semester\Microprocessor\lab_4_demo\uart\Core\Src\stm32f1xx_hal_msp.c
2023-11-10 10:23:43,971 [INFO] CodeEngine:255 - oldGeneratedFile, D:\231_semester\Microprocessor\lab_4_demo\uart\MXTmpFiles\system.tmp_save
2023-11-10 10:23:44,074 [INFO] CodeEngine:279 - Generated code: D:\231_semester\Microprocessor\lab_4_demo\uart\MXTmpFiles\system.tmp
2023-11-10 10:23:44,122 [INFO] CodeEngine:311 - oldGeneratedFile, D:\231_semester\Microprocessor\lab_4_demo\uart\Core\Inc\stm32f1xx_hal_conf.h_save
2023-11-10 10:23:44,308 [INFO] CodeEngine:335 - Generated code: D:\231_semester\Microprocessor\lab_4_demo\uart\Core\Inc\stm32f1xx_hal_conf.h
2023-11-10 10:23:44,370 [INFO] CodeEngine:255 - oldGeneratedFile, D:\231_semester\Microprocessor\lab_4_demo\uart\Core\Inc\main.h_save
2023-11-10 10:23:44,578 [INFO] CodeEngine:279 - Generated code: D:\231_semester\Microprocessor\lab_4_demo\uart\Core\Inc\main.h
2023-11-10 10:23:44,597 [INFO] CodeEngine:255 - oldGeneratedFile, D:\231_semester\Microprocessor\lab_4_demo\uart\Core\Src\main.c_save
2023-11-10 10:23:44,802 [INFO] CodeEngine:279 - Generated code: D:\231_semester\Microprocessor\lab_4_demo\uart\Core\Src\main.c
2023-11-10 10:23:45,732 [INFO] ProjectBuilder:2996 - Time for Copy HAL[1] : 153mS.
2023-11-10 10:23:45,737 [INFO] ProjectBuilder:4304 - Project Generator version: 3.19.2
2023-11-10 10:23:46,446 [INFO] ConfigFileManager:1483 - The Die is : DIE412
2023-11-10 10:23:51,200 [INFO] ProjectBuilder:4505 - Time for Generating toolchain IDE Files: 5463mS.
2023-11-10 10:23:51,201 [INFO] ProjectBuilder:2867 - Time for Copy CMSIS : 1mS.
2023-11-10 10:23:51,203 [INFO] ProjectBuilder:2867 - Time for Copy CMSIS : 0mS.
