2023-11-11 07:03:07,832 [INFO] Activator:176 - 


2023-11-11 07:03:07,841 [INFO] Activator:177 - !SESSION log4j initialized
2023-11-11 07:03:16,348 [INFO] LogOutputStream:77 - [STDOUT_REDIRECT] 
2023-11-11 07:03:38,890 [ERROR] LogOutputStream:75 - [STDERR_REDIRECT] SLF4J: Failed to load class "org.slf4j.impl.StaticLoggerBinder".
2023-11-11 07:03:38,891 [ERROR] LogOutputStream:75 - [STDERR_REDIRECT] SLF4J: Defaulting to no-operation (NOP) logger implementation
2023-11-11 07:03:38,895 [ERROR] LogOutputStream:75 - [STDERR_REDIRECT] SLF4J: See http://www.slf4j.org/codes.html#StaticLoggerBinder for further details.
2023-11-11 07:09:20,863 [INFO] ApplicationProperties:184 - Using Application install path: C:\ST\STM32CubeIDE_1.12.1\STM32CubeIDE\plugins\com.st.stm32cube.common.mx_6.8.1.202304191431
2023-11-11 07:09:20,908 [INFO] DbMcusXml:78 - Set database path to: C:\ST\STM32CubeIDE_1.12.1\STM32CubeIDE\plugins\com.st.stm32cube.common.mx_6.8.1.202304191431\\db\/mcu/
2023-11-11 07:09:20,909 [INFO] ApiDb:274 - Set plugin database path to: C:\ST\STM32CubeIDE_1.12.1\STM32CubeIDE\plugins\com.st.stm32cube.common.mx_6.8.1.202304191431\\db\/plugins/boardmanager/
2023-11-11 07:09:20,914 [WARN] ApiDb:259 - Overriding images path with different value:  => C:\ST\STM32CubeIDE_1.12.1\STM32CubeIDE\plugins\com.st.stm32cube.common.mx_6.8.1.202304191431\\db\/plugins/mcufinder/images/
2023-11-11 07:09:21,006 [INFO] ApiDb:250 - Set database path to: C:\Users\Admin\.stmcufinder\plugins\mcufinder//mcu/
2023-11-11 07:09:21,010 [INFO] DbMcusAds:125 - Set database path to: C:\Users\Admin\.stmcufinder\plugins\mcufinder//mcu/
2023-11-11 07:09:21,055 [INFO] CrossReferenceDbSqlite:203 - Set database path to: C:\Users\Admin\.stmcufinder\plugins\mcufinder//mcu/cs/
2023-11-11 07:09:21,310 [INFO] RulesReader:64 - Compatibility file has been processed (293 Rules)
2023-11-11 07:09:21,494 [INFO] DbMcusXml:78 - Set database path to: C:\ST\STM32CubeIDE_1.12.1\STM32CubeIDE\plugins\com.st.stm32cube.common.mx_6.8.1.202304191431\\db\/mcu/
2023-11-11 07:09:21,494 [INFO] ApiDb:274 - Set plugin database path to: C:\ST\STM32CubeIDE_1.12.1\STM32CubeIDE\plugins\com.st.stm32cube.common.mx_6.8.1.202304191431\\db\/plugins/boardmanager/
2023-11-11 07:09:21,496 [INFO] ApiDb:261 - Set plugin images path to: C:\ST\STM32CubeIDE_1.12.1\STM32CubeIDE\plugins\com.st.stm32cube.common.mx_6.8.1.202304191431\\db\/plugins/mcufinder/images/
2023-11-11 07:09:21,496 [WARN] DbFile:41 - Overriding database path with different value: C:\Users\Admin\.stmcufinder\plugins\mcufinder/ => C:\Users\Admin\.stmcufinder\plugins\mcufinder
2023-11-11 07:09:21,496 [INFO] ApiDb:250 - Set database path to: C:\Users\Admin\.stmcufinder\plugins\mcufinder//mcu/
2023-11-11 07:09:21,496 [WARN] DbFile:41 - Overriding database path with different value: C:\Users\Admin\.stmcufinder\plugins\mcufinder/ => C:\Users\Admin\.stmcufinder\plugins\mcufinder
2023-11-11 07:09:21,497 [INFO] DbMcusAds:125 - Set database path to: C:\Users\Admin\.stmcufinder\plugins\mcufinder//mcu/
2023-11-11 07:09:21,497 [WARN] DbFile:41 - Overriding database path with different value: C:\Users\Admin\.stmcufinder\plugins\mcufinder/ => C:\Users\Admin\.stmcufinder\plugins\mcufinder
2023-11-11 07:09:21,497 [WARN] DbFile:41 - Overriding database path with different value: C:\Users\Admin\.stmcufinder\plugins\mcufinder/ => C:\Users\Admin\.stmcufinder\plugins\mcufinder
2023-11-11 07:09:21,498 [INFO] CrossReferenceDbSqlite:203 - Set database path to: C:\Users\Admin\.stmcufinder\plugins\mcufinder//mcu/cs/
2023-11-11 07:09:21,748 [INFO] MainPanel:253 - HeapMemory: 482344960
2023-11-11 07:09:22,531 [INFO] DbMcusXml:78 - Set database path to: C:\ST\STM32CubeIDE_1.12.1\STM32CubeIDE\plugins\com.st.stm32cube.common.mx_6.8.1.202304191431\\db\/mcu/
2023-11-11 07:09:22,533 [INFO] ApiDb:274 - Set plugin database path to: C:\ST\STM32CubeIDE_1.12.1\STM32CubeIDE\plugins\com.st.stm32cube.common.mx_6.8.1.202304191431\\db\/plugins/boardmanager/
2023-11-11 07:09:22,534 [INFO] ApiDb:261 - Set plugin images path to: C:\ST\STM32CubeIDE_1.12.1\STM32CubeIDE\plugins\com.st.stm32cube.common.mx_6.8.1.202304191431\\db\/plugins/mcufinder/images/
2023-11-11 07:09:22,538 [WARN] DbFile:41 - Overriding database path with different value: C:\Users\Admin\.stmcufinder\plugins\mcufinder/ => C:\Users\Admin\.stmcufinder\plugins\mcufinder
2023-11-11 07:09:22,539 [INFO] ApiDb:250 - Set database path to: C:\Users\Admin\.stmcufinder\plugins\mcufinder//mcu/
2023-11-11 07:09:22,539 [WARN] DbFile:41 - Overriding database path with different value: C:\Users\Admin\.stmcufinder\plugins\mcufinder/ => C:\Users\Admin\.stmcufinder\plugins\mcufinder
2023-11-11 07:09:22,540 [INFO] DbMcusAds:125 - Set database path to: C:\Users\Admin\.stmcufinder\plugins\mcufinder//mcu/
2023-11-11 07:09:22,541 [WARN] DbFile:41 - Overriding database path with different value: C:\Users\Admin\.stmcufinder\plugins\mcufinder/ => C:\Users\Admin\.stmcufinder\plugins\mcufinder
2023-11-11 07:09:22,542 [WARN] DbFile:41 - Overriding database path with different value: C:\Users\Admin\.stmcufinder\plugins\mcufinder/ => C:\Users\Admin\.stmcufinder\plugins\mcufinder
2023-11-11 07:09:22,544 [INFO] CrossReferenceDbSqlite:203 - Set database path to: C:\Users\Admin\.stmcufinder\plugins\mcufinder//mcu/cs/
2023-11-11 07:09:22,669 [INFO] ApplicationProperties:184 - Using Application install path: C:\ST\STM32CubeIDE_1.12.1\STM32CubeIDE\plugins\com.st.stm32cube.common.mx_6.8.1.202304191431
2023-11-11 07:09:22,673 [INFO] PluginManage:196 - Search for loadable plugins [exclusion list=, ]
2023-11-11 07:09:22,677 [INFO] PluginManage:310 - Check plugin analytics
2023-11-11 07:09:23,460 [INFO] AnalyticsPlugin:253 - Accepted Software Licenses: STM32CubeMX.6.8.1
2023-11-11 07:09:23,460 [INFO] AnalyticsPlugin:255 - Accepted CMSIS Pack Licenses: 
2023-11-11 07:09:23,460 [INFO] AnalyticsPlugin:257 - Accepted Firmware Licenses: FW.F4.1.27.0
2023-11-11 07:09:23,541 [INFO] PluginManage:359 - Loaded plugin analytics (category:tool,tabindex:-1)
2023-11-11 07:09:23,543 [INFO] PluginManage:310 - Check plugin cadmodel
2023-11-11 07:09:23,601 [INFO] CADModel:105 - Init CAD model plugin
2023-11-11 07:09:23,602 [INFO] PluginManage:359 - Loaded plugin cadmodel (category:power,tabindex:5)
2023-11-11 07:09:23,602 [INFO] PluginManage:310 - Check plugin clock
2023-11-11 07:09:23,652 [INFO] PluginManage:359 - Loaded plugin clock (category:base,tabindex:2)
2023-11-11 07:09:23,653 [INFO] PluginManage:310 - Check plugin ddr
2023-11-11 07:09:23,658 [INFO] PluginManage:359 - Loaded plugin ddr (category:tool,tabindex:6)
2023-11-11 07:09:23,659 [INFO] PluginManage:310 - Check plugin filemanager
2023-11-11 07:09:24,409 [INFO] PluginManage:359 - Loaded plugin filemanager (category:base,tabindex:10)
2023-11-11 07:09:24,410 [INFO] PluginManage:310 - Check plugin ipmanager
2023-11-11 07:09:24,438 [INFO] PluginManage:359 - Loaded plugin ipmanager (category:base,tabindex:5)
2023-11-11 07:09:24,438 [INFO] PluginManage:310 - Check plugin lpbam
2023-11-11 07:09:24,505 [INFO] PluginManage:359 - Loaded plugin lpbam (category:base,tabindex:0)
2023-11-11 07:09:24,506 [INFO] PluginManage:310 - Check plugin pinoutandconfiguration
2023-11-11 07:09:24,560 [INFO] PluginManage:359 - Loaded plugin pinoutandconfiguration (category:base,tabindex:1)
2023-11-11 07:09:24,561 [INFO] PluginManage:310 - Check plugin pinoutconfig
2023-11-11 07:09:24,801 [WARN] SupportedApi:132 - Cannot load RTOS API schema: s4s-elt-must-match.1: The content of 'definitions' must match (annotation?, (simpleType | complexType)?, (unique | key | keyref)*)). A problem was found starting at: attribute.
2023-11-11 07:09:25,661 [INFO] PluginManage:359 - Loaded plugin pinoutconfig (category:base,tabindex:0)
2023-11-11 07:09:25,662 [INFO] PluginManage:310 - Check plugin power
2023-11-11 07:09:26,698 [INFO] PluginManage:359 - Loaded plugin power (category:power,tabindex:4)
2023-11-11 07:09:26,700 [INFO] PluginManage:310 - Check plugin projectmanager
2023-11-11 07:09:28,023 [INFO] PluginManage:359 - Loaded plugin projectmanager (category:projectmanager,tabindex:3)
2023-11-11 07:09:28,023 [INFO] PluginManage:310 - Check plugin thirdparty
2023-11-11 07:09:29,508 [INFO] PluginManage:359 - Loaded plugin thirdparty (category:base,tabindex:-1)
2023-11-11 07:09:29,508 [INFO] PluginManage:310 - Check plugin tools
2023-11-11 07:09:29,514 [WARN] IntegrityCheckThread:84 - waiting for thirdparty lock release [integrity check]
2023-11-11 07:09:29,524 [INFO] IntegrityCheckThread:86 - entering critical section [integrity check]
2023-11-11 07:09:29,574 [INFO] ThirdPartyUpdaterWithRetryManager:70 - Updater plugin not ready yet. [1/15]
2023-11-11 07:09:29,619 [INFO] PluginManage:359 - Loaded plugin tools (category:base,tabindex:7)
2023-11-11 07:09:29,622 [INFO] PluginManage:310 - Check plugin tutovideos
2023-11-11 07:09:31,496 [INFO] PluginManage:359 - Loaded plugin tutovideos (category:base,tabindex:-1)
2023-11-11 07:09:31,497 [INFO] PluginManage:310 - Check plugin updater
2023-11-11 07:09:31,636 [INFO] PluginManage:359 - Loaded plugin updater (category:base,tabindex:12)
2023-11-11 07:09:31,639 [INFO] PluginManage:283 - PluginManage : Loaded plugins [15]
2023-11-11 07:09:32,657 [INFO] ThirdPartyUpdaterWithRetryManager:70 - Updater plugin not ready yet. [2/15]
2023-11-11 07:09:32,856 [INFO] PinOutPanel:1499 - setPackage(No Configuration,No Configuration)
2023-11-11 07:09:33,089 [INFO] CADModel:165 - CPN selected for project level
2023-11-11 07:09:33,089 [INFO] CADModel:114 - Register for checkConnection events
2023-11-11 07:09:33,176 [INFO] IPUIPlugin:80 - create IPUIPlugin
2023-11-11 07:09:33,176 [INFO] PluginManager:220 - loadIPPluginJar : add adc
2023-11-11 07:09:33,260 [INFO] IPUIPlugin:80 - create IPUIPlugin
2023-11-11 07:09:33,261 [INFO] PluginManager:220 - loadIPPluginJar : add aes
2023-11-11 07:09:33,356 [INFO] IPUIPlugin:80 - create IPUIPlugin
2023-11-11 07:09:33,356 [INFO] PluginManager:220 - loadIPPluginJar : add can
2023-11-11 07:09:33,410 [INFO] IPUIPlugin:80 - create IPUIPlugin
2023-11-11 07:09:33,410 [INFO] PluginManager:220 - loadIPPluginJar : add comp
2023-11-11 07:09:33,506 [INFO] IPUIPlugin:80 - create IPUIPlugin
2023-11-11 07:09:33,507 [INFO] PluginManager:220 - loadIPPluginJar : add cryp
2023-11-11 07:09:33,581 [INFO] IPUIPlugin:80 - create IPUIPlugin
2023-11-11 07:09:33,581 [INFO] PluginManager:220 - loadIPPluginJar : add dfsdm
2023-11-11 07:09:33,617 [INFO] IPUIPlugin:80 - create IPUIPlugin
2023-11-11 07:09:33,619 [INFO] PluginManager:220 - loadIPPluginJar : add dma
2023-11-11 07:09:33,754 [INFO] IPUIPlugin:80 - create IPUIPlugin
2023-11-11 07:09:33,754 [INFO] PluginManager:220 - loadIPPluginJar : add dma3
2023-11-11 07:09:33,813 [INFO] IPUIPlugin:80 - create IPUIPlugin
2023-11-11 07:09:33,813 [INFO] PluginManager:220 - loadIPPluginJar : add fatfs
2023-11-11 07:09:34,104 [INFO] IPUIPlugin:80 - create IPUIPlugin
2023-11-11 07:09:34,104 [INFO] PluginManager:220 - loadIPPluginJar : add fmc
2023-11-11 07:09:34,159 [INFO] IPUIPlugin:80 - create IPUIPlugin
2023-11-11 07:09:34,159 [INFO] PluginManager:220 - loadIPPluginJar : add freertos
2023-11-11 07:09:34,228 [INFO] IPUIPlugin:80 - create IPUIPlugin
2023-11-11 07:09:34,228 [INFO] PluginManager:220 - loadIPPluginJar : add genericplugin
2023-11-11 07:09:34,550 [INFO] IPUIPlugin:80 - create IPUIPlugin
2023-11-11 07:09:34,551 [INFO] PluginManager:220 - loadIPPluginJar : add gfxmmu
2023-11-11 07:09:35,039 [INFO] IPUIPlugin:80 - create IPUIPlugin
2023-11-11 07:09:35,040 [INFO] PluginManager:220 - loadIPPluginJar : add gic
2023-11-11 07:09:35,068 [INFO] IPUIPlugin:80 - create IPUIPlugin
2023-11-11 07:09:35,068 [INFO] PluginManager:220 - loadIPPluginJar : add gpio
2023-11-11 07:09:35,335 [INFO] IPUIPlugin:80 - create IPUIPlugin
2023-11-11 07:09:35,335 [INFO] PluginManager:220 - loadIPPluginJar : add gtzc
2023-11-11 07:09:35,417 [INFO] IPUIPlugin:80 - create IPUIPlugin
2023-11-11 07:09:35,417 [INFO] PluginManager:220 - loadIPPluginJar : add hash
2023-11-11 07:09:35,538 [INFO] IPUIPlugin:80 - create IPUIPlugin
2023-11-11 07:09:35,538 [INFO] PluginManager:220 - loadIPPluginJar : add i2c
2023-11-11 07:09:35,626 [INFO] IPUIPlugin:80 - create IPUIPlugin
2023-11-11 07:09:35,627 [INFO] PluginManager:220 - loadIPPluginJar : add i2s
2023-11-11 07:09:35,692 [INFO] ThirdPartyUpdaterWithRetryManager:70 - Updater plugin not ready yet. [3/15]
2023-11-11 07:09:35,729 [INFO] IPUIPlugin:80 - create IPUIPlugin
2023-11-11 07:09:35,729 [INFO] PluginManager:220 - loadIPPluginJar : add i3c
2023-11-11 07:09:35,980 [INFO] IPUIPlugin:80 - create IPUIPlugin
2023-11-11 07:09:35,980 [INFO] PluginManager:220 - loadIPPluginJar : add ipddr
2023-11-11 07:09:36,195 [INFO] IPUIPlugin:80 - create IPUIPlugin
2023-11-11 07:09:36,195 [INFO] PluginManager:220 - loadIPPluginJar : add linkedlist
2023-11-11 07:09:36,269 [INFO] IPUIPlugin:80 - create IPUIPlugin
2023-11-11 07:09:36,269 [INFO] PluginManager:220 - loadIPPluginJar : add lorawan
2023-11-11 07:09:36,345 [INFO] IPUIPlugin:80 - create IPUIPlugin
2023-11-11 07:09:36,346 [INFO] PluginManager:220 - loadIPPluginJar : add ltdc
2023-11-11 07:09:36,369 [INFO] IPUIPlugin:80 - create IPUIPlugin
2023-11-11 07:09:36,369 [INFO] PluginManager:220 - loadIPPluginJar : add mdma
2023-11-11 07:09:36,388 [INFO] IPUIPlugin:80 - create IPUIPlugin
2023-11-11 07:09:36,388 [INFO] PluginManager:220 - loadIPPluginJar : add nvic
2023-11-11 07:09:36,503 [INFO] IPUIPlugin:80 - create IPUIPlugin
2023-11-11 07:09:36,503 [INFO] PluginManager:220 - loadIPPluginJar : add opamp
2023-11-11 07:09:36,655 [INFO] IPUIPlugin:80 - create IPUIPlugin
2023-11-11 07:09:36,656 [INFO] PluginManager:220 - loadIPPluginJar : add openamp
2023-11-11 07:09:36,788 [INFO] IPUIPlugin:80 - create IPUIPlugin
2023-11-11 07:09:36,789 [INFO] PluginManager:220 - loadIPPluginJar : add pdm2pcm
2023-11-11 07:09:36,851 [INFO] IPUIPlugin:80 - create IPUIPlugin
2023-11-11 07:09:36,866 [INFO] PluginManager:220 - loadIPPluginJar : add plateformsettings
2023-11-11 07:09:36,942 [INFO] IPUIPlugin:80 - create IPUIPlugin
2023-11-11 07:09:36,942 [INFO] PluginManager:220 - loadIPPluginJar : add quadspi
2023-11-11 07:09:36,980 [INFO] IPUIPlugin:80 - create IPUIPlugin
2023-11-11 07:09:36,981 [INFO] PluginManager:220 - loadIPPluginJar : add resmgrutility
2023-11-11 07:09:37,121 [INFO] IPUIPlugin:80 - create IPUIPlugin
2023-11-11 07:09:37,121 [INFO] PluginManager:220 - loadIPPluginJar : add sai
2023-11-11 07:09:37,220 [INFO] IPUIPlugin:80 - create IPUIPlugin
2023-11-11 07:09:37,220 [INFO] PluginManager:220 - loadIPPluginJar : add spi
2023-11-11 07:09:37,375 [INFO] IPUIPlugin:80 - create IPUIPlugin
2023-11-11 07:09:37,376 [INFO] PluginManager:220 - loadIPPluginJar : add stm32_wpan
2023-11-11 07:09:37,437 [INFO] IPUIPlugin:80 - create IPUIPlugin
2023-11-11 07:09:37,437 [INFO] PluginManager:220 - loadIPPluginJar : add tim
2023-11-11 07:09:37,589 [INFO] IPUIPlugin:80 - create IPUIPlugin
2023-11-11 07:09:37,590 [INFO] PluginManager:220 - loadIPPluginJar : add touchsensing
2023-11-11 07:09:37,644 [INFO] IPUIPlugin:80 - create IPUIPlugin
2023-11-11 07:09:37,644 [INFO] PluginManager:220 - loadIPPluginJar : add tracer_emb
2023-11-11 07:09:37,697 [INFO] IPUIPlugin:80 - create IPUIPlugin
2023-11-11 07:09:37,697 [INFO] PluginManager:220 - loadIPPluginJar : add ts
2023-11-11 07:09:37,762 [INFO] IPUIPlugin:80 - create IPUIPlugin
2023-11-11 07:09:37,763 [INFO] PluginManager:220 - loadIPPluginJar : add tsc
2023-11-11 07:09:37,818 [INFO] IPUIPlugin:80 - create IPUIPlugin
2023-11-11 07:09:37,819 [INFO] PluginManager:220 - loadIPPluginJar : add ucpd
2023-11-11 07:09:37,967 [INFO] IPUIPlugin:80 - create IPUIPlugin
2023-11-11 07:09:37,967 [INFO] PluginManager:220 - loadIPPluginJar : add usart
2023-11-11 07:09:38,113 [INFO] IPUIPlugin:80 - create IPUIPlugin
2023-11-11 07:09:38,114 [INFO] PluginManager:220 - loadIPPluginJar : add usbx
2023-11-11 07:09:38,442 [INFO] CADModel:165 - CPN selected for project level
2023-11-11 07:09:38,442 [INFO] CADModel:114 - Register for checkConnection events
2023-11-11 07:09:38,443 [FATAL] Updater:308 - Updater called before beeing initialized
2023-11-11 07:09:38,443 [ERROR] CADModel:125 - Updater not yet initialized, retry later 
2023-11-11 07:09:38,695 [INFO] ThirdPartyUpdaterWithRetryManager:70 - Updater plugin not ready yet. [4/15]
2023-11-11 07:09:39,031 [INFO] CADModel:165 - CPN selected for project level
2023-11-11 07:09:39,031 [INFO] CADModel:114 - Register for checkConnection events
2023-11-11 07:09:39,032 [FATAL] Updater:308 - Updater called before beeing initialized
2023-11-11 07:09:39,032 [ERROR] CADModel:125 - Updater not yet initialized, retry later 
2023-11-11 07:09:39,043 [FATAL] Updater:308 - Updater called before beeing initialized
2023-11-11 07:09:39,418 [FATAL] Updater:308 - Updater called before beeing initialized
2023-11-11 07:09:39,451 [INFO] DbMcusAds:53 - JSON generation date=Tue Mar 07 15:50:55 ICT 2023 (1678179055335)
2023-11-11 07:09:39,451 [FATAL] Updater:308 - Updater called before beeing initialized
2023-11-11 07:09:39,564 [WARN] DetailPanel:346 - Failed to get advertising image, set to default
2023-11-11 07:09:39,911 [FATAL] Updater:308 - Updater called before beeing initialized
2023-11-11 07:09:39,922 [FATAL] Updater:308 - Updater called before beeing initialized
2023-11-11 07:09:39,922 [FATAL] Updater:308 - Updater called before beeing initialized
2023-11-11 07:09:39,922 [WARN] DetailPanel:346 - Failed to get advertising image, set to default
2023-11-11 07:09:39,925 [FATAL] Updater:308 - Updater called before beeing initialized
2023-11-11 07:09:40,144 [ERROR] Updater:1120 - MainUpdater not yet initialized. External WinMGr cannot be set.
2023-11-11 07:09:40,171 [INFO] Updater:1056 - Updater Version found : 6.8.1
2023-11-11 07:09:40,215 [INFO] ApplicationProperties:184 - Using Application install path: C:\ST\STM32CubeIDE_1.12.1\STM32CubeIDE\plugins\com.st.stm32cube.common.mx_6.8.1.202304191431
2023-11-11 07:09:40,691 [INFO] MainUpdater:2854 - connection check result : 10
2023-11-11 07:09:40,694 [INFO] MainUpdater:283 - Updater Check For Update Now.
2023-11-11 07:09:40,695 [INFO] MicroXplorer:498 - Change Database Version : DB.6.0.81
2023-11-11 07:09:41,144 [INFO] CheckServerUpdateThread:120 - End of CheckServer Thread
2023-11-11 07:09:41,261 [INFO] MainUpdater:2854 - connection check result : 10
2023-11-11 07:09:41,281 [INFO] MainUpdater:2854 - connection check result : 10
2023-11-11 07:09:41,760 [INFO] MicroXplorer:468 - Change Database Path : 
2023-11-11 07:09:41,761 [INFO] MicroXplorer:498 - Change Database Version : DB.6.0.81
2023-11-11 07:09:41,763 [WARN] ThirdParty:871 - waiting for thirdparty lock release [close project]
2023-11-11 07:09:42,621 [WARN] PackLoader:240 - Cannot read IP mode file for STMicroelectronics.X-CUBE-SMBUS.2.1.0
2023-11-11 07:09:42,990 [WARN] PackLoader:240 - Cannot read IP mode file for STMicroelectronics.X-CUBE-AZRTOS-F7.1.1.0
2023-11-11 07:09:43,242 [WARN] PackLoader:240 - Cannot read IP mode file for STMicroelectronics.FP-SNS-MOTENV1.4.3.2
2023-11-11 07:09:43,281 [ERROR] RealEvaluatedCondition:428 - Found unsupported composite condition: CLASS='Data Exchange' GROUP='STM32_MetaDataManager'
2023-11-11 07:09:43,302 [ERROR] RealEvaluatedCondition:428 - Found unsupported composite condition: GROUP='STM32_MetaDataManager' CLASS='Data Exchange'
2023-11-11 07:09:43,310 [WARN] PackLoader:240 - Cannot read IP mode file for STMicroelectronics.FP-SNS-MOTENV1.4.3.1
2023-11-11 07:09:43,386 [WARN] PackLoader:240 - Cannot read IP mode file for STMicroelectronics.FP-SNS-FLIGHT1.5.0.1
2023-11-11 07:09:43,446 [WARN] PackLoader:240 - Cannot read IP mode file for STMicroelectronics.X-CUBE-BLE1.6.2.4
2023-11-11 07:09:43,489 [WARN] PackLoader:240 - Cannot read IP mode file for STMicroelectronics.X-CUBE-DISPLAY.3.0.0
2023-11-11 07:09:43,530 [WARN] PackLoader:240 - Cannot read IP mode file for STMicroelectronics.X-CUBE-TOUCHGFX.4.22.0
2023-11-11 07:09:43,552 [WARN] PackLoader:240 - Cannot read IP mode file for STMicroelectronics.X-CUBE-TOUCHGFX.4.22.1
2023-11-11 07:09:43,579 [WARN] PackLoader:240 - Cannot read IP mode file for STMicroelectronics.FP-SNS-SMARTAG2.1.2.0
2023-11-11 07:09:43,665 [INFO] LogOutputStream:77 - [STDOUT_REDIRECT] 1 : Invalid condition id : UX_CORESTACK_Condition cause : null
2023-11-11 07:09:43,666 [INFO] LogOutputStream:77 - [STDOUT_REDIRECT] 1 : Invalid condition id : UX_CORESTACK_Condition cause : null
2023-11-11 07:09:43,670 [INFO] LogOutputStream:77 - [STDOUT_REDIRECT] 1 : Invalid condition id : UX_CORESTACK_Condition cause : null
2023-11-11 07:09:43,672 [INFO] LogOutputStream:77 - [STDOUT_REDIRECT] 1 : Invalid condition id : UX_CORESTACK_Condition cause : null
2023-11-11 07:09:43,675 [INFO] LogOutputStream:77 - [STDOUT_REDIRECT] 1 : Invalid condition id : UX_CORESTACK_Condition cause : null
2023-11-11 07:09:43,685 [WARN] PackLoader:240 - Cannot read IP mode file for STMicroelectronics.X-CUBE-AZRTOS-WL.2.0.0
2023-11-11 07:09:43,823 [WARN] PackLoader:240 - Cannot read IP mode file for WES.I-CUBE-Cesium.1.3.0
2023-11-11 07:09:43,921 [WARN] PackLoader:240 - Cannot read IP mode file for STMicroelectronics.X-CUBE-BLE2.3.3.0
2023-11-11 07:09:43,945 [WARN] PackLoader:240 - Cannot read IP mode file for STMicroelectronics.X-CUBE-TOUCHGFX.4.21.4
2023-11-11 07:09:44,414 [WARN] PackLoader:240 - Cannot read IP mode file for STMicroelectronics.X-CUBE-ALGOBUILD.1.3.0
2023-11-11 07:09:44,722 [WARN] PackLoader:240 - Cannot read IP mode file for STMicroelectronics.X-CUBE-AZRTOS-G0.1.1.0
2023-11-11 07:09:44,845 [WARN] PackLoader:240 - Cannot read IP mode file for STMicroelectronics.X-CUBE-NFC4.3.0.0
2023-11-11 07:09:45,112 [WARN] PackLoader:240 - Cannot read IP mode file for STMicroelectronics.X-CUBE-BLEMGR.3.0.0
2023-11-11 07:09:45,211 [WARN] PackLoader:240 - Cannot read IP mode file for STMicroelectronics.FP-ATR-SIGFOX1.3.2.0
2023-11-11 07:09:45,370 [WARN] PackLoader:240 - Cannot read IP mode file for SEGGER.I-CUBE-embOS.1.3.1
2023-11-11 07:09:45,538 [WARN] PackLoader:240 - Cannot read IP mode file for STMicroelectronics.X-CUBE-GNSS1.6.0.0
2023-11-11 07:09:45,618 [WARN] PackLoader:240 - Cannot read IP mode file for STMicroelectronics.X-CUBE-AZRTOS-F4.1.1.0
2023-11-11 07:09:45,648 [WARN] PackLoader:240 - Cannot read IP mode file for wolfSSL.I-CUBE-wolfSSL.5.6.0
2023-11-11 07:09:45,716 [WARN] PackLoader:240 - Cannot read IP mode file for STMicroelectronics.X-CUBE-AZRTOS-L5.2.0.0
2023-11-11 07:09:46,020 [WARN] PackLoader:240 - Cannot read IP mode file for STMicroelectronics.X-CUBE-MEMS1.9.6.0
2023-11-11 07:09:48,381 [WARN] PackLoader:240 - Cannot read IP mode file for STMicroelectronics.X-CUBE-EEPRMA1.4.2.0
2023-11-11 07:09:48,494 [WARN] PackLoader:240 - Cannot read IP mode file for ITTIA_DB.I-CUBE-ITTIADB.8.8.0
2023-11-11 07:09:48,539 [WARN] PackLoader:240 - Cannot read IP mode file for emotas.I-CUBE-CANOPEN.1.1.3
2023-11-11 07:09:48,614 [WARN] PackLoader:240 - Cannot read IP mode file for STMicroelectronics.X-CUBE-BLEMGR.2.0.0
2023-11-11 07:09:48,771 [WARN] ConditionMgr:438 - getConditionDescription Invalid condition id : UX DEVICE CLASS RTOS Condition cause : null
2023-11-11 07:09:48,771 [WARN] ConditionMgr:438 - getConditionDescription Invalid condition id : UX DEVICE CLASS RTOS Condition cause : null
2023-11-11 07:09:48,786 [WARN] PackLoader:240 - Cannot read IP mode file for STMicroelectronics.X-CUBE-AZRTOS-H7.3.1.0
2023-11-11 07:09:48,789 [WARN] ConditionMgr:1039 - genDependencies : Invalid condition id : UX DEVICE CLASS RTOS Condition cause : null
2023-11-11 07:09:48,790 [WARN] ConditionMgr:1039 - genDependencies : Invalid condition id : UX DEVICE CLASS RTOS Condition cause : null
2023-11-11 07:09:48,791 [WARN] ConditionMgr:1039 - genDependencies : Invalid condition id : UX DEVICE CLASS RTOS Condition cause : null
2023-11-11 07:09:48,792 [WARN] ConditionMgr:1039 - genDependencies : Invalid condition id : UX DEVICE CLASS RTOS Condition cause : null
2023-11-11 07:09:48,792 [WARN] ConditionMgr:1039 - genDependencies : Invalid condition id : UX DEVICE CLASS RTOS Condition cause : null
2023-11-11 07:09:48,884 [WARN] PackLoader:240 - Cannot read IP mode file for STMicroelectronics.X-CUBE-NFC7.1.0.1
2023-11-11 07:09:48,959 [WARN] PackLoader:240 - Cannot read IP mode file for STMicroelectronics.X-CUBE-NFC6.3.0.0
2023-11-11 07:09:48,996 [WARN] PackLoader:240 - Cannot read IP mode file for STMicroelectronics.X-CUBE-EEPRMA1.4.1.0
2023-11-11 07:09:49,134 [WARN] ConditionMgr:438 - getConditionDescription Invalid condition id : LAN8742 Phy interface Condition cause : null
2023-11-11 07:09:49,136 [WARN] PackLoader:240 - Cannot read IP mode file for STMicroelectronics.X-CUBE-AZRTOS-L4.2.0.0
2023-11-11 07:09:49,139 [WARN] ConditionMgr:1039 - genDependencies : Invalid condition id : LAN8742 Phy interface Condition cause : null
2023-11-11 07:09:49,140 [WARN] ConditionMgr:1039 - genDependencies : Invalid condition id : LAN8742 Phy interface Condition cause : null
2023-11-11 07:09:49,142 [WARN] ConditionMgr:1039 - genDependencies : Invalid condition id : LAN8742 Phy interface Condition cause : null
2023-11-11 07:09:49,354 [WARN] PackLoader:240 - Cannot read IP mode file for STMicroelectronics.X-CUBE-SFXS2LP1.4.0.0
2023-11-11 07:09:49,390 [WARN] PackLoader:240 - Cannot read IP mode file for STMicroelectronics.X-CUBE-ISPU.1.1.0
2023-11-11 07:09:49,487 [WARN] ConditionMgr:438 - getConditionDescription Invalid condition id : UX DEVICE CLASS RTOS Condition cause : null
2023-11-11 07:09:49,488 [WARN] ConditionMgr:438 - getConditionDescription Invalid condition id : UX DEVICE CLASS RTOS Condition cause : null
2023-11-11 07:09:49,493 [WARN] PackLoader:240 - Cannot read IP mode file for STMicroelectronics.X-CUBE-AZRTOS-WB.2.0.0
2023-11-11 07:09:49,494 [WARN] ConditionMgr:1039 - genDependencies : Invalid condition id : UX DEVICE CLASS RTOS Condition cause : null
2023-11-11 07:09:49,531 [WARN] ConditionMgr:1039 - genDependencies : Invalid condition id : UX DEVICE CLASS RTOS Condition cause : null
2023-11-11 07:09:49,535 [WARN] ConditionMgr:1039 - genDependencies : Invalid condition id : UX DEVICE CLASS RTOS Condition cause : null
2023-11-11 07:09:49,535 [WARN] ConditionMgr:1039 - genDependencies : Invalid condition id : UX DEVICE CLASS RTOS Condition cause : null
2023-11-11 07:09:49,536 [WARN] ConditionMgr:1039 - genDependencies : Invalid condition id : UX DEVICE CLASS RTOS Condition cause : null
2023-11-11 07:09:49,604 [WARN] PackLoader:240 - Cannot read IP mode file for STMicroelectronics.X-CUBE-FREERTOS.1.0.1
2023-11-11 07:09:49,745 [WARN] PackLoader:240 - Cannot read IP mode file for STMicroelectronics.X-CUBE-AZRTOS-L5.1.1.0
2023-11-11 07:09:50,057 [WARN] PackLoader:240 - Cannot read IP mode file for STMicroelectronics.X-CUBE-AI.8.0.1
2023-11-11 07:09:50,638 [WARN] PackLoader:240 - Cannot read IP mode file for STMicroelectronics.X-CUBE-SUBG2.5.0.0
2023-11-11 07:09:51,364 [WARN] PackLoader:240 - Cannot read IP mode file for STMicroelectronics.X-CUBE-TOF1.3.3.1
2023-11-11 07:09:51,694 [WARN] PackLoader:240 - Cannot read IP mode file for STMicroelectronics.X-CUBE-AZRTOS-G4.2.0.0
2023-11-11 07:09:52,036 [WARN] PackLoader:240 - Cannot read IP mode file for STMicroelectronics.X-CUBE-TOF1.3.3.0
2023-11-11 07:09:52,280 [WARN] PackLoader:240 - Cannot read IP mode file for Infineon.AIROC-Wi-Fi-Bluetooth-STM32.1.5.1
2023-11-11 07:09:52,937 [WARN] PackLoader:240 - Cannot read IP mode file for STMicroelectronics.X-CUBE-MEMS1.10.0.0
2023-11-11 07:09:53,868 [WARN] PackLoader:240 - Cannot read IP mode file for STMicroelectronics.X-CUBE-FREERTOS.1.1.0
2023-11-11 07:09:53,952 [WARN] PackLoader:240 - Cannot read IP mode file for portGmbH.I-Cube-SoM-uGOAL.1.1.0
2023-11-11 07:09:54,154 [WARN] PackLoader:240 - Cannot read IP mode file for STMicroelectronics.X-CUBE-ALS.1.0.1
2023-11-11 07:09:54,299 [WARN] PackLoader:240 - Cannot read IP mode file for STMicroelectronics.X-CUBE-AZRTOS-WB.1.1.0
2023-11-11 07:09:54,515 [WARN] PackLoader:240 - Cannot read IP mode file for STMicroelectronics.FP-ATR-ASTRA1.2.0.0
2023-11-11 07:09:54,520 [INFO] ThirdParty:978 - Integrity check success = true
2023-11-11 07:09:54,520 [INFO] IntegrityCheckThread:100 - exiting critical section [integrity check]
2023-11-11 07:09:54,521 [INFO] IntegrityCheckThread:103 - End integrity checks thread
2023-11-11 07:09:54,523 [INFO] ThirdParty:873 - entering critical section [close project]
2023-11-11 07:09:54,525 [INFO] ThirdParty:883 - exiting critical section [close project]
2023-11-11 07:09:54,543 [INFO] PinOutPanel:1499 - setPackage(No Configuration,No Configuration)
2023-11-11 07:09:54,559 [INFO] UtilMem:75 - Begin LoadConfig() Used Memory: 454491928 Bytes (482344960)
2023-11-11 07:09:54,561 [INFO] MicroXplorer:468 - Change Database Path : 
2023-11-11 07:09:54,562 [INFO] MicroXplorer:498 - Change Database Version : DB.6.0.81
2023-11-11 07:09:54,562 [INFO] OpenFileManager:308 - Change cursor
2023-11-11 07:09:55,176 [INFO] Mcu:1937 - Initializing MCU STM32F103C6Ux STM32F103C6Ux STM32F103C6U6A
2023-11-11 07:10:05,719 [INFO] Context:659 - Trying to add GPIOservice into a context  which must be forbidden
2023-11-11 07:10:08,695 [INFO] RtosManager:555 - Registered RTOS mode: class=CMSIS, group=RTOS, mode=CMSIS_V1, owner=FREERTOS
2023-11-11 07:10:08,696 [INFO] RtosManager:555 - Registered RTOS mode: class=CMSIS, group=RTOS2, mode=CMSIS_V2, owner=FREERTOS
2023-11-11 07:10:08,696 [INFO] RtosManager:555 - Registered RTOS mode: class=RTOS, group=Core, mode=CMSIS_V1, owner=FREERTOS
2023-11-11 07:10:08,696 [INFO] RtosManager:555 - Registered RTOS mode: class=RTOS, group=Core, mode=CMSIS_V2, owner=FREERTOS
2023-11-11 07:10:08,700 [WARN] ModelIntegratedComponent:184 - Missing modes for component STMicroelectronics:FreeRTOS:0.0.1:STMicroelectronics:RTOS:FreeRTOS:Core:::10.2.0:
2023-11-11 07:10:08,813 [WARN] ModelIntegratedComponent:63 - No mode defined for component null
2023-11-11 07:10:08,813 [WARN] ModelIntegratedComponent:63 - No mode defined for component null
2023-11-11 07:10:08,813 [WARN] ModelIntegratedComponent:63 - No mode defined for component null
2023-11-11 07:10:08,815 [WARN] ModelIntegratedComponent:63 - No mode defined for component null
2023-11-11 07:10:08,815 [WARN] ModelIntegratedComponent:63 - No mode defined for component null
2023-11-11 07:10:08,816 [WARN] ModelIntegratedComponent:63 - No mode defined for component null
2023-11-11 07:10:08,816 [WARN] ModelIntegratedComponent:63 - No mode defined for component null
2023-11-11 07:10:08,816 [WARN] ModelIntegratedComponent:63 - No mode defined for component null
2023-11-11 07:10:08,816 [WARN] ModelIntegratedComponent:63 - No mode defined for component null
2023-11-11 07:10:08,816 [WARN] ModelIntegratedComponent:63 - No mode defined for component null
2023-11-11 07:10:08,816 [WARN] ModelIntegratedComponent:63 - No mode defined for component null
2023-11-11 07:10:08,817 [WARN] ModelIntegratedComponent:63 - No mode defined for component null
2023-11-11 07:10:08,817 [WARN] ModelIntegratedComponent:63 - No mode defined for component null
2023-11-11 07:10:08,817 [WARN] ModelIntegratedComponent:63 - No mode defined for component null
2023-11-11 07:10:08,817 [WARN] ModelIntegratedComponent:63 - No mode defined for component null
2023-11-11 07:10:08,817 [WARN] ModelIntegratedComponent:63 - No mode defined for component null
2023-11-11 07:10:08,818 [WARN] ModelIntegratedComponent:63 - No mode defined for component null
2023-11-11 07:10:08,818 [WARN] ModelIntegratedComponent:63 - No mode defined for component null
2023-11-11 07:10:08,818 [WARN] ModelIntegratedComponent:63 - No mode defined for component null
2023-11-11 07:10:08,818 [WARN] ModelIntegratedComponent:63 - No mode defined for component null
2023-11-11 07:10:08,818 [WARN] ModelIntegratedComponent:63 - No mode defined for component null
2023-11-11 07:10:08,818 [WARN] ModelIntegratedComponent:63 - No mode defined for component null
2023-11-11 07:10:08,818 [WARN] ModelIntegratedComponent:63 - No mode defined for component null
2023-11-11 07:10:08,819 [WARN] ModelIntegratedComponent:63 - No mode defined for component null
2023-11-11 07:10:08,819 [WARN] ModelIntegratedComponent:63 - No mode defined for component null
2023-11-11 07:10:08,822 [WARN] ModelIntegratedComponent:63 - No mode defined for component null
2023-11-11 07:10:08,822 [WARN] ModelIntegratedComponent:63 - No mode defined for component null
2023-11-11 07:10:08,823 [WARN] ModelIntegratedComponent:63 - No mode defined for component null
2023-11-11 07:10:08,824 [WARN] ModelIntegratedComponent:63 - No mode defined for component null
2023-11-11 07:10:08,824 [WARN] ModelIntegratedComponent:63 - No mode defined for component null
2023-11-11 07:10:08,824 [WARN] ModelIntegratedComponent:63 - No mode defined for component null
2023-11-11 07:10:08,824 [WARN] ModelIntegratedComponent:63 - No mode defined for component null
2023-11-11 07:10:08,824 [WARN] ModelIntegratedComponent:63 - No mode defined for component null
2023-11-11 07:10:09,489 [INFO] ThirdPartyModel:298 - Start build external matchings
2023-11-11 07:10:17,494 [INFO] ThirdPartyModel:316 - End build external matchings
2023-11-11 07:10:18,786 [INFO] UtilMem:75 - End LoadConfig() Used Memory: 448154624 Bytes (506462208)
2023-11-11 07:10:19,291 [INFO] ApiDb:581 - Connected to CubeFinder SQLite database (C:\Users\Admin\.stmcufinder\plugins\mcufinder\mcu\cube-finder-db.db)
2023-11-11 07:10:19,554 [INFO] ApiDb:668 - CubeFinder database Data Model version=2.1
2023-11-11 07:10:19,555 [INFO] ApiDb:669 - CubeFinder database Configuration version=3.0.37
2023-11-11 07:10:19,555 [INFO] ApiDb:670 - CubeFinder database generation date=2023-10-13 (1697197505)
2023-11-11 07:10:19,555 [INFO] ApiDb:671 - CubeFinder database FW Pack versions=[FP-ATR-ASTRA1_V2.0.0, FP-SNS-FLIGHT1_V5.0.1, FP-SNS-FLIGHT1_V5.0.2, FP-SNS-MOTENV1_V4.3.1, FP-SNS-MOTENV1_V4.3.2, FP-SNS-SMARTAG2_V1.2.0, I-CUBE-ITTIADB_V8.6.3-1, STM32Cube_FW_C0_V1.1.0, STM32Cube_FW_F4_V1.27.1, STM32Cube_FW_F7_V1.17.0, STM32Cube_FW_G0_V1.6.1, STM32Cube_FW_G4_V1.5.1, STM32Cube_FW_H5_V0.5.1, STM32Cube_FW_H5_V1.1.1, STM32Cube_FW_H7_V1.11.0, STM32Cube_FW_L0_V1.12.2, STM32Cube_FW_L5_V1.5.0, STM32Cube_FW_U5_V1.3.0, STM32Cube_FW_U5_V1.3.0RC4, STM32Cube_FW_WBA_V1.0.0RC1, STM32Cube_FW_WBA_V1.1.0RC1, STM32Cube_FW_WBA_V1.1.1, STM32Cube_FW_WB_V1.15.0RC1, STM32Cube_FW_WB_V1.16.0, STM32Cube_FW_WB_V1.16.0RC2, STM32Cube_FW_WB_V1.17.3, STM32Cube_FW_WL_V1.3.0, X-CUBE-ALGOBUILD_V1.3.0, X-CUBE-ALS_V1.0.1, X-CUBE-AZRTOS-F4_V1.1.0, X-CUBE-AZRTOS-F7_V1.1.0, X-CUBE-AZRTOS-G0_V1.1.0, X-CUBE-AZRTOS-G4_V2.0.0, X-CUBE-AZRTOS-H7_V3.1.0, X-CUBE-AZRTOS-L4_V1.0.0, X-CUBE-AZRTOS-L4_V2.0.0, X-CUBE-AZRTOS-L5_V1.1.0, X-CUBE-AZRTOS-WB_V2.0.0, X-CUBE-AZRTOS-WL_V2.0.0, X-CUBE-BLE1_V7.0.0, X-CUBE-BLE2_V3.3.0, X-CUBE-BLEMGR_V2.0.0, X-CUBE-EEPRMA1_V4.1.0, X-CUBE-FREERTOS_V1.1.0, X-CUBE-GNSS1_V6.0.0, X-CUBE-MEMS1_V10.0.0, X-CUBE-MEMS1_V9.1.0, X-CUBE-MEMS1_V9.4.0, X-CUBE-MEMS1_V9.6.0, X-CUBE-NFC4_V3.0.0, X-CUBE-NFC7_V1.0.1, X-CUBE-SFXS2LP1_V4.0.0, X-CUBE-SUBG2_V5.0.0, X-CUBE-TOF1_V3.3.1]
2023-11-11 07:10:29,849 [INFO] ApiDb:240 - Found 297 in-development CPN: [B-G473E-ZEST1S, B-WB1M-WPAN1, B-WL5M-SUBG1, NUCLEO-C031C6, NUCLEO-H503RB, NUCLEO-H563ZI, NUCLEO-U545RE-Q, NUCLEO-U5A5ZJ-Q, NUCLEO-WBA52CG, STEVAL-PROTEUS1, STEVAL-STWINBX1, STM320518-EVAL, STM32C0116-DK, STM32C011D6Y3TR, STM32C011D6Y6TR, STM32C011F4P3, STM32C011F4P6, STM32C011F4U3, STM32C011F4U6TR, STM32C011F6P3, STM32C011F6P6, STM32C011F6U3, STM32C011F6U6TR, STM32C011J4M3, STM32C011J4M6, STM32C011J6M3, STM32C011J6M6, STM32C0316-DK, STM32C031C4T3, STM32C031C4T6, STM32C031C4U3, STM32C031C4U6, STM32C031C6T3, STM32C031C6T6, STM32C031C6U3, STM32C031C6U6, STM32C031F4P3, STM32C031F4P6, STM32C031F6P3, STM32C031F6P6, STM32C031G4U3, STM32C031G4U6, STM32C031G6U3, STM32C031G6U6, STM32C031K4T3, STM32C031K4T6, STM32C031K4U3, STM32C031K4U6, STM32C031K6T3, STM32C031K6T6, STM32C031K6U3, STM32C031K6U6, STM32G071K8TXN, STM32G071K8UXN, STM32G081GBU6N, STM32G081KBT6N, STM32G081KBUXN, STM32G0B1CCT6N, STM32G0B1KCT6, STM32G0B1NEY6TR, STM32G0B1RCT6N, STM32G0C1CCT6, STM32G0C1CCT6N, STM32G0C1CCU6N, STM32G0C1CET6N, STM32G0C1CEU6N, STM32G0C1KCT6, STM32G0C1NEY6TR, STM32G0C1RCI6N, STM32G0C1RCT6N, STM32G0C1REI6N, STM32G0C1RET6N, STM32G0C1VCI6, STM32G0C1VEI6, STM32G471CCT6, STM32G471CCU6, STM32G471CET3, STM32G471CET6, STM32G471CEU3, STM32G471CEU6, STM32G471MCT6, STM32G471MET3, STM32G471MET6, STM32G471MEY6TR, STM32G471QCT6, STM32G471QET3, STM32G471RCT6, STM32G471RET3, STM32G471RET6, STM32G471VCH6, STM32G471VCI6, STM32G471VCT6, STM32G471VEH3, STM32G471VEH6, STM32G471VEI3, STM32G471VEI6, STM32G471VET3, STM32G471VET6, STM32G474CCT6, STM32H503CBT6, STM32H503CBU6, STM32H503EBY6TR, STM32H503KBU6, STM32H503RBT6, STM32H562AGI6, STM32H562AII6, STM32H562IGK6, STM32H562IGT6, STM32H562IIK6, STM32H562IIT6, STM32H562RGT6, STM32H562RGV6, STM32H562RIT6, STM32H562RIV6, STM32H562VGT6, STM32H562VIT6, STM32H562ZGT6, STM32H562ZIT6, STM32H563AGI6, STM32H563AII3Q, STM32H563AII6, STM32H563IGK6, STM32H563IGT6, STM32H563IIK3Q, STM32H563IIK6, STM32H563IIT3Q, STM32H563IIT6, STM32H563MIY3QTR, STM32H563RGT6, STM32H563RGV6, STM32H563RIT6, STM32H563RIV6, STM32H563VGT6, STM32H563VIT3Q, STM32H563VIT6, STM32H563ZGT6, STM32H563ZIT3Q, STM32H563ZIT6, STM32H573AII3Q, STM32H573AII6, STM32H573I-DK, STM32H573IIK3Q, STM32H573IIK6, STM32H573IIT3Q, STM32H573IIT6, STM32H573MIY3QTR, STM32H573RIT6, STM32H573RIV6, STM32H573VIT3Q, STM32H573VIT6, STM32H573ZIT3Q, STM32H573ZIT6, STM32L4R5QGI6STR, STM32MP131AAE3, STM32MP131AAF3, STM32MP131AAG3, STM32MP131CAE3, STM32MP131CAF3, STM32MP131CAG3, STM32MP131DAE7, STM32MP131DAF7, STM32MP131DAG7, STM32MP131FAE7, STM32MP131FAF7, STM32MP131FAG7, STM32MP133AAE3, STM32MP133AAF3, STM32MP133AAG3, STM32MP133CAE3, STM32MP133CAF3, STM32MP133CAG3, STM32MP133DAE7, STM32MP133DAF7, STM32MP133DAG7, STM32MP133FAE7, STM32MP133FAF7, STM32MP133FAG7, STM32MP135AAE3, STM32MP135AAF3, STM32MP135AAG3, STM32MP135CAE3, STM32MP135CAF3, STM32MP135CAG3, STM32MP135DAE7, STM32MP135DAF7, STM32MP135DAG7, STM32MP135F-DK, STM32MP135FAE7, STM32MP135FAF7, STM32MP135FAF7T, STM32MP135FAF7U, STM32MP135FAG7, STM32U535CBT6, STM32U535CBT6Q, STM32U535CBU6, STM32U535CBU6Q, STM32U535CCT6, STM32U535CCT6Q, STM32U535CCU6, STM32U535CCU6Q, STM32U535CET6, STM32U535CET6Q, STM32U535CEU6, STM32U535CEU6Q, STM32U535JEY6QTR, STM32U535NCY6QTR, STM32U535NEY6QTR, STM32U535RBI6, STM32U535RBI6Q, STM32U535RBT6, STM32U535RBT6Q, STM32U535RCI6, STM32U535RCI6Q, STM32U535RCT6, STM32U535RCT6Q, STM32U535REI6, STM32U535REI6Q, STM32U535RET6, STM32U535RET6Q, STM32U535VCI6, STM32U535VCI6Q, STM32U535VCT6, STM32U535VCT6Q, STM32U535VEI6, STM32U535VEI6Q, STM32U535VET6, STM32U535VET6Q, STM32U545CET6, STM32U545CET6Q, STM32U545CEU6, STM32U545CEU6Q, STM32U545JEY6QTR, STM32U545NEY6QTR, STM32U545REI6, STM32U545REI6Q, STM32U545RET6, STM32U545RET6Q, STM32U545VEI6, STM32U545VEI6Q, STM32U545VET6, STM32U545VET6Q, STM32U595AIH6, STM32U595AIH6Q, STM32U595AJH6, STM32U595AJH6Q, STM32U595QII6, STM32U595QII6Q, STM32U595QJI6, STM32U595QJI6Q, STM32U595RIT6, STM32U595RIT6Q, STM32U595RJT6, STM32U595RJT6Q, STM32U595VIT6, STM32U595VIT6Q, STM32U595VJT6, STM32U595VJT6Q, STM32U595ZIT6, STM32U595ZIT6Q, STM32U595ZIY6QTR, STM32U595ZJT6, STM32U595ZJT6Q, STM32U595ZJY6QTR, STM32U599BJY6QTR, STM32U599NIH6Q, STM32U599NJH6Q, STM32U599VIT6Q, STM32U599VJT6, STM32U599VJT6Q, STM32U599ZIT6Q, STM32U599ZIY6QTR, STM32U599ZJT6Q, STM32U599ZJY6QTR, STM32U5A5AJH6, STM32U5A5AJH6Q, STM32U5A5QJI6, STM32U5A5QJI6Q, STM32U5A5RJT6, STM32U5A5RJT6Q, STM32U5A5VJT6, STM32U5A5VJT6Q, STM32U5A5ZJT6, STM32U5A5ZJT6Q, STM32U5A5ZJY6QTR, STM32U5A9BJY6QTR, STM32U5A9J-DK, STM32U5A9NJH6Q, STM32U5A9VJT6Q, STM32U5A9ZJT6Q, STM32U5A9ZJY6QTR, STM32WB1MMCH6, STM32WBA52CEU6, STM32WBA52CEU6T, STM32WBA52CGU6, STM32WBA52CGU6T, STM32WL5MOCH6, STM32WL5MOCH6TR]
2023-11-11 07:10:29,859 [INFO] DbMcus:216 - Found 3825 MCUs, 3825 are supported
2023-11-11 07:10:29,865 [INFO] ApiDb:423 - Load user favorites file C:\Users\Admin/.stm32cubeide/favorites.mcus.txt: 0 item(s)
2023-11-11 07:10:29,865 [INFO] ApiDb:427 - User favorites MCUs=[]
2023-11-11 07:10:29,866 [INFO] DbMcus:222 - Set 0 / 0 favorites MCUs
2023-11-11 07:10:31,391 [WARN] ThirdParty:833 - waiting for thirdparty lock release [change project]
2023-11-11 07:10:31,391 [INFO] ThirdParty:835 - entering critical section [change project]
2023-11-11 07:10:31,392 [INFO] ThirdParty:1030 - CMSIS Pack Vendor :STMicroelectronics X-CUBE-ISPU 1.1.0
2023-11-11 07:10:31,392 [INFO] ThirdParty:1030 - CMSIS Pack Vendor :STMicroelectronics X-CUBE-GNSS1 6.0.0
2023-11-11 07:10:31,392 [INFO] ThirdParty:1030 - CMSIS Pack Vendor :STMicroelectronics USB_HOST 2.0.0
2023-11-11 07:10:31,392 [INFO] ThirdParty:1030 - CMSIS Pack Vendor :STMicroelectronics X-CUBE-AZRTOS-F4 1.1.0
2023-11-11 07:10:31,392 [INFO] ThirdParty:1030 - CMSIS Pack Vendor :STMicroelectronics LIBJPEG 8.0.0
2023-11-11 07:10:31,392 [INFO] ThirdParty:1030 - CMSIS Pack Vendor :STMicroelectronics X-CUBE-SMBUS 2.1.0
2023-11-11 07:10:31,392 [INFO] ThirdParty:1030 - CMSIS Pack Vendor :wolfSSL I-CUBE-wolfSSL 5.6.0
2023-11-11 07:10:31,393 [INFO] ThirdParty:1030 - CMSIS Pack Vendor :STMicroelectronics USB_DEVICE 3.0.0
2023-11-11 07:10:31,393 [INFO] ThirdParty:1030 - CMSIS Pack Vendor :STMicroelectronics X-CUBE-AZRTOS-WB 2.0.0
2023-11-11 07:10:31,393 [INFO] ThirdParty:1030 - CMSIS Pack Vendor :STMicroelectronics X-CUBE-FREERTOS 1.0.1
2023-11-11 07:10:31,393 [INFO] ThirdParty:1030 - CMSIS Pack Vendor :STMicroelectronics X-CUBE-AZRTOS-F7 1.1.0
2023-11-11 07:10:31,393 [INFO] ThirdParty:1030 - CMSIS Pack Vendor :STMicroelectronics X-CUBE-TOUCHGFX 4.21.4
2023-11-11 07:10:31,393 [INFO] ThirdParty:1030 - CMSIS Pack Vendor :STMicroelectronics X-CUBE-AZRTOS-L5 2.0.0
2023-11-11 07:10:31,393 [INFO] ThirdParty:1030 - CMSIS Pack Vendor :STMicroelectronics USB_DEVICE 2.0.0
2023-11-11 07:10:31,393 [INFO] ThirdParty:1030 - CMSIS Pack Vendor :STMicroelectronics X-CUBE-MEMS1 9.6.0
2023-11-11 07:10:31,393 [INFO] ThirdParty:1030 - CMSIS Pack Vendor :STMicroelectronics X-CUBE-EEPRMA1 4.2.0
2023-11-11 07:10:31,393 [INFO] ThirdParty:1030 - CMSIS Pack Vendor :ITTIA_DB I-CUBE-ITTIADB 8.8.0
2023-11-11 07:10:31,393 [INFO] ThirdParty:1030 - CMSIS Pack Vendor :STMicroelectronics FP-SNS-MOTENV1 4.3.2
2023-11-11 07:10:31,394 [INFO] ThirdParty:1030 - CMSIS Pack Vendor :STMicroelectronics FP-SNS-MOTENV1 4.3.1
2023-11-11 07:10:31,394 [INFO] ThirdParty:1030 - CMSIS Pack Vendor :STMicroelectronics FP-SNS-FLIGHT1 5.0.1
2023-11-11 07:10:31,394 [INFO] ThirdParty:1030 - CMSIS Pack Vendor :STMicroelectronics X-CUBE-ALGOBUILD 1.3.0
2023-11-11 07:10:31,394 [INFO] ThirdParty:1030 - CMSIS Pack Vendor :STMicroelectronics X-CUBE-BLE1 6.2.4
2023-11-11 07:10:31,394 [INFO] ThirdParty:1030 - CMSIS Pack Vendor :STMicroelectronics X-CUBE-AZRTOS-L5 1.1.0
2023-11-11 07:10:31,394 [INFO] ThirdParty:1030 - CMSIS Pack Vendor :STMicroelectronics FreeRTOS 0.0.1
2023-11-11 07:10:31,394 [INFO] ThirdParty:1030 - CMSIS Pack Vendor :STMicroelectronics X-CUBE-AZRTOS-G0 1.1.0
2023-11-11 07:10:31,394 [INFO] ThirdParty:1030 - CMSIS Pack Vendor :emotas I-CUBE-CANOPEN 1.1.3
2023-11-11 07:10:31,394 [INFO] ThirdParty:1030 - CMSIS Pack Vendor :STMicroelectronics X-CUBE-BLEMGR 2.0.0
2023-11-11 07:10:31,395 [INFO] ThirdParty:1030 - CMSIS Pack Vendor :STMicroelectronics X-CUBE-AI 8.0.1
2023-11-11 07:10:31,395 [INFO] ThirdParty:1030 - CMSIS Pack Vendor :STMicroelectronics X-CUBE-NFC4 3.0.0
2023-11-11 07:10:31,395 [INFO] ThirdParty:1030 - CMSIS Pack Vendor :STMicroelectronics X-CUBE-SUBG2 5.0.0
2023-11-11 07:10:31,395 [INFO] ThirdParty:1030 - CMSIS Pack Vendor :STMicroelectronics STM32_WPAN 1.0.0
2023-11-11 07:10:31,395 [INFO] ThirdParty:1030 - CMSIS Pack Vendor :STMicroelectronics lwIP 2.0.3
2023-11-11 07:10:31,396 [INFO] ThirdParty:1030 - CMSIS Pack Vendor :STMicroelectronics USB_HOST 1.0.0
2023-11-11 07:10:31,396 [INFO] ThirdParty:1030 - CMSIS Pack Vendor :STMicroelectronics X-CUBE-TOF1 3.3.1
2023-11-11 07:10:31,396 [INFO] ThirdParty:1030 - CMSIS Pack Vendor :STMicroelectronics X-CUBE-AZRTOS-G4 2.0.0
2023-11-11 07:10:31,396 [INFO] ThirdParty:1030 - CMSIS Pack Vendor :STMicroelectronics PDM2PCM 3.1.0
2023-11-11 07:10:31,396 [INFO] ThirdParty:1030 - CMSIS Pack Vendor :STMicroelectronics X-CUBE-AZRTOS-H7 3.1.0
2023-11-11 07:10:31,396 [INFO] ThirdParty:1030 - CMSIS Pack Vendor :STMicroelectronics X-CUBE-TOF1 3.3.0
2023-11-11 07:10:31,396 [INFO] ThirdParty:1030 - CMSIS Pack Vendor :Infineon AIROC-Wi-Fi-Bluetooth-STM32 1.5.1
2023-11-11 07:10:31,396 [INFO] ThirdParty:1030 - CMSIS Pack Vendor :STMicroelectronics X-CUBE-BLEMGR 3.0.0
2023-11-11 07:10:31,397 [INFO] ThirdParty:1030 - CMSIS Pack Vendor :STMicroelectronics PDM2PCM 3.3.0
2023-11-11 07:10:31,397 [INFO] ThirdParty:1030 - CMSIS Pack Vendor :STMicroelectronics X-CUBE-DISPLAY 3.0.0
2023-11-11 07:10:31,397 [INFO] ThirdParty:1030 - CMSIS Pack Vendor :STMicroelectronics FP-ATR-SIGFOX1 3.2.0
2023-11-11 07:10:31,397 [INFO] ThirdParty:1030 - CMSIS Pack Vendor :STMicroelectronics HAL Drivers 0.0.0
2023-11-11 07:10:31,400 [INFO] ThirdParty:1030 - CMSIS Pack Vendor :STMicroelectronics MBEDTLS 2.16.2
2023-11-11 07:10:31,400 [INFO] ThirdParty:1030 - CMSIS Pack Vendor :STMicroelectronics X-CUBE-MEMS1 10.0.0
2023-11-11 07:10:31,400 [INFO] ThirdParty:1030 - CMSIS Pack Vendor :STMicroelectronics X-CUBE-FREERTOS 1.1.0
2023-11-11 07:10:31,401 [INFO] ThirdParty:1030 - CMSIS Pack Vendor :STMicroelectronics X-CUBE-TOUCHGFX 4.22.0
2023-11-11 07:10:31,401 [INFO] ThirdParty:1030 - CMSIS Pack Vendor :STMicroelectronics X-CUBE-NFC7 1.0.1
2023-11-11 07:10:31,401 [INFO] ThirdParty:1030 - CMSIS Pack Vendor :STMicroelectronics MBEDTLS 2.14.1
2023-11-11 07:10:31,401 [INFO] ThirdParty:1030 - CMSIS Pack Vendor :STMicroelectronics X-CUBE-TOUCHGFX 4.22.1
2023-11-11 07:10:31,401 [INFO] ThirdParty:1030 - CMSIS Pack Vendor :STMicroelectronics X-CUBE-NFC6 3.0.0
2023-11-11 07:10:31,401 [INFO] ThirdParty:1030 - CMSIS Pack Vendor :STMicroelectronics X-CUBE-EEPRMA1 4.1.0
2023-11-11 07:10:31,401 [INFO] ThirdParty:1030 - CMSIS Pack Vendor :portGmbH I-Cube-SoM-uGOAL 1.1.0
2023-11-11 07:10:31,401 [INFO] ThirdParty:1030 - CMSIS Pack Vendor :STMicroelectronics X-CUBE-ALS 1.0.1
2023-11-11 07:10:31,401 [INFO] ThirdParty:1030 - CMSIS Pack Vendor :STMicroelectronics ThreadX 1.0.0
2023-11-11 07:10:31,402 [INFO] ThirdParty:1030 - CMSIS Pack Vendor :STMicroelectronics FP-SNS-SMARTAG2 1.2.0
2023-11-11 07:10:31,402 [INFO] ThirdParty:1030 - CMSIS Pack Vendor :STMicroelectronics X-CUBE-AZRTOS-WB 1.1.0
2023-11-11 07:10:31,402 [INFO] ThirdParty:1030 - CMSIS Pack Vendor :STMicroelectronics X-CUBE-AZRTOS-WL 2.0.0
2023-11-11 07:10:31,402 [INFO] ThirdParty:1030 - CMSIS Pack Vendor :SEGGER I-CUBE-embOS 1.3.1
2023-11-11 07:10:31,403 [INFO] ThirdParty:1030 - CMSIS Pack Vendor :STMicroelectronics USB_DEVICE 1.0.0
2023-11-11 07:10:31,403 [INFO] ThirdParty:1030 - CMSIS Pack Vendor :STMicroelectronics X-CUBE-AZRTOS-L4 2.0.0
2023-11-11 07:10:31,403 [INFO] ThirdParty:1030 - CMSIS Pack Vendor :STMicroelectronics ThreadX 0.0.2
2023-11-11 07:10:31,403 [INFO] ThirdParty:1030 - CMSIS Pack Vendor :WES I-CUBE-Cesium 1.3.0
2023-11-11 07:10:31,403 [INFO] ThirdParty:1030 - CMSIS Pack Vendor :STMicroelectronics FP-ATR-ASTRA1 2.0.0
2023-11-11 07:10:31,403 [INFO] ThirdParty:1030 - CMSIS Pack Vendor :STMicroelectronics lwIP 2.1.2
2023-11-11 07:10:31,403 [INFO] ThirdParty:1030 - CMSIS Pack Vendor :STMicroelectronics X-CUBE-SFXS2LP1 4.0.0
2023-11-11 07:10:31,403 [INFO] ThirdParty:1030 - CMSIS Pack Vendor :STMicroelectronics X-CUBE-BLE2 3.3.0
2023-11-11 07:10:31,403 [INFO] ThirdParty:1030 - CMSIS Pack Vendor :STMicroelectronics PDM2PCM 3.2.0
2023-11-11 07:10:31,404 [INFO] ThirdParty:841 - exiting critical section [change project]
2023-11-11 07:10:32,623 [INFO] PinOutPanel:1499 - setPackage(No Configuration,No Configuration)
2023-11-11 07:10:32,627 [INFO] PinOutPanel:1499 - setPackage(STM32F103C6Ux,UFQFPN48)
2023-11-11 07:10:36,273 [INFO] UtilMem:75 - Before build in PCC Used Memory: 479783112 Bytes (506462208)
2023-11-11 07:10:40,648 [INFO] UtilMem:75 - After build in PCC Used Memory: 463790976 Bytes (506462208)
2023-11-11 07:10:40,712 [INFO] IPUIPlugin:80 - create IPUIPlugin
2023-11-11 07:10:40,712 [INFO] IPUIPlugin:80 - create IPUIPlugin
2023-11-11 07:10:40,712 [INFO] IPUIPlugin:80 - create IPUIPlugin
2023-11-11 07:10:40,713 [INFO] IPUIPlugin:80 - create IPUIPlugin
2023-11-11 07:10:40,713 [INFO] IPUIPlugin:80 - create IPUIPlugin
2023-11-11 07:10:40,713 [INFO] IPUIPlugin:80 - create IPUIPlugin
2023-11-11 07:10:40,714 [INFO] IPUIPlugin:80 - create IPUIPlugin
2023-11-11 07:10:40,714 [INFO] IPUIPlugin:80 - create IPUIPlugin
2023-11-11 07:10:40,714 [INFO] IPUIPlugin:80 - create IPUIPlugin
2023-11-11 07:10:40,715 [INFO] IPUIPlugin:80 - create IPUIPlugin
2023-11-11 07:10:40,715 [INFO] IPUIPlugin:80 - create IPUIPlugin
2023-11-11 07:10:40,715 [INFO] IPUIPlugin:80 - create IPUIPlugin
2023-11-11 07:10:40,718 [INFO] IPUIPlugin:80 - create IPUIPlugin
2023-11-11 07:10:40,719 [INFO] IPUIPlugin:80 - create IPUIPlugin
2023-11-11 07:10:40,719 [INFO] IPUIPlugin:80 - create IPUIPlugin
2023-11-11 07:10:40,719 [INFO] IPUIPlugin:80 - create IPUIPlugin
2023-11-11 07:10:40,720 [INFO] IPUIPlugin:80 - create IPUIPlugin
2023-11-11 07:10:40,720 [INFO] IPUIPlugin:80 - create IPUIPlugin
2023-11-11 07:10:40,720 [INFO] IPUIPlugin:80 - create IPUIPlugin
2023-11-11 07:10:40,730 [INFO] IPUIPlugin:80 - create IPUIPlugin
2023-11-11 07:10:40,730 [INFO] IPUIPlugin:80 - create IPUIPlugin
2023-11-11 07:10:40,731 [INFO] IPUIPlugin:80 - create IPUIPlugin
2023-11-11 07:10:40,731 [INFO] IPUIPlugin:80 - create IPUIPlugin
2023-11-11 07:10:41,407 [INFO] CADModel:165 - CPN selected for project levelSTM32F103C6U6A
2023-11-11 07:10:41,408 [INFO] CADModel:114 - Register for checkConnection events
2023-11-11 07:10:41,479 [INFO] OpenFileManager:328 - Restore cursor
2023-11-11 07:13:29,213 [INFO] NvicIntPanel:101 - NVIC parent = com.st.microxplorer.plugins.ip.nvic.MultiNvicIntPanel[,0,0,0x0,invalid,layout=javax.swing.BoxLayout,alignmentX=0.0,alignmentY=0.0,border=,flags=9,maximumSize=,minimumSize=,preferredSize=]
2023-11-11 07:13:31,140 [INFO] NvicIntPanel:101 - NVIC parent = com.st.microxplorer.plugins.ip.nvic.MultiNvicIntPanel[,0,0,0x0,invalid,layout=javax.swing.BoxLayout,alignmentX=0.0,alignmentY=0.0,border=,flags=9,maximumSize=,minimumSize=,preferredSize=]
2023-11-11 07:20:07,094 [INFO] NvicIntPanel:101 - NVIC parent = com.st.microxplorer.plugins.ip.nvic.MultiNvicIntPanel[,0,0,0x0,invalid,layout=javax.swing.BoxLayout,alignmentX=0.0,alignmentY=0.0,border=,flags=9,maximumSize=,minimumSize=,preferredSize=]
2023-11-11 07:20:14,357 [INFO] ADCParametersView:116 -                Rank 1 : false
2023-11-11 07:20:14,551 [INFO] ADCParametersView:116 -                Rank 1 : false
2023-11-11 07:20:14,552 [INFO] ADCParametersView:116 -                Rank 1 : false
2023-11-11 07:20:14,558 [INFO] ADCParametersView:116 -                Rank 1 : false
2023-11-11 07:20:14,558 [INFO] ADCParametersView:116 -                Rank 1 : false
2023-11-11 07:20:14,559 [INFO] ADCParametersView:116 -                Rank 1 : false
2023-11-11 07:20:14,560 [INFO] ADCParametersView:116 -                Rank 1 : false
2023-11-11 07:20:14,560 [INFO] ADCParametersView:116 -                Rank 1 : false
2023-11-11 07:20:14,560 [INFO] ADCParametersView:116 -                Rank 1 : false
2023-11-11 07:20:14,562 [INFO] ADCParametersView:116 -                Rank 1 : false
2023-11-11 07:20:14,563 [INFO] ADCParametersView:116 -                Rank 1 : false
2023-11-11 07:20:14,636 [INFO] ADCParametersView:116 -                Rank 1 : false
2023-11-11 07:20:14,839 [INFO] NvicIntPanel:101 - NVIC parent = com.st.microxplorer.plugins.ip.nvic.MultiNvicIntPanel[,0,0,0x0,invalid,layout=javax.swing.BoxLayout,alignmentX=0.0,alignmentY=0.0,border=,flags=9,maximumSize=,minimumSize=,preferredSize=]
2023-11-11 07:20:15,200 [INFO] NvicIntPanel:101 - NVIC parent = com.st.microxplorer.plugins.ip.nvic.MultiNvicIntPanel[,0,0,0x0,invalid,layout=javax.swing.BoxLayout,alignmentX=0.0,alignmentY=0.0,border=,flags=9,maximumSize=,minimumSize=,preferredSize=]
2023-11-11 07:20:15,671 [INFO] NvicIntPanel:101 - NVIC parent = com.st.microxplorer.plugins.ip.nvic.MultiNvicIntPanel[,0,0,0x0,invalid,layout=javax.swing.BoxLayout,alignmentX=0.0,alignmentY=0.0,border=,flags=9,maximumSize=,minimumSize=,preferredSize=]
2023-11-11 07:20:15,762 [INFO] ADCParametersView:116 -                Rank 1 : false
2023-11-11 07:20:15,762 [INFO] ADCParametersView:116 -                Rank 1 : false
2023-11-11 07:20:15,763 [INFO] ADCParametersView:116 -                Rank 1 : false
2023-11-11 07:20:15,764 [INFO] ADCParametersView:116 -                Rank 1 : false
2023-11-11 07:20:15,764 [INFO] ADCParametersView:116 -                Rank 1 : false
2023-11-11 07:20:15,764 [INFO] ADCParametersView:116 -                Rank 1 : false
2023-11-11 07:20:15,764 [INFO] ADCParametersView:116 -                Rank 1 : false
2023-11-11 07:20:15,765 [INFO] ADCParametersView:116 -                Rank 1 : false
2023-11-11 07:20:15,765 [INFO] ADCParametersView:116 -                Rank 1 : false
2023-11-11 07:20:15,765 [INFO] ADCParametersView:116 -                Rank 1 : false
2023-11-11 07:20:15,784 [INFO] ADCParametersView:116 -                Rank 1 : false
2023-11-11 07:20:15,999 [INFO] ADCParametersView:116 -                Rank 1 : false
2023-11-11 07:20:16,000 [INFO] ADCParametersView:116 -                Rank 1 : false
2023-11-11 07:20:16,000 [INFO] ADCParametersView:116 -                Rank 1 : false
2023-11-11 07:20:16,001 [INFO] ADCParametersView:116 -                Rank 1 : false
2023-11-11 07:20:16,001 [INFO] ADCParametersView:116 -                Rank 1 : false
2023-11-11 07:20:16,001 [INFO] ADCParametersView:116 -                Rank 1 : false
2023-11-11 07:20:16,001 [INFO] ADCParametersView:116 -                Rank 1 : false
2023-11-11 07:20:16,002 [INFO] ADCParametersView:116 -                Rank 1 : false
2023-11-11 07:20:16,002 [INFO] ADCParametersView:116 -                Rank 1 : false
2023-11-11 07:20:16,002 [INFO] ADCParametersView:116 -                Rank 1 : false
2023-11-11 07:20:16,027 [INFO] ADCParametersView:116 -                Rank 1 : false
2023-11-11 07:20:46,247 [INFO] ADCParametersView:116 -                Rank 1 : false
2023-11-11 07:20:46,267 [INFO] ADCParametersView:116 -                Rank 1 : false
2023-11-11 07:20:46,268 [INFO] ADCParametersView:116 -                Rank 1 : false
2023-11-11 07:20:46,269 [INFO] ADCParametersView:116 -                Rank 1 : false
2023-11-11 07:20:46,270 [INFO] ADCParametersView:116 -                Rank 1 : false
2023-11-11 07:20:46,271 [INFO] ADCParametersView:116 -                Rank 1 : false
2023-11-11 07:20:46,272 [INFO] ADCParametersView:116 -                Rank 1 : false
2023-11-11 07:20:46,274 [INFO] ADCParametersView:116 -                Rank 1 : false
2023-11-11 07:20:46,275 [INFO] ADCParametersView:116 -                Rank 1 : false
2023-11-11 07:20:46,276 [INFO] ADCParametersView:116 -                Rank 1 : false
2023-11-11 07:20:46,308 [INFO] ADCParametersView:116 -                Rank 1 : false
2023-11-11 07:20:46,377 [INFO] ADCParametersView:116 -                Rank 1 : false
2023-11-11 07:20:46,379 [INFO] ADCParametersView:116 -                Rank 1 : false
2023-11-11 07:20:46,380 [INFO] ADCParametersView:116 -                Rank 1 : false
2023-11-11 07:20:46,380 [INFO] ADCParametersView:116 -                Rank 1 : false
2023-11-11 07:20:46,381 [INFO] ADCParametersView:116 -                Rank 1 : false
2023-11-11 07:20:46,381 [INFO] ADCParametersView:116 -                Rank 1 : false
2023-11-11 07:20:46,381 [INFO] ADCParametersView:116 -                Rank 1 : false
2023-11-11 07:20:46,381 [INFO] ADCParametersView:116 -                Rank 1 : false
2023-11-11 07:20:46,381 [INFO] ADCParametersView:116 -                Rank 1 : false
2023-11-11 07:20:46,382 [INFO] ADCParametersView:116 -                Rank 1 : false
2023-11-11 07:20:46,389 [INFO] ADCParametersView:116 -                Rank 1 : false
2023-11-11 07:20:46,423 [INFO] ADCParametersView:116 -                Rank 1 : false
2023-11-11 07:20:46,426 [INFO] ADCParametersView:116 -                Rank 1 : false
2023-11-11 07:20:46,426 [INFO] ADCParametersView:116 -                Rank 1 : false
2023-11-11 07:20:46,427 [INFO] ADCParametersView:116 -                Rank 1 : false
2023-11-11 07:20:46,427 [INFO] ADCParametersView:116 -                Rank 1 : false
2023-11-11 07:20:46,427 [INFO] ADCParametersView:116 -                Rank 1 : false
2023-11-11 07:20:46,427 [INFO] ADCParametersView:116 -                Rank 1 : false
2023-11-11 07:20:46,428 [INFO] ADCParametersView:116 -                Rank 1 : false
2023-11-11 07:20:46,428 [INFO] ADCParametersView:116 -                Rank 1 : false
2023-11-11 07:20:46,428 [INFO] ADCParametersView:116 -                Rank 1 : false
2023-11-11 07:20:46,439 [INFO] ADCParametersView:116 -                Rank 1 : false
2023-11-11 07:21:14,568 [INFO] ADCParametersView:116 -                Rank 1 : false
2023-11-11 07:21:14,571 [INFO] ADCParametersView:116 -                Rank 1 : false
2023-11-11 07:21:14,572 [INFO] ADCParametersView:116 -                Rank 1 : false
2023-11-11 07:21:14,572 [INFO] ADCParametersView:116 -                Rank 1 : false
2023-11-11 07:21:14,572 [INFO] ADCParametersView:116 -                Rank 1 : false
2023-11-11 07:21:14,574 [INFO] ADCParametersView:116 -                Rank 1 : false
2023-11-11 07:21:14,574 [INFO] ADCParametersView:116 -                Rank 1 : false
2023-11-11 07:21:14,575 [INFO] ADCParametersView:116 -                Rank 1 : false
2023-11-11 07:21:14,575 [INFO] ADCParametersView:116 -                Rank 1 : false
2023-11-11 07:21:14,575 [INFO] ADCParametersView:116 -                Rank 1 : false
2023-11-11 07:21:14,592 [INFO] ADCParametersView:116 -                Rank 1 : false
2023-11-11 07:21:14,642 [INFO] ADCParametersView:116 -                Rank 1 : false
2023-11-11 07:21:14,646 [INFO] ADCParametersView:116 -                Rank 1 : false
2023-11-11 07:21:14,646 [INFO] ADCParametersView:116 -                Rank 1 : false
2023-11-11 07:21:14,646 [INFO] ADCParametersView:116 -                Rank 1 : false
2023-11-11 07:21:14,647 [INFO] ADCParametersView:116 -                Rank 1 : false
2023-11-11 07:21:14,648 [INFO] ADCParametersView:116 -                Rank 1 : false
2023-11-11 07:21:14,648 [INFO] ADCParametersView:116 -                Rank 1 : false
2023-11-11 07:21:14,650 [INFO] ADCParametersView:116 -                Rank 1 : false
2023-11-11 07:21:14,651 [INFO] ADCParametersView:116 -                Rank 1 : false
2023-11-11 07:21:14,651 [INFO] ADCParametersView:116 -                Rank 1 : false
2023-11-11 07:21:14,662 [INFO] ADCParametersView:116 -                Rank 1 : false
2023-11-11 07:21:14,900 [INFO] ADCParametersView:116 -                Rank 1 : false
2023-11-11 07:21:14,906 [INFO] ADCParametersView:116 -                Rank 1 : false
2023-11-11 07:21:14,906 [INFO] ADCParametersView:116 -                Rank 1 : false
2023-11-11 07:21:14,907 [INFO] ADCParametersView:116 -                Rank 1 : false
2023-11-11 07:21:14,907 [INFO] ADCParametersView:116 -                Rank 1 : false
2023-11-11 07:21:14,907 [INFO] ADCParametersView:116 -                Rank 1 : false
2023-11-11 07:21:14,907 [INFO] ADCParametersView:116 -                Rank 1 : false
2023-11-11 07:21:14,908 [INFO] ADCParametersView:116 -                Rank 1 : false
2023-11-11 07:21:14,908 [INFO] ADCParametersView:116 -                Rank 1 : false
2023-11-11 07:21:14,908 [INFO] ADCParametersView:116 -                Rank 1 : false
2023-11-11 07:21:14,922 [INFO] ADCParametersView:116 -                Rank 1 : false
2023-11-11 07:21:14,968 [INFO] ADCParametersView:116 -                Rank 1 : false
2023-11-11 07:21:14,980 [INFO] ADCParametersView:116 -                Rank 1 : false
2023-11-11 07:21:14,981 [INFO] ADCParametersView:116 -                Rank 1 : false
2023-11-11 07:21:14,981 [INFO] ADCParametersView:116 -                Rank 1 : false
2023-11-11 07:21:14,981 [INFO] ADCParametersView:116 -                Rank 1 : false
2023-11-11 07:21:14,982 [INFO] ADCParametersView:116 -                Rank 1 : false
2023-11-11 07:21:14,982 [INFO] ADCParametersView:116 -                Rank 1 : false
2023-11-11 07:21:14,983 [INFO] ADCParametersView:116 -                Rank 1 : false
2023-11-11 07:21:14,983 [INFO] ADCParametersView:116 -                Rank 1 : false
2023-11-11 07:21:14,983 [INFO] ADCParametersView:116 -                Rank 1 : false
2023-11-11 07:21:14,994 [INFO] ADCParametersView:116 -                Rank 1 : false
2023-11-11 07:22:19,202 [INFO] UtilMem:75 - End SaveConfig() Used Memory: 494337608 Bytes (616562688)
2023-11-11 07:22:21,084 [INFO] UtilMem:75 - End SaveConfig() Used Memory: 516240384 Bytes (616562688)
2023-11-11 07:22:29,625 [INFO] UtilMem:75 - End SaveConfig() Used Memory: 539228144 Bytes (616562688)
2023-11-11 07:22:32,588 [INFO] BlockDiagram:2759 - set Specific Code input for plugin: NVIC
2023-11-11 07:22:32,588 [INFO] BlockDiagram:2759 - set Specific Code input for plugin: GPIO
2023-11-11 07:22:32,589 [INFO] BlockDiagram:2759 - set Specific Code input for plugin: ADC
2023-11-11 07:22:32,589 [INFO] BlockDiagram:2759 - set Specific Code input for plugin: USART
2023-11-11 07:22:32,589 [INFO] BlockDiagram:2759 - set Specific Code input for plugin: RCC
2023-11-11 07:22:32,591 [INFO] CodeGenerator:793 - code generatio: config db path: C:\ST\STM32CubeIDE_1.12.1\STM32CubeIDE\plugins\com.st.stm32cube.common.mx_6.8.1.202304191431\\db\
2023-11-11 07:22:34,158 [INFO] CodeEngine:255 - oldGeneratedFile, D:\231_semester\Microprocessor\lab_4_demo\uart\MXTmpFiles\license.tmp_save
2023-11-11 07:22:37,318 [INFO] CodeEngine:279 - Generated code: D:\231_semester\Microprocessor\lab_4_demo\uart\MXTmpFiles\license.tmp
2023-11-11 07:22:37,972 [INFO] CodeEngine:255 - oldGeneratedFile, D:\231_semester\Microprocessor\lab_4_demo\uart\MXTmpFiles\gpio.tmp_save
2023-11-11 07:22:39,304 [INFO] CodeEngine:279 - Generated code: D:\231_semester\Microprocessor\lab_4_demo\uart\MXTmpFiles\gpio.tmp
2023-11-11 07:22:39,908 [INFO] CodeEngine:255 - oldGeneratedFile, D:\231_semester\Microprocessor\lab_4_demo\uart\Core\Src\stm32f1xx_it.c_save
2023-11-11 07:22:40,942 [INFO] CodeEngine:279 - Generated code: D:\231_semester\Microprocessor\lab_4_demo\uart\Core\Src\stm32f1xx_it.c
2023-11-11 07:22:41,035 [INFO] CodeEngine:255 - oldGeneratedFile, D:\231_semester\Microprocessor\lab_4_demo\uart\Core\Inc\stm32f1xx_it.h_save
2023-11-11 07:22:41,756 [INFO] CodeEngine:279 - Generated code: D:\231_semester\Microprocessor\lab_4_demo\uart\Core\Inc\stm32f1xx_it.h
2023-11-11 07:22:42,025 [INFO] CodeEngine:255 - oldGeneratedFile, D:\231_semester\Microprocessor\lab_4_demo\uart\Core\Src\stm32f1xx_hal_msp.c_save
2023-11-11 07:22:43,541 [INFO] CodeEngine:279 - Generated code: D:\231_semester\Microprocessor\lab_4_demo\uart\Core\Src\stm32f1xx_hal_msp.c
2023-11-11 07:22:43,582 [INFO] CodeEngine:255 - oldGeneratedFile, D:\231_semester\Microprocessor\lab_4_demo\uart\MXTmpFiles\system.tmp_save
2023-11-11 07:22:43,949 [INFO] CodeEngine:279 - Generated code: D:\231_semester\Microprocessor\lab_4_demo\uart\MXTmpFiles\system.tmp
2023-11-11 07:22:44,023 [INFO] CodeEngine:311 - oldGeneratedFile, D:\231_semester\Microprocessor\lab_4_demo\uart\Core\Inc\stm32f1xx_hal_conf.h_save
2023-11-11 07:22:44,618 [INFO] CodeEngine:335 - Generated code: D:\231_semester\Microprocessor\lab_4_demo\uart\Core\Inc\stm32f1xx_hal_conf.h
2023-11-11 07:22:44,901 [INFO] CodeEngine:255 - oldGeneratedFile, D:\231_semester\Microprocessor\lab_4_demo\uart\Core\Inc\main.h_save
2023-11-11 07:22:45,366 [INFO] CodeEngine:279 - Generated code: D:\231_semester\Microprocessor\lab_4_demo\uart\Core\Inc\main.h
2023-11-11 07:22:45,454 [INFO] CodeEngine:255 - oldGeneratedFile, D:\231_semester\Microprocessor\lab_4_demo\uart\Core\Src\main.c_save
2023-11-11 07:22:46,382 [INFO] CodeEngine:279 - Generated code: D:\231_semester\Microprocessor\lab_4_demo\uart\Core\Src\main.c
2023-11-11 07:22:50,704 [INFO] ProjectBuilder:2996 - Time for Copy HAL[1] : 561mS.
2023-11-11 07:22:50,752 [INFO] ProjectBuilder:4304 - Project Generator version: 3.19.2
2023-11-11 07:22:52,267 [INFO] ConfigFileManager:1483 - The Die is : DIE412
2023-11-11 07:22:52,314 [INFO] ApiDbMcu:507 - Load IP Config File for FATFS
2023-11-11 07:22:52,350 [INFO] ApiDbMcu:507 - Load IP Config File for FREERTOS
2023-11-11 07:22:52,390 [INFO] ApiDbMcu:507 - Load IP Config File for USB_DEVICE
2023-11-11 07:22:58,881 [INFO] LogOutputStream:77 - [STDOUT_REDIRECT] 
2023-11-11 07:23:14,498 [INFO] ProjectBuilder:4505 - Time for Generating toolchain IDE Files: 23736mS.
2023-11-11 07:23:14,500 [INFO] ProjectBuilder:2867 - Time for Copy CMSIS : 2mS.
2023-11-11 07:23:14,507 [INFO] ProjectBuilder:2867 - Time for Copy CMSIS : 0mS.
2023-11-11 08:16:37,723 [INFO] UtilMem:75 - End SaveConfig() Used Memory: 586236544 Bytes (875560960)
2023-11-11 08:16:40,520 [INFO] UtilMem:75 - End SaveConfig() Used Memory: 554205392 Bytes (875560960)
2023-11-11 08:16:42,207 [INFO] UtilMem:75 - End SaveConfig() Used Memory: 616071376 Bytes (875560960)
2023-11-11 08:16:42,578 [INFO] BlockDiagram:2759 - set Specific Code input for plugin: NVIC
2023-11-11 08:16:42,579 [INFO] BlockDiagram:2759 - set Specific Code input for plugin: GPIO
2023-11-11 08:16:42,579 [INFO] BlockDiagram:2759 - set Specific Code input for plugin: ADC
2023-11-11 08:16:42,579 [INFO] BlockDiagram:2759 - set Specific Code input for plugin: USART
2023-11-11 08:16:42,579 [INFO] BlockDiagram:2759 - set Specific Code input for plugin: RCC
2023-11-11 08:16:42,579 [INFO] BlockDiagram:2759 - set Specific Code input for plugin: TIM1_8F1
2023-11-11 08:16:42,580 [INFO] CodeGenerator:793 - code generatio: config db path: C:\ST\STM32CubeIDE_1.12.1\STM32CubeIDE\plugins\com.st.stm32cube.common.mx_6.8.1.202304191431\\db\
2023-11-11 08:16:43,087 [INFO] CodeEngine:255 - oldGeneratedFile, D:\231_semester\Microprocessor\lab_4_demo\uart\MXTmpFiles\license.tmp_save
2023-11-11 08:16:43,836 [INFO] CodeEngine:279 - Generated code: D:\231_semester\Microprocessor\lab_4_demo\uart\MXTmpFiles\license.tmp
2023-11-11 08:16:43,869 [INFO] CodeEngine:255 - oldGeneratedFile, D:\231_semester\Microprocessor\lab_4_demo\uart\MXTmpFiles\gpio.tmp_save
2023-11-11 08:16:44,136 [INFO] CodeEngine:279 - Generated code: D:\231_semester\Microprocessor\lab_4_demo\uart\MXTmpFiles\gpio.tmp
2023-11-11 08:16:44,296 [INFO] CodeEngine:255 - oldGeneratedFile, D:\231_semester\Microprocessor\lab_4_demo\uart\Core\Src\stm32f1xx_it.c_save
2023-11-11 08:16:44,965 [INFO] CodeEngine:279 - Generated code: D:\231_semester\Microprocessor\lab_4_demo\uart\Core\Src\stm32f1xx_it.c
2023-11-11 08:16:45,004 [INFO] CodeEngine:255 - oldGeneratedFile, D:\231_semester\Microprocessor\lab_4_demo\uart\Core\Inc\stm32f1xx_it.h_save
2023-11-11 08:16:45,213 [INFO] CodeEngine:279 - Generated code: D:\231_semester\Microprocessor\lab_4_demo\uart\Core\Inc\stm32f1xx_it.h
2023-11-11 08:16:45,311 [INFO] CodeEngine:255 - oldGeneratedFile, D:\231_semester\Microprocessor\lab_4_demo\uart\Core\Src\stm32f1xx_hal_msp.c_save
2023-11-11 08:16:45,726 [INFO] CodeEngine:279 - Generated code: D:\231_semester\Microprocessor\lab_4_demo\uart\Core\Src\stm32f1xx_hal_msp.c
2023-11-11 08:16:45,744 [INFO] CodeEngine:255 - oldGeneratedFile, D:\231_semester\Microprocessor\lab_4_demo\uart\MXTmpFiles\system.tmp_save
2023-11-11 08:16:45,886 [INFO] CodeEngine:279 - Generated code: D:\231_semester\Microprocessor\lab_4_demo\uart\MXTmpFiles\system.tmp
2023-11-11 08:16:45,918 [INFO] CodeEngine:311 - oldGeneratedFile, D:\231_semester\Microprocessor\lab_4_demo\uart\Core\Inc\stm32f1xx_hal_conf.h_save
2023-11-11 08:16:46,144 [INFO] CodeEngine:335 - Generated code: D:\231_semester\Microprocessor\lab_4_demo\uart\Core\Inc\stm32f1xx_hal_conf.h
2023-11-11 08:16:46,348 [WARN] IPConfigManager:3431 - IP not found : TIM
2023-11-11 08:16:46,351 [WARN] CodeGenerator:3754 - IP not found : null
2023-11-11 08:16:46,378 [INFO] CodeEngine:255 - oldGeneratedFile, D:\231_semester\Microprocessor\lab_4_demo\uart\Core\Inc\main.h_save
2023-11-11 08:16:47,055 [INFO] CodeEngine:279 - Generated code: D:\231_semester\Microprocessor\lab_4_demo\uart\Core\Inc\main.h
2023-11-11 08:16:47,122 [INFO] CodeEngine:255 - oldGeneratedFile, D:\231_semester\Microprocessor\lab_4_demo\uart\Core\Src\main.c_save
2023-11-11 08:16:47,448 [INFO] CodeEngine:279 - Generated code: D:\231_semester\Microprocessor\lab_4_demo\uart\Core\Src\main.c
2023-11-11 08:16:49,312 [INFO] ProjectBuilder:2996 - Time for Copy HAL[1] : 310mS.
2023-11-11 08:16:49,320 [INFO] ProjectBuilder:4304 - Project Generator version: 3.19.2
2023-11-11 08:16:50,423 [INFO] ConfigFileManager:1483 - The Die is : DIE412
2023-11-11 08:16:59,484 [INFO] ProjectBuilder:4505 - Time for Generating toolchain IDE Files: 10164mS.
2023-11-11 08:16:59,486 [INFO] ProjectBuilder:2867 - Time for Copy CMSIS : 0mS.
2023-11-11 08:16:59,489 [INFO] ProjectBuilder:2867 - Time for Copy CMSIS : 0mS.
2023-11-11 08:17:16,298 [INFO] NvicIntPanel:101 - NVIC parent = com.st.microxplorer.plugins.ip.nvic.MultiNvicIntPanel[,0,0,450x221,layout=javax.swing.BoxLayout,alignmentX=0.0,alignmentY=0.0,border=,flags=9,maximumSize=,minimumSize=,preferredSize=]
2023-11-11 08:17:17,308 [INFO] NvicIntPanel:101 - NVIC parent = com.st.microxplorer.plugins.ip.nvic.MultiNvicIntPanel[,0,0,0x0,invalid,layout=javax.swing.BoxLayout,alignmentX=0.0,alignmentY=0.0,border=,flags=9,maximumSize=,minimumSize=,preferredSize=]
2023-11-11 08:17:18,072 [INFO] UtilMem:75 - End SaveConfig() Used Memory: 653209120 Bytes (938475520)
2023-11-11 08:17:19,317 [INFO] UtilMem:75 - End SaveConfig() Used Memory: 667089752 Bytes (938475520)
2023-11-11 08:17:21,416 [INFO] UtilMem:75 - End SaveConfig() Used Memory: 728612720 Bytes (938475520)
2023-11-11 08:17:22,283 [INFO] BlockDiagram:2759 - set Specific Code input for plugin: NVIC
2023-11-11 08:17:22,284 [INFO] BlockDiagram:2759 - set Specific Code input for plugin: GPIO
2023-11-11 08:17:22,284 [INFO] BlockDiagram:2759 - set Specific Code input for plugin: ADC
2023-11-11 08:17:22,284 [INFO] BlockDiagram:2759 - set Specific Code input for plugin: USART
2023-11-11 08:17:22,284 [INFO] BlockDiagram:2759 - set Specific Code input for plugin: RCC
2023-11-11 08:17:22,284 [INFO] BlockDiagram:2759 - set Specific Code input for plugin: TIM1_8F1
2023-11-11 08:17:22,286 [INFO] CodeGenerator:793 - code generatio: config db path: C:\ST\STM32CubeIDE_1.12.1\STM32CubeIDE\plugins\com.st.stm32cube.common.mx_6.8.1.202304191431\\db\
2023-11-11 08:17:22,666 [INFO] CodeEngine:255 - oldGeneratedFile, D:\231_semester\Microprocessor\lab_4_demo\uart\MXTmpFiles\license.tmp_save
2023-11-11 08:17:22,942 [INFO] CodeEngine:279 - Generated code: D:\231_semester\Microprocessor\lab_4_demo\uart\MXTmpFiles\license.tmp
2023-11-11 08:17:22,971 [INFO] CodeEngine:255 - oldGeneratedFile, D:\231_semester\Microprocessor\lab_4_demo\uart\MXTmpFiles\gpio.tmp_save
2023-11-11 08:17:23,440 [INFO] CodeEngine:279 - Generated code: D:\231_semester\Microprocessor\lab_4_demo\uart\MXTmpFiles\gpio.tmp
2023-11-11 08:17:24,040 [INFO] CodeEngine:255 - oldGeneratedFile, D:\231_semester\Microprocessor\lab_4_demo\uart\Core\Src\stm32f1xx_it.c_save
2023-11-11 08:17:26,090 [INFO] CodeEngine:279 - Generated code: D:\231_semester\Microprocessor\lab_4_demo\uart\Core\Src\stm32f1xx_it.c
2023-11-11 08:17:26,110 [INFO] CodeEngine:255 - oldGeneratedFile, D:\231_semester\Microprocessor\lab_4_demo\uart\Core\Inc\stm32f1xx_it.h_save
2023-11-11 08:17:26,567 [INFO] CodeEngine:279 - Generated code: D:\231_semester\Microprocessor\lab_4_demo\uart\Core\Inc\stm32f1xx_it.h
2023-11-11 08:17:27,368 [INFO] CodeEngine:255 - oldGeneratedFile, D:\231_semester\Microprocessor\lab_4_demo\uart\Core\Src\stm32f1xx_hal_msp.c_save
2023-11-11 08:17:28,377 [INFO] CodeEngine:279 - Generated code: D:\231_semester\Microprocessor\lab_4_demo\uart\Core\Src\stm32f1xx_hal_msp.c
2023-11-11 08:17:28,492 [INFO] CodeEngine:255 - oldGeneratedFile, D:\231_semester\Microprocessor\lab_4_demo\uart\MXTmpFiles\system.tmp_save
2023-11-11 08:17:28,925 [INFO] CodeEngine:279 - Generated code: D:\231_semester\Microprocessor\lab_4_demo\uart\MXTmpFiles\system.tmp
2023-11-11 08:17:29,038 [INFO] CodeEngine:311 - oldGeneratedFile, D:\231_semester\Microprocessor\lab_4_demo\uart\Core\Inc\stm32f1xx_hal_conf.h_save
2023-11-11 08:17:29,624 [INFO] CodeEngine:335 - Generated code: D:\231_semester\Microprocessor\lab_4_demo\uart\Core\Inc\stm32f1xx_hal_conf.h
2023-11-11 08:17:29,709 [WARN] IPConfigManager:3431 - IP not found : TIM
2023-11-11 08:17:29,711 [WARN] CodeGenerator:3754 - IP not found : null
2023-11-11 08:17:29,753 [INFO] CodeEngine:255 - oldGeneratedFile, D:\231_semester\Microprocessor\lab_4_demo\uart\Core\Inc\main.h_save
2023-11-11 08:17:29,928 [INFO] CodeEngine:279 - Generated code: D:\231_semester\Microprocessor\lab_4_demo\uart\Core\Inc\main.h
2023-11-11 08:17:29,949 [INFO] CodeEngine:255 - oldGeneratedFile, D:\231_semester\Microprocessor\lab_4_demo\uart\Core\Src\main.c_save
2023-11-11 08:17:30,199 [INFO] CodeEngine:279 - Generated code: D:\231_semester\Microprocessor\lab_4_demo\uart\Core\Src\main.c
2023-11-11 08:17:32,237 [INFO] ProjectBuilder:2996 - Time for Copy HAL[1] : 285mS.
2023-11-11 08:17:32,244 [INFO] ProjectBuilder:4304 - Project Generator version: 3.19.2
2023-11-11 08:17:33,390 [INFO] ConfigFileManager:1483 - The Die is : DIE412
2023-11-11 08:17:43,949 [INFO] ProjectBuilder:4505 - Time for Generating toolchain IDE Files: 11705mS.
2023-11-11 08:17:43,950 [INFO] ProjectBuilder:2867 - Time for Copy CMSIS : 1mS.
2023-11-11 08:17:43,957 [INFO] ProjectBuilder:2867 - Time for Copy CMSIS : 0mS.
